#
# There is insufficient memory for the Java Runtime Environment to continue.
# Native memory allocation (malloc) failed to allocate 44464 bytes for Chunk::new
# Possible reasons:
#   The system is out of physical RAM or swap space
#   In 32 bit mode, the process size limit was hit
# Possible solutions:
#   Reduce memory load on the system
#   Increase physical memory or swap space
#   Check if swap backing store is full
#   Use 64 bit Java on a 64 bit OS
#   Decrease Java heap size (-Xmx/-Xms)
#   Decrease number of Java threads
#   Decrease Java thread stack sizes (-Xss)
#   Set larger code cache with -XX:ReservedCodeCacheSize=
# This output file may be truncated or incomplete.
#
#  Out of Memory Error (allocation.cpp:390), pid=10696, tid=0x00000000000028d4
#
# JRE version: OpenJDK Runtime Environment (8.0_141-b16) (build 1.8.0_141-2-redhat-b16)
# Java VM: OpenJDK 64-Bit Server VM (25.141-b16 mixed mode windows-amd64 compressed oops)
# Failed to write core dump. 
#

---------------  T H R E A D  ---------------

Current thread (0x0000000017fe2000):  JavaThread "C2 CompilerThread0" daemon [_thread_in_native, id=10452, stack(0x00000000187f0000,0x00000000188f0000)]

Stack: [0x00000000187f0000,0x00000000188f0000]
[error occurred during error reporting (printing stack bounds), id 0xc0000005]

Native frames: (J=compiled Java code, j=interpreted, Vv=VM code, C=native code)


Current CompileTask:
C2:37889519 3492   !   4       java.util.jar.Attributes::read (380 bytes)


---------------  P R O C E S S  ---------------

Java Threads: ( => current thread )
  0x000000001a7fc800 JavaThread "Framework stop" [_thread_new, id=38760, stack(0x0000000000000000,0x0000000000000000)]
  0x0000000018f9e000 JavaThread "pool-1-thread-1" [_thread_in_native, id=15892, stack(0x000000001c0e0000,0x000000001c1e0000)]
  0x00000000190a0800 JavaThread "Java indexing" daemon [_thread_blocked, id=67344, stack(0x000000001bde0000,0x000000001bee0000)]
  0x0000000018dc0000 JavaThread "Worker-1" [_thread_blocked, id=14380, stack(0x000000001bae0000,0x000000001bbe0000)]
  0x0000000018ed9800 JavaThread "Worker-0" [_thread_blocked, id=37176, stack(0x000000001b9e0000,0x000000001bae0000)]
  0x00000000199dd800 JavaThread "Worker-JM" [_thread_blocked, id=17540, stack(0x000000001b4e0000,0x000000001b5e0000)]
  0x0000000018ead800 JavaThread "Start Level: Equinox Container: 42fea142-ca81-4701-bd4e-1fb1b4ae41f5" daemon [_thread_blocked, id=3868, stack(0x000000001b1e0000,0x000000001b2e0000)]
  0x0000000018ead000 JavaThread "Framework Event Dispatcher: org.eclipse.osgi.internal.framework.EquinoxEventPublisher@78b1cc93" daemon [_thread_blocked, id=52388, stack(0x000000001b0e0000,0x000000001b1e0000)]
  0x0000000019935800 JavaThread "Active Thread: Equinox Container: 42fea142-ca81-4701-bd4e-1fb1b4ae41f5" [_thread_blocked, id=63128, stack(0x000000001a010000,0x000000001a110000)]
  0x0000000017fe8000 JavaThread "Service Thread" daemon [_thread_blocked, id=27496, stack(0x00000000189f0000,0x0000000018af0000)]
  0x0000000017fe4800 JavaThread "C1 CompilerThread1" daemon [_thread_blocked, id=56044, stack(0x00000000188f0000,0x00000000189f0000)]
=>0x0000000017fe2000 JavaThread "C2 CompilerThread0" daemon [_thread_in_native, id=10452, stack(0x00000000187f0000,0x00000000188f0000)]
  0x0000000017fd6000 JavaThread "Attach Listener" daemon [_thread_blocked, id=37664, stack(0x00000000186f0000,0x00000000187f0000)]
  0x0000000017fd4800 JavaThread "Signal Dispatcher" daemon [_thread_blocked, id=60364, stack(0x00000000185f0000,0x00000000186f0000)]
  0x0000000017fd3800 JavaThread "Surrogate Locker Thread (Concurrent GC)" daemon [_thread_blocked, id=25936, stack(0x00000000184f0000,0x00000000185f0000)]
  0x0000000017f73800 JavaThread "Finalizer" daemon [_thread_blocked, id=24072, stack(0x00000000183f0000,0x00000000184f0000)]
  0x0000000017f6e000 JavaThread "Reference Handler" daemon [_thread_blocked, id=7876, stack(0x00000000182f0000,0x00000000183f0000)]
  0x000000000312d800 JavaThread "main" [_thread_blocked, id=50604, stack(0x0000000002f30000,0x0000000003030000)]

Other Threads:
  0x0000000017f40800 VMThread [stack: 0x0000000018010000,0x0000000018110000] [id=20644]
  0x0000000017fea800 WatcherThread [stack: 0x0000000018af0000,0x0000000018bf0000] [id=53444]

VM state:not at safepoint (normal execution)

VM Mutex/Monitor currently owned by a thread: None

Heap:
 garbage-first heap   total 243712K, used 177664K [0x00000000c0000000, 0x00000000c0100770, 0x0000000100000000)
  region size 1024K, 94 young (96256K), 6 survivors (6144K)
 Metaspace       used 36469K, capacity 38242K, committed 38528K, reserved 1083392K
  class space    used 3754K, capacity 4422K, committed 4480K, reserved 1048576K

Heap Regions: (Y=young(eden), SU=young(survivor), HS=humongous(starts), HC=humongous(continues), CS=collection set, F=free, TS=gc time stamp, PTAMS=previous top-at-mark-start, NTAMS=next top-at-mark-start)
AC   0  O    TS     0 PTAMS 0x00000000c0100000 NTAMS 0x00000000c0100000 space 1024K, 100% used [0x00000000c0000000, 0x00000000c0100000)
AC   0  O    TS     1 PTAMS 0x00000000c0100000 NTAMS 0x00000000c0100000 space 1024K, 100% used [0x00000000c0100000, 0x00000000c0200000)
AC   0  O    TS     1 PTAMS 0x00000000c0200000 NTAMS 0x00000000c0200000 space 1024K, 100% used [0x00000000c0200000, 0x00000000c0300000)
AC   0  O    TS     1 PTAMS 0x00000000c0300000 NTAMS 0x00000000c0300000 space 1024K, 100% used [0x00000000c0300000, 0x00000000c0400000)
AC   0  O    TS     1 PTAMS 0x00000000c0400000 NTAMS 0x00000000c0400000 space 1024K, 100% used [0x00000000c0400000, 0x00000000c0500000)
AC   0  O    TS     1 PTAMS 0x00000000c0500000 NTAMS 0x00000000c0500000 space 1024K, 100% used [0x00000000c0500000, 0x00000000c0600000)
AC   0  O    TS     0 PTAMS 0x00000000c0700000 NTAMS 0x00000000c0700000 space 1024K, 100% used [0x00000000c0600000, 0x00000000c0700000)
AC   0  O    TS     0 PTAMS 0x00000000c0800000 NTAMS 0x00000000c0800000 space 1024K, 100% used [0x00000000c0700000, 0x00000000c0800000)
AC   0  O    TS     0 PTAMS 0x00000000c0900000 NTAMS 0x00000000c0900000 space 1024K, 100% used [0x00000000c0800000, 0x00000000c0900000)
AC   0  O    TS     0 PTAMS 0x00000000c0a00000 NTAMS 0x00000000c0a00000 space 1024K, 100% used [0x00000000c0900000, 0x00000000c0a00000)
AC   0  O    TS     0 PTAMS 0x00000000c0b00000 NTAMS 0x00000000c0b00000 space 1024K, 100% used [0x00000000c0a00000, 0x00000000c0b00000)
AC   0  O    TS     0 PTAMS 0x00000000c0c00000 NTAMS 0x00000000c0c00000 space 1024K, 100% used [0x00000000c0b00000, 0x00000000c0c00000)
AC   0  O    TS     1 PTAMS 0x00000000c0c00000 NTAMS 0x00000000c0c00000 space 1024K, 100% used [0x00000000c0c00000, 0x00000000c0d00000)
AC   0  O    TS     1 PTAMS 0x00000000c0d00000 NTAMS 0x00000000c0d00000 space 1024K, 100% used [0x00000000c0d00000, 0x00000000c0e00000)
AC   0  O    TS     1 PTAMS 0x00000000c0e00000 NTAMS 0x00000000c0e00000 space 1024K, 100% used [0x00000000c0e00000, 0x00000000c0f00000)
AC   0  O    TS     1 PTAMS 0x00000000c0f00000 NTAMS 0x00000000c0f00000 space 1024K, 100% used [0x00000000c0f00000, 0x00000000c1000000)
AC   0  O    TS     0 PTAMS 0x00000000c1100000 NTAMS 0x00000000c1100000 space 1024K, 100% used [0x00000000c1000000, 0x00000000c1100000)
AC   0  O    TS     0 PTAMS 0x00000000c1200000 NTAMS 0x00000000c1200000 space 1024K, 100% used [0x00000000c1100000, 0x00000000c1200000)
AC   0  O    TS     0 PTAMS 0x00000000c1300000 NTAMS 0x00000000c1300000 space 1024K, 100% used [0x00000000c1200000, 0x00000000c1300000)
AC   0  O    TS     0 PTAMS 0x00000000c1400000 NTAMS 0x00000000c1400000 space 1024K, 100% used [0x00000000c1300000, 0x00000000c1400000)
AC   0  O    TS     1 PTAMS 0x00000000c1400000 NTAMS 0x00000000c1400000 space 1024K, 100% used [0x00000000c1400000, 0x00000000c1500000)
AC   0  O    TS     1 PTAMS 0x00000000c1500000 NTAMS 0x00000000c1500000 space 1024K, 100% used [0x00000000c1500000, 0x00000000c1600000)
AC   0  O    TS     1 PTAMS 0x00000000c1600000 NTAMS 0x00000000c1600000 space 1024K, 100% used [0x00000000c1600000, 0x00000000c1700000)
AC   0  O    TS     1 PTAMS 0x00000000c1700000 NTAMS 0x00000000c1700000 space 1024K, 100% used [0x00000000c1700000, 0x00000000c1800000)
AC   0  O    TS     1 PTAMS 0x00000000c1800000 NTAMS 0x00000000c1800000 space 1024K, 100% used [0x00000000c1800000, 0x00000000c1900000)
AC   0  O    TS     1 PTAMS 0x00000000c1900000 NTAMS 0x00000000c1900000 space 1024K, 100% used [0x00000000c1900000, 0x00000000c1a00000)
AC   0  O    TS     1 PTAMS 0x00000000c1a00000 NTAMS 0x00000000c1a00000 space 1024K, 100% used [0x00000000c1a00000, 0x00000000c1b00000)
AC   0  O    TS     1 PTAMS 0x00000000c1b00000 NTAMS 0x00000000c1b00000 space 1024K, 100% used [0x00000000c1b00000, 0x00000000c1c00000)
AC   0  O    TS     1 PTAMS 0x00000000c1c00000 NTAMS 0x00000000c1c00000 space 1024K, 100% used [0x00000000c1c00000, 0x00000000c1d00000)
AC   0  O    TS     1 PTAMS 0x00000000c1d00000 NTAMS 0x00000000c1d00000 space 1024K, 100% used [0x00000000c1d00000, 0x00000000c1e00000)
AC   0  O    TS     1 PTAMS 0x00000000c1e00000 NTAMS 0x00000000c1e00000 space 1024K, 100% used [0x00000000c1e00000, 0x00000000c1f00000)
AC   0  O    TS     0 PTAMS 0x00000000c2000000 NTAMS 0x00000000c2000000 space 1024K, 100% used [0x00000000c1f00000, 0x00000000c2000000)
AC   0  O    TS     0 PTAMS 0x00000000c2100000 NTAMS 0x00000000c2100000 space 1024K, 100% used [0x00000000c2000000, 0x00000000c2100000)
AC   0  O    TS     0 PTAMS 0x00000000c2200000 NTAMS 0x00000000c2200000 space 1024K, 100% used [0x00000000c2100000, 0x00000000c2200000)
AC   0  O    TS     0 PTAMS 0x00000000c2300000 NTAMS 0x00000000c2300000 space 1024K, 100% used [0x00000000c2200000, 0x00000000c2300000)
AC   0  O    TS     1 PTAMS 0x00000000c2300000 NTAMS 0x00000000c2300000 space 1024K, 100% used [0x00000000c2300000, 0x00000000c2400000)
AC   0  O    TS     1 PTAMS 0x00000000c2400000 NTAMS 0x00000000c2400000 space 1024K, 100% used [0x00000000c2400000, 0x00000000c2500000)
AC   0  O    TS     1 PTAMS 0x00000000c2500000 NTAMS 0x00000000c2500000 space 1024K, 100% used [0x00000000c2500000, 0x00000000c2600000)
AC   0  O    TS     1 PTAMS 0x00000000c2600000 NTAMS 0x00000000c2600000 space 1024K,  50% used [0x00000000c2600000, 0x00000000c2700000)
AC   0  F    TS     0 PTAMS 0x00000000c2700000 NTAMS 0x00000000c2700000 space 1024K,   0% used [0x00000000c2700000, 0x00000000c2800000)
AC   0  F    TS     0 PTAMS 0x00000000c2800000 NTAMS 0x00000000c2800000 space 1024K,   0% used [0x00000000c2800000, 0x00000000c2900000)
AC   0  F    TS     0 PTAMS 0x00000000c2900000 NTAMS 0x00000000c2900000 space 1024K,   0% used [0x00000000c2900000, 0x00000000c2a00000)
AC   0  F    TS     0 PTAMS 0x00000000c2a00000 NTAMS 0x00000000c2a00000 space 1024K,   0% used [0x00000000c2a00000, 0x00000000c2b00000)
AC   0  F    TS     0 PTAMS 0x00000000c2b00000 NTAMS 0x00000000c2b00000 space 1024K,   0% used [0x00000000c2b00000, 0x00000000c2c00000)
AC   0  F    TS     0 PTAMS 0x00000000c2c00000 NTAMS 0x00000000c2c00000 space 1024K,   0% used [0x00000000c2c00000, 0x00000000c2d00000)
AC   0  F    TS     0 PTAMS 0x00000000c2d00000 NTAMS 0x00000000c2d00000 space 1024K,   0% used [0x00000000c2d00000, 0x00000000c2e00000)
AC   0  F    TS     0 PTAMS 0x00000000c2e00000 NTAMS 0x00000000c2e00000 space 1024K,   0% used [0x00000000c2e00000, 0x00000000c2f00000)
AC   0  F    TS     0 PTAMS 0x00000000c2f00000 NTAMS 0x00000000c2f00000 space 1024K,   0% used [0x00000000c2f00000, 0x00000000c3000000)
AC   0  F    TS     0 PTAMS 0x00000000c3000000 NTAMS 0x00000000c3000000 space 1024K,   0% used [0x00000000c3000000, 0x00000000c3100000)
AC   0  F    TS     0 PTAMS 0x00000000c3100000 NTAMS 0x00000000c3100000 space 1024K,   0% used [0x00000000c3100000, 0x00000000c3200000)
AC   0  F    TS     0 PTAMS 0x00000000c3200000 NTAMS 0x00000000c3200000 space 1024K,   0% used [0x00000000c3200000, 0x00000000c3300000)
AC   0  O    TS     0 PTAMS 0x00000000c3400000 NTAMS 0x00000000c3400000 space 1024K, 100% used [0x00000000c3300000, 0x00000000c3400000)
AC   0  O    TS     0 PTAMS 0x00000000c3500000 NTAMS 0x00000000c3500000 space 1024K, 100% used [0x00000000c3400000, 0x00000000c3500000)
AC   0  O    TS     0 PTAMS 0x00000000c3600000 NTAMS 0x00000000c3600000 space 1024K, 100% used [0x00000000c3500000, 0x00000000c3600000)
AC   0  O    TS     0 PTAMS 0x00000000c3700000 NTAMS 0x00000000c3700000 space 1024K, 100% used [0x00000000c3600000, 0x00000000c3700000)
AC   0  O    TS     0 PTAMS 0x00000000c3800000 NTAMS 0x00000000c3800000 space 1024K, 100% used [0x00000000c3700000, 0x00000000c3800000)
AC   0  O    TS     0 PTAMS 0x00000000c3900000 NTAMS 0x00000000c3900000 space 1024K, 100% used [0x00000000c3800000, 0x00000000c3900000)
AC   0  O    TS     0 PTAMS 0x00000000c3a00000 NTAMS 0x00000000c3a00000 space 1024K, 100% used [0x00000000c3900000, 0x00000000c3a00000)
AC   0  F    TS     0 PTAMS 0x00000000c3a00000 NTAMS 0x00000000c3a00000 space 1024K,   0% used [0x00000000c3a00000, 0x00000000c3b00000)
AC   0  F    TS     0 PTAMS 0x00000000c3b00000 NTAMS 0x00000000c3b00000 space 1024K,   0% used [0x00000000c3b00000, 0x00000000c3c00000)
AC   0  F    TS     0 PTAMS 0x00000000c3c00000 NTAMS 0x00000000c3c00000 space 1024K,   0% used [0x00000000c3c00000, 0x00000000c3d00000)
AC   0  F    TS     0 PTAMS 0x00000000c3d00000 NTAMS 0x00000000c3d00000 space 1024K,   0% used [0x00000000c3d00000, 0x00000000c3e00000)
AC   0  F    TS     0 PTAMS 0x00000000c3e00000 NTAMS 0x00000000c3e00000 space 1024K,   0% used [0x00000000c3e00000, 0x00000000c3f00000)
AC   0  F    TS     0 PTAMS 0x00000000c3f00000 NTAMS 0x00000000c3f00000 space 1024K,   0% used [0x00000000c3f00000, 0x00000000c4000000)
AC   0  F    TS     0 PTAMS 0x00000000c4000000 NTAMS 0x00000000c4000000 space 1024K,   0% used [0x00000000c4000000, 0x00000000c4100000)
AC   0  F    TS     0 PTAMS 0x00000000c4100000 NTAMS 0x00000000c4100000 space 1024K,   0% used [0x00000000c4100000, 0x00000000c4200000)
AC   0  F    TS     0 PTAMS 0x00000000c4200000 NTAMS 0x00000000c4200000 space 1024K,   0% used [0x00000000c4200000, 0x00000000c4300000)
AC   0  F    TS     0 PTAMS 0x00000000c4300000 NTAMS 0x00000000c4300000 space 1024K,   0% used [0x00000000c4300000, 0x00000000c4400000)
AC   0  F    TS     0 PTAMS 0x00000000c4400000 NTAMS 0x00000000c4400000 space 1024K,   0% used [0x00000000c4400000, 0x00000000c4500000)
AC   0  F    TS     0 PTAMS 0x00000000c4500000 NTAMS 0x00000000c4500000 space 1024K,   0% used [0x00000000c4500000, 0x00000000c4600000)
AC   0  F    TS     0 PTAMS 0x00000000c4600000 NTAMS 0x00000000c4600000 space 1024K,   0% used [0x00000000c4600000, 0x00000000c4700000)
AC   0  F    TS     0 PTAMS 0x00000000c4700000 NTAMS 0x00000000c4700000 space 1024K,   0% used [0x00000000c4700000, 0x00000000c4800000)
AC   0  F    TS     0 PTAMS 0x00000000c4800000 NTAMS 0x00000000c4800000 space 1024K,   0% used [0x00000000c4800000, 0x00000000c4900000)
AC   0  F    TS     0 PTAMS 0x00000000c4900000 NTAMS 0x00000000c4900000 space 1024K,   0% used [0x00000000c4900000, 0x00000000c4a00000)
AC   0  F    TS     0 PTAMS 0x00000000c4a00000 NTAMS 0x00000000c4a00000 space 1024K,   0% used [0x00000000c4a00000, 0x00000000c4b00000)
AC   0  O    TS     0 PTAMS 0x00000000c4c00000 NTAMS 0x00000000c4c00000 space 1024K, 100% used [0x00000000c4b00000, 0x00000000c4c00000)
AC   0  O    TS     0 PTAMS 0x00000000c4d00000 NTAMS 0x00000000c4d00000 space 1024K, 100% used [0x00000000c4c00000, 0x00000000c4d00000)
AC   0  O    TS     0 PTAMS 0x00000000c4e00000 NTAMS 0x00000000c4e00000 space 1024K, 100% used [0x00000000c4d00000, 0x00000000c4e00000)
AC   0  O    TS     0 PTAMS 0x00000000c4f00000 NTAMS 0x00000000c4f00000 space 1024K, 100% used [0x00000000c4e00000, 0x00000000c4f00000)
AC   0  O    TS     0 PTAMS 0x00000000c5000000 NTAMS 0x00000000c5000000 space 1024K, 100% used [0x00000000c4f00000, 0x00000000c5000000)
AC   0  O    TS     0 PTAMS 0x00000000c5100000 NTAMS 0x00000000c5100000 space 1024K, 100% used [0x00000000c5000000, 0x00000000c5100000)
AC   0  O    TS     0 PTAMS 0x00000000c5200000 NTAMS 0x00000000c5200000 space 1024K, 100% used [0x00000000c5100000, 0x00000000c5200000)
AC   0  O    TS     0 PTAMS 0x00000000c5300000 NTAMS 0x00000000c5300000 space 1024K, 100% used [0x00000000c5200000, 0x00000000c5300000)
AC   0  O    TS     0 PTAMS 0x00000000c5400000 NTAMS 0x00000000c5400000 space 1024K, 100% used [0x00000000c5300000, 0x00000000c5400000)
AC   0  O    TS     0 PTAMS 0x00000000c5500000 NTAMS 0x00000000c5500000 space 1024K, 100% used [0x00000000c5400000, 0x00000000c5500000)
AC   0  O    TS     0 PTAMS 0x00000000c5600000 NTAMS 0x00000000c5600000 space 1024K, 100% used [0x00000000c5500000, 0x00000000c5600000)
AC   0  O    TS     0 PTAMS 0x00000000c5700000 NTAMS 0x00000000c5700000 space 1024K, 100% used [0x00000000c5600000, 0x00000000c5700000)
AC   0  O    TS     0 PTAMS 0x00000000c5800000 NTAMS 0x00000000c5800000 space 1024K, 100% used [0x00000000c5700000, 0x00000000c5800000)
AC   0  O    TS     0 PTAMS 0x00000000c5900000 NTAMS 0x00000000c5900000 space 1024K, 100% used [0x00000000c5800000, 0x00000000c5900000)
AC   0  O    TS     0 PTAMS 0x00000000c5a00000 NTAMS 0x00000000c5a00000 space 1024K, 100% used [0x00000000c5900000, 0x00000000c5a00000)
AC   0  O    TS     0 PTAMS 0x00000000c5b00000 NTAMS 0x00000000c5b00000 space 1024K, 100% used [0x00000000c5a00000, 0x00000000c5b00000)
AC   0  O    TS     0 PTAMS 0x00000000c5c00000 NTAMS 0x00000000c5c00000 space 1024K, 100% used [0x00000000c5b00000, 0x00000000c5c00000)
AC   0  O    TS     0 PTAMS 0x00000000c5d00000 NTAMS 0x00000000c5d00000 space 1024K, 100% used [0x00000000c5c00000, 0x00000000c5d00000)
AC   0  O    TS     0 PTAMS 0x00000000c5e00000 NTAMS 0x00000000c5e00000 space 1024K, 100% used [0x00000000c5d00000, 0x00000000c5e00000)
AC   0  F    TS     0 PTAMS 0x00000000c5e00000 NTAMS 0x00000000c5e00000 space 1024K,   0% used [0x00000000c5e00000, 0x00000000c5f00000)
AC   0  F    TS     0 PTAMS 0x00000000c5f00000 NTAMS 0x00000000c5f00000 space 1024K,   0% used [0x00000000c5f00000, 0x00000000c6000000)
AC   0  F    TS     0 PTAMS 0x00000000c6000000 NTAMS 0x00000000c6000000 space 1024K,   0% used [0x00000000c6000000, 0x00000000c6100000)
AC   0  F    TS     0 PTAMS 0x00000000c6100000 NTAMS 0x00000000c6100000 space 1024K,   0% used [0x00000000c6100000, 0x00000000c6200000)
AC   0  F    TS     0 PTAMS 0x00000000c6200000 NTAMS 0x00000000c6200000 space 1024K,   0% used [0x00000000c6200000, 0x00000000c6300000)
AC   0  F    TS     0 PTAMS 0x00000000c6300000 NTAMS 0x00000000c6300000 space 1024K,   0% used [0x00000000c6300000, 0x00000000c6400000)
AC   0  F    TS     0 PTAMS 0x00000000c6400000 NTAMS 0x00000000c6400000 space 1024K,   0% used [0x00000000c6400000, 0x00000000c6500000)
AC   0  F    TS     0 PTAMS 0x00000000c6500000 NTAMS 0x00000000c6500000 space 1024K,   0% used [0x00000000c6500000, 0x00000000c6600000)
AC   0  F    TS     0 PTAMS 0x00000000c6600000 NTAMS 0x00000000c6600000 space 1024K,   0% used [0x00000000c6600000, 0x00000000c6700000)
AC   0  F    TS     0 PTAMS 0x00000000c6700000 NTAMS 0x00000000c6700000 space 1024K,   0% used [0x00000000c6700000, 0x00000000c6800000)
AC   0  F    TS     0 PTAMS 0x00000000c6800000 NTAMS 0x00000000c6800000 space 1024K,   0% used [0x00000000c6800000, 0x00000000c6900000)
AC   0  F    TS     0 PTAMS 0x00000000c6900000 NTAMS 0x00000000c6900000 space 1024K,   0% used [0x00000000c6900000, 0x00000000c6a00000)
AC   0  F    TS     0 PTAMS 0x00000000c6a00000 NTAMS 0x00000000c6a00000 space 1024K,   0% used [0x00000000c6a00000, 0x00000000c6b00000)
AC   0  F    TS     0 PTAMS 0x00000000c6b00000 NTAMS 0x00000000c6b00000 space 1024K,   0% used [0x00000000c6b00000, 0x00000000c6c00000)
AC   0  F    TS     0 PTAMS 0x00000000c6c00000 NTAMS 0x00000000c6c00000 space 1024K,   0% used [0x00000000c6c00000, 0x00000000c6d00000)
AC   0  F    TS     0 PTAMS 0x00000000c6d00000 NTAMS 0x00000000c6d00000 space 1024K,   0% used [0x00000000c6d00000, 0x00000000c6e00000)
AC   0  F    TS     0 PTAMS 0x00000000c6e00000 NTAMS 0x00000000c6e00000 space 1024K,   0% used [0x00000000c6e00000, 0x00000000c6f00000)
AC   0  F    TS     0 PTAMS 0x00000000c6f00000 NTAMS 0x00000000c6f00000 space 1024K,   0% used [0x00000000c6f00000, 0x00000000c7000000)
AC   0  F    TS     0 PTAMS 0x00000000c7000000 NTAMS 0x00000000c7000000 space 1024K,   0% used [0x00000000c7000000, 0x00000000c7100000)
AC   0  F    TS     0 PTAMS 0x00000000c7100000 NTAMS 0x00000000c7100000 space 1024K,   0% used [0x00000000c7100000, 0x00000000c7200000)
AC   0  F    TS     0 PTAMS 0x00000000c7200000 NTAMS 0x00000000c7200000 space 1024K,   0% used [0x00000000c7200000, 0x00000000c7300000)
AC   0  F    TS     0 PTAMS 0x00000000c7300000 NTAMS 0x00000000c7300000 space 1024K,   0% used [0x00000000c7300000, 0x00000000c7400000)
AC   0  F    TS     0 PTAMS 0x00000000c7400000 NTAMS 0x00000000c7400000 space 1024K,   0% used [0x00000000c7400000, 0x00000000c7500000)
AC   0  F    TS     0 PTAMS 0x00000000c7500000 NTAMS 0x00000000c7500000 space 1024K,   0% used [0x00000000c7500000, 0x00000000c7600000)
AC   0  F    TS     0 PTAMS 0x00000000c7600000 NTAMS 0x00000000c7600000 space 1024K,   0% used [0x00000000c7600000, 0x00000000c7700000)
AC   0  F    TS     0 PTAMS 0x00000000c7700000 NTAMS 0x00000000c7700000 space 1024K,   0% used [0x00000000c7700000, 0x00000000c7800000)
AC   0  F    TS     0 PTAMS 0x00000000c7800000 NTAMS 0x00000000c7800000 space 1024K,   0% used [0x00000000c7800000, 0x00000000c7900000)
AC   0  F    TS     0 PTAMS 0x00000000c7900000 NTAMS 0x00000000c7900000 space 1024K,   0% used [0x00000000c7900000, 0x00000000c7a00000)
AC   0  F    TS     0 PTAMS 0x00000000c7a00000 NTAMS 0x00000000c7a00000 space 1024K,   0% used [0x00000000c7a00000, 0x00000000c7b00000)
AC   0  F    TS     0 PTAMS 0x00000000c7b00000 NTAMS 0x00000000c7b00000 space 1024K,   0% used [0x00000000c7b00000, 0x00000000c7c00000)
AC   0  F    TS     0 PTAMS 0x00000000c7c00000 NTAMS 0x00000000c7c00000 space 1024K,   0% used [0x00000000c7c00000, 0x00000000c7d00000)
AC   0  F    TS     0 PTAMS 0x00000000c7d00000 NTAMS 0x00000000c7d00000 space 1024K,   0% used [0x00000000c7d00000, 0x00000000c7e00000)
AC   0  F    TS     0 PTAMS 0x00000000c7e00000 NTAMS 0x00000000c7e00000 space 1024K,   0% used [0x00000000c7e00000, 0x00000000c7f00000)
AC   0  F    TS     0 PTAMS 0x00000000c7f00000 NTAMS 0x00000000c7f00000 space 1024K,   0% used [0x00000000c7f00000, 0x00000000c8000000)
AC   0  E    TS     0 PTAMS 0x00000000c8000000 NTAMS 0x00000000c8000000 space 1024K, 100% used [0x00000000c8000000, 0x00000000c8100000)
AC   0  E CS TS     0 PTAMS 0x00000000c8100000 NTAMS 0x00000000c8100000 space 1024K, 100% used [0x00000000c8100000, 0x00000000c8200000)
AC   0  E CS TS     0 PTAMS 0x00000000c8200000 NTAMS 0x00000000c8200000 space 1024K, 100% used [0x00000000c8200000, 0x00000000c8300000)
AC   0  E CS TS     0 PTAMS 0x00000000c8300000 NTAMS 0x00000000c8300000 space 1024K, 100% used [0x00000000c8300000, 0x00000000c8400000)
AC   0  E CS TS     0 PTAMS 0x00000000c8400000 NTAMS 0x00000000c8400000 space 1024K, 100% used [0x00000000c8400000, 0x00000000c8500000)
AC   0  E CS TS     0 PTAMS 0x00000000c8500000 NTAMS 0x00000000c8500000 space 1024K, 100% used [0x00000000c8500000, 0x00000000c8600000)
AC   0  E CS TS     0 PTAMS 0x00000000c8600000 NTAMS 0x00000000c8600000 space 1024K, 100% used [0x00000000c8600000, 0x00000000c8700000)
AC   0  E CS TS     0 PTAMS 0x00000000c8700000 NTAMS 0x00000000c8700000 space 1024K, 100% used [0x00000000c8700000, 0x00000000c8800000)
AC   0  E CS TS     0 PTAMS 0x00000000c8800000 NTAMS 0x00000000c8800000 space 1024K, 100% used [0x00000000c8800000, 0x00000000c8900000)
AC   0  E CS TS     0 PTAMS 0x00000000c8900000 NTAMS 0x00000000c8900000 space 1024K, 100% used [0x00000000c8900000, 0x00000000c8a00000)
AC   0  E CS TS     0 PTAMS 0x00000000c8a00000 NTAMS 0x00000000c8a00000 space 1024K, 100% used [0x00000000c8a00000, 0x00000000c8b00000)
AC   0  E CS TS     0 PTAMS 0x00000000c8b00000 NTAMS 0x00000000c8b00000 space 1024K, 100% used [0x00000000c8b00000, 0x00000000c8c00000)
AC   0  E CS TS     0 PTAMS 0x00000000c8c00000 NTAMS 0x00000000c8c00000 space 1024K, 100% used [0x00000000c8c00000, 0x00000000c8d00000)
AC   0  E CS TS     0 PTAMS 0x00000000c8d00000 NTAMS 0x00000000c8d00000 space 1024K, 100% used [0x00000000c8d00000, 0x00000000c8e00000)
AC   0  E CS TS     0 PTAMS 0x00000000c8e00000 NTAMS 0x00000000c8e00000 space 1024K, 100% used [0x00000000c8e00000, 0x00000000c8f00000)
AC   0  E CS TS     0 PTAMS 0x00000000c8f00000 NTAMS 0x00000000c8f00000 space 1024K, 100% used [0x00000000c8f00000, 0x00000000c9000000)
AC   0  E CS TS     0 PTAMS 0x00000000c9000000 NTAMS 0x00000000c9000000 space 1024K, 100% used [0x00000000c9000000, 0x00000000c9100000)
AC   0  E CS TS     0 PTAMS 0x00000000c9100000 NTAMS 0x00000000c9100000 space 1024K, 100% used [0x00000000c9100000, 0x00000000c9200000)
AC   0  E CS TS     0 PTAMS 0x00000000c9200000 NTAMS 0x00000000c9200000 space 1024K, 100% used [0x00000000c9200000, 0x00000000c9300000)
AC   0  E CS TS     0 PTAMS 0x00000000c9300000 NTAMS 0x00000000c9300000 space 1024K, 100% used [0x00000000c9300000, 0x00000000c9400000)
AC   0  E CS TS     0 PTAMS 0x00000000c9400000 NTAMS 0x00000000c9400000 space 1024K, 100% used [0x00000000c9400000, 0x00000000c9500000)
AC   0  E CS TS     0 PTAMS 0x00000000c9500000 NTAMS 0x00000000c9500000 space 1024K, 100% used [0x00000000c9500000, 0x00000000c9600000)
AC   0  E CS TS     0 PTAMS 0x00000000c9600000 NTAMS 0x00000000c9600000 space 1024K, 100% used [0x00000000c9600000, 0x00000000c9700000)
AC   0  E CS TS     0 PTAMS 0x00000000c9700000 NTAMS 0x00000000c9700000 space 1024K, 100% used [0x00000000c9700000, 0x00000000c9800000)
AC   0  E CS TS     0 PTAMS 0x00000000c9800000 NTAMS 0x00000000c9800000 space 1024K, 100% used [0x00000000c9800000, 0x00000000c9900000)
AC   0  E CS TS     0 PTAMS 0x00000000c9900000 NTAMS 0x00000000c9900000 space 1024K, 100% used [0x00000000c9900000, 0x00000000c9a00000)
AC   0  E CS TS     0 PTAMS 0x00000000c9a00000 NTAMS 0x00000000c9a00000 space 1024K, 100% used [0x00000000c9a00000, 0x00000000c9b00000)
AC   0  E CS TS     0 PTAMS 0x00000000c9b00000 NTAMS 0x00000000c9b00000 space 1024K, 100% used [0x00000000c9b00000, 0x00000000c9c00000)
AC   0  E CS TS     0 PTAMS 0x00000000c9c00000 NTAMS 0x00000000c9c00000 space 1024K, 100% used [0x00000000c9c00000, 0x00000000c9d00000)
AC   0  E CS TS     0 PTAMS 0x00000000c9d00000 NTAMS 0x00000000c9d00000 space 1024K, 100% used [0x00000000c9d00000, 0x00000000c9e00000)
AC   0  E CS TS     0 PTAMS 0x00000000c9e00000 NTAMS 0x00000000c9e00000 space 1024K, 100% used [0x00000000c9e00000, 0x00000000c9f00000)
AC   0  E CS TS     0 PTAMS 0x00000000c9f00000 NTAMS 0x00000000c9f00000 space 1024K, 100% used [0x00000000c9f00000, 0x00000000ca000000)
AC   0  E CS TS     0 PTAMS 0x00000000ca000000 NTAMS 0x00000000ca000000 space 1024K, 100% used [0x00000000ca000000, 0x00000000ca100000)
AC   0  E CS TS     0 PTAMS 0x00000000ca100000 NTAMS 0x00000000ca100000 space 1024K, 100% used [0x00000000ca100000, 0x00000000ca200000)
AC   0  E CS TS     0 PTAMS 0x00000000ca200000 NTAMS 0x00000000ca200000 space 1024K, 100% used [0x00000000ca200000, 0x00000000ca300000)
AC   0  E CS TS     0 PTAMS 0x00000000ca300000 NTAMS 0x00000000ca300000 space 1024K, 100% used [0x00000000ca300000, 0x00000000ca400000)
AC   0  E CS TS     0 PTAMS 0x00000000ca400000 NTAMS 0x00000000ca400000 space 1024K, 100% used [0x00000000ca400000, 0x00000000ca500000)
AC   0  E CS TS     0 PTAMS 0x00000000ca500000 NTAMS 0x00000000ca500000 space 1024K, 100% used [0x00000000ca500000, 0x00000000ca600000)
AC   0  E CS TS     0 PTAMS 0x00000000ca600000 NTAMS 0x00000000ca600000 space 1024K, 100% used [0x00000000ca600000, 0x00000000ca700000)
AC   0  E CS TS     0 PTAMS 0x00000000ca700000 NTAMS 0x00000000ca700000 space 1024K, 100% used [0x00000000ca700000, 0x00000000ca800000)
AC   0  E CS TS     0 PTAMS 0x00000000ca800000 NTAMS 0x00000000ca800000 space 1024K, 100% used [0x00000000ca800000, 0x00000000ca900000)
AC   0  E CS TS     0 PTAMS 0x00000000ca900000 NTAMS 0x00000000ca900000 space 1024K, 100% used [0x00000000ca900000, 0x00000000caa00000)
AC   0  E CS TS     0 PTAMS 0x00000000caa00000 NTAMS 0x00000000caa00000 space 1024K, 100% used [0x00000000caa00000, 0x00000000cab00000)
AC   0  E CS TS     0 PTAMS 0x00000000cab00000 NTAMS 0x00000000cab00000 space 1024K, 100% used [0x00000000cab00000, 0x00000000cac00000)
AC   0  E CS TS     0 PTAMS 0x00000000cac00000 NTAMS 0x00000000cac00000 space 1024K, 100% used [0x00000000cac00000, 0x00000000cad00000)
AC   0  E CS TS     0 PTAMS 0x00000000cad00000 NTAMS 0x00000000cad00000 space 1024K, 100% used [0x00000000cad00000, 0x00000000cae00000)
AC   0  E CS TS     0 PTAMS 0x00000000cae00000 NTAMS 0x00000000cae00000 space 1024K, 100% used [0x00000000cae00000, 0x00000000caf00000)
AC   0  E CS TS     0 PTAMS 0x00000000caf00000 NTAMS 0x00000000caf00000 space 1024K, 100% used [0x00000000caf00000, 0x00000000cb000000)
AC   0  E CS TS     0 PTAMS 0x00000000cb000000 NTAMS 0x00000000cb000000 space 1024K, 100% used [0x00000000cb000000, 0x00000000cb100000)
AC   0  E CS TS     0 PTAMS 0x00000000cb100000 NTAMS 0x00000000cb100000 space 1024K, 100% used [0x00000000cb100000, 0x00000000cb200000)
AC   0  E CS TS     0 PTAMS 0x00000000cb200000 NTAMS 0x00000000cb200000 space 1024K, 100% used [0x00000000cb200000, 0x00000000cb300000)
AC   0  E CS TS     0 PTAMS 0x00000000cb300000 NTAMS 0x00000000cb300000 space 1024K, 100% used [0x00000000cb300000, 0x00000000cb400000)
AC   0  E CS TS     0 PTAMS 0x00000000cb400000 NTAMS 0x00000000cb400000 space 1024K, 100% used [0x00000000cb400000, 0x00000000cb500000)
AC   0  E CS TS     0 PTAMS 0x00000000cb500000 NTAMS 0x00000000cb500000 space 1024K, 100% used [0x00000000cb500000, 0x00000000cb600000)
AC   0  E CS TS     0 PTAMS 0x00000000cb600000 NTAMS 0x00000000cb600000 space 1024K, 100% used [0x00000000cb600000, 0x00000000cb700000)
AC   0  E CS TS     0 PTAMS 0x00000000cb700000 NTAMS 0x00000000cb700000 space 1024K, 100% used [0x00000000cb700000, 0x00000000cb800000)
AC   0  E CS TS     0 PTAMS 0x00000000cb800000 NTAMS 0x00000000cb800000 space 1024K, 100% used [0x00000000cb800000, 0x00000000cb900000)
AC   0  E CS TS     0 PTAMS 0x00000000cb900000 NTAMS 0x00000000cb900000 space 1024K, 100% used [0x00000000cb900000, 0x00000000cba00000)
AC   0  E CS TS     0 PTAMS 0x00000000cba00000 NTAMS 0x00000000cba00000 space 1024K, 100% used [0x00000000cba00000, 0x00000000cbb00000)
AC   0  E CS TS     0 PTAMS 0x00000000cbb00000 NTAMS 0x00000000cbb00000 space 1024K, 100% used [0x00000000cbb00000, 0x00000000cbc00000)
AC   0  E CS TS     0 PTAMS 0x00000000cbc00000 NTAMS 0x00000000cbc00000 space 1024K, 100% used [0x00000000cbc00000, 0x00000000cbd00000)
AC   0  E CS TS     0 PTAMS 0x00000000cbd00000 NTAMS 0x00000000cbd00000 space 1024K, 100% used [0x00000000cbd00000, 0x00000000cbe00000)
AC   0  E CS TS     0 PTAMS 0x00000000cbe00000 NTAMS 0x00000000cbe00000 space 1024K, 100% used [0x00000000cbe00000, 0x00000000cbf00000)
AC   0  E CS TS     0 PTAMS 0x00000000cbf00000 NTAMS 0x00000000cbf00000 space 1024K, 100% used [0x00000000cbf00000, 0x00000000cc000000)
AC   0  E CS TS     0 PTAMS 0x00000000cc000000 NTAMS 0x00000000cc000000 space 1024K, 100% used [0x00000000cc000000, 0x00000000cc100000)
AC   0  E CS TS     0 PTAMS 0x00000000cc100000 NTAMS 0x00000000cc100000 space 1024K, 100% used [0x00000000cc100000, 0x00000000cc200000)
AC   0  E CS TS     0 PTAMS 0x00000000cc200000 NTAMS 0x00000000cc200000 space 1024K, 100% used [0x00000000cc200000, 0x00000000cc300000)
AC   0  E CS TS     0 PTAMS 0x00000000cc300000 NTAMS 0x00000000cc300000 space 1024K, 100% used [0x00000000cc300000, 0x00000000cc400000)
AC   0  E CS TS     0 PTAMS 0x00000000cc400000 NTAMS 0x00000000cc400000 space 1024K, 100% used [0x00000000cc400000, 0x00000000cc500000)
AC   0  E CS TS     0 PTAMS 0x00000000cc500000 NTAMS 0x00000000cc500000 space 1024K, 100% used [0x00000000cc500000, 0x00000000cc600000)
AC   0  E CS TS     0 PTAMS 0x00000000cc600000 NTAMS 0x00000000cc600000 space 1024K, 100% used [0x00000000cc600000, 0x00000000cc700000)
AC   0  E CS TS     0 PTAMS 0x00000000cc700000 NTAMS 0x00000000cc700000 space 1024K, 100% used [0x00000000cc700000, 0x00000000cc800000)
AC   0  E CS TS     0 PTAMS 0x00000000cc800000 NTAMS 0x00000000cc800000 space 1024K, 100% used [0x00000000cc800000, 0x00000000cc900000)
AC   0  E CS TS     0 PTAMS 0x00000000cc900000 NTAMS 0x00000000cc900000 space 1024K, 100% used [0x00000000cc900000, 0x00000000cca00000)
AC   0  E CS TS     0 PTAMS 0x00000000cca00000 NTAMS 0x00000000cca00000 space 1024K, 100% used [0x00000000cca00000, 0x00000000ccb00000)
AC   0  E CS TS     0 PTAMS 0x00000000ccb00000 NTAMS 0x00000000ccb00000 space 1024K, 100% used [0x00000000ccb00000, 0x00000000ccc00000)
AC   0  E CS TS     0 PTAMS 0x00000000ccc00000 NTAMS 0x00000000ccc00000 space 1024K, 100% used [0x00000000ccc00000, 0x00000000ccd00000)
AC   0  E CS TS     0 PTAMS 0x00000000ccd00000 NTAMS 0x00000000ccd00000 space 1024K, 100% used [0x00000000ccd00000, 0x00000000cce00000)
AC   0  E CS TS     0 PTAMS 0x00000000cce00000 NTAMS 0x00000000cce00000 space 1024K, 100% used [0x00000000cce00000, 0x00000000ccf00000)
AC   0  E CS TS     0 PTAMS 0x00000000ccf00000 NTAMS 0x00000000ccf00000 space 1024K, 100% used [0x00000000ccf00000, 0x00000000cd000000)
AC   0  E CS TS     0 PTAMS 0x00000000cd000000 NTAMS 0x00000000cd000000 space 1024K, 100% used [0x00000000cd000000, 0x00000000cd100000)
AC   0  E CS TS     0 PTAMS 0x00000000cd100000 NTAMS 0x00000000cd100000 space 1024K, 100% used [0x00000000cd100000, 0x00000000cd200000)
AC   0  E CS TS     0 PTAMS 0x00000000cd200000 NTAMS 0x00000000cd200000 space 1024K, 100% used [0x00000000cd200000, 0x00000000cd300000)
AC   0  E CS TS     0 PTAMS 0x00000000cd300000 NTAMS 0x00000000cd300000 space 1024K, 100% used [0x00000000cd300000, 0x00000000cd400000)
AC   0  E CS TS     0 PTAMS 0x00000000cd400000 NTAMS 0x00000000cd400000 space 1024K, 100% used [0x00000000cd400000, 0x00000000cd500000)
AC   0  E CS TS     0 PTAMS 0x00000000cd500000 NTAMS 0x00000000cd500000 space 1024K, 100% used [0x00000000cd500000, 0x00000000cd600000)
AC   0  E CS TS     0 PTAMS 0x00000000cd600000 NTAMS 0x00000000cd600000 space 1024K, 100% used [0x00000000cd600000, 0x00000000cd700000)
AC   0  E CS TS     0 PTAMS 0x00000000cd700000 NTAMS 0x00000000cd700000 space 1024K, 100% used [0x00000000cd700000, 0x00000000cd800000)
AC   0  S CS TS     1 PTAMS 0x00000000cd800000 NTAMS 0x00000000cd800000 space 1024K, 100% used [0x00000000cd800000, 0x00000000cd900000)
AC   0  S CS TS     1 PTAMS 0x00000000cd900000 NTAMS 0x00000000cd900000 space 1024K, 100% used [0x00000000cd900000, 0x00000000cda00000)
AC   0  S CS TS     1 PTAMS 0x00000000cda00000 NTAMS 0x00000000cda00000 space 1024K, 100% used [0x00000000cda00000, 0x00000000cdb00000)
AC   0  S CS TS     1 PTAMS 0x00000000cdb00000 NTAMS 0x00000000cdb00000 space 1024K, 100% used [0x00000000cdb00000, 0x00000000cdc00000)
AC   0  S CS TS     1 PTAMS 0x00000000cdc00000 NTAMS 0x00000000cdc00000 space 1024K, 100% used [0x00000000cdc00000, 0x00000000cdd00000)
AC   0  S CS TS     1 PTAMS 0x00000000cdd00000 NTAMS 0x00000000cdd00000 space 1024K, 100% used [0x00000000cdd00000, 0x00000000cde00000)
AC   0  O    TS     0 PTAMS 0x00000000cdf00000 NTAMS 0x00000000cdf00000 space 1024K, 100% used [0x00000000cde00000, 0x00000000cdf00000)
AC   0  O    TS     0 PTAMS 0x00000000ce000000 NTAMS 0x00000000ce000000 space 1024K, 100% used [0x00000000cdf00000, 0x00000000ce000000)
AC   0  O    TS     0 PTAMS 0x00000000ce100000 NTAMS 0x00000000ce100000 space 1024K, 100% used [0x00000000ce000000, 0x00000000ce100000)
AC   0  O    TS     0 PTAMS 0x00000000ce200000 NTAMS 0x00000000ce200000 space 1024K, 100% used [0x00000000ce100000, 0x00000000ce200000)
AC   0  O    TS     0 PTAMS 0x00000000ce300000 NTAMS 0x00000000ce300000 space 1024K, 100% used [0x00000000ce200000, 0x00000000ce300000)
AC   0  O    TS     0 PTAMS 0x00000000ce400000 NTAMS 0x00000000ce400000 space 1024K, 100% used [0x00000000ce300000, 0x00000000ce400000)
AC   0  O    TS     0 PTAMS 0x00000000ce500000 NTAMS 0x00000000ce500000 space 1024K, 100% used [0x00000000ce400000, 0x00000000ce500000)
AC   0  O    TS     0 PTAMS 0x00000000ce600000 NTAMS 0x00000000ce600000 space 1024K, 100% used [0x00000000ce500000, 0x00000000ce600000)
AC   0  O    TS     0 PTAMS 0x00000000ce700000 NTAMS 0x00000000ce700000 space 1024K, 100% used [0x00000000ce600000, 0x00000000ce700000)
AC   0  O    TS     0 PTAMS 0x00000000ce800000 NTAMS 0x00000000ce800000 space 1024K, 100% used [0x00000000ce700000, 0x00000000ce800000)
AC   0  O    TS     0 PTAMS 0x00000000ce900000 NTAMS 0x00000000ce900000 space 1024K, 100% used [0x00000000ce800000, 0x00000000ce900000)
AC   0  O    TS     0 PTAMS 0x00000000cea00000 NTAMS 0x00000000cea00000 space 1024K, 100% used [0x00000000ce900000, 0x00000000cea00000)
AC   0  O    TS     0 PTAMS 0x00000000ceb00000 NTAMS 0x00000000ceb00000 space 1024K, 100% used [0x00000000cea00000, 0x00000000ceb00000)
AC   0  O    TS     0 PTAMS 0x00000000cec00000 NTAMS 0x00000000cec00000 space 1024K, 100% used [0x00000000ceb00000, 0x00000000cec00000)
AC   0  O    TS     0 PTAMS 0x00000000ced00000 NTAMS 0x00000000ced00000 space 1024K, 100% used [0x00000000cec00000, 0x00000000ced00000)
AC   0  O    TS     1 PTAMS 0x00000000ced80008 NTAMS 0x00000000ced80008 space 1024K, 100% used [0x00000000ced00000, 0x00000000cee00000)

Card table byte_map: [0x0000000012e00000,0x0000000013000000] byte_map_base: 0x0000000012800000

Marking Bits (Prev, Next): (CMBitMap*) 0x0000000003159d80, (CMBitMap*) 0x0000000003159d28
 Prev Bits: [0x0000000014200000, 0x0000000015200000)
 Next Bits: [0x0000000013200000, 0x0000000014200000)

Polling page: 0x0000000002db0000

CodeCache: size=245760Kb used=9708Kb max_used=10048Kb free=236051Kb
 bounds [0x0000000003230000, 0x0000000003c10000, 0x0000000012230000]
 total_blobs=3479 nmethods=2960 adapters=432
 compilation: enabled

Compilation events (10 events):
Event: 35747.763 Thread 0x0000000017fe4800 nmethod 3487 0x00000000037c66d0 code [0x00000000037c6a60, 0x00000000037c8970]
Event: 37889.469 Thread 0x0000000017fe2000 3488   !   4       java.lang.StringCoding::decode (120 bytes)
Event: 37889.480 Thread 0x0000000017fe2000 nmethod 3488 0x0000000003c04ad0 code [0x0000000003c04cc0, 0x0000000003c05730]
Event: 37889.480 Thread 0x0000000017fe2000 3489   !   4       java.lang.StringCoding$StringDecoder::decode (179 bytes)
Event: 37889.483 Thread 0x0000000017fe2000 nmethod 3489 0x0000000003657550 code [0x00000000036576c0, 0x00000000036579a8]
Event: 37889.483 Thread 0x0000000017fe2000 3490       4       java.util.jar.Attributes::<init> (17 bytes)
Event: 37889.485 Thread 0x0000000017fe2000 nmethod 3490 0x00000000034ff190 code [0x00000000034ff2e0, 0x00000000034ff558]
Event: 37889.485 Thread 0x0000000017fe2000 3491   !   4       java.util.jar.Manifest::parseName (84 bytes)
Event: 37889.489 Thread 0x0000000017fe2000 nmethod 3491 0x0000000003820190 code [0x0000000003820300, 0x0000000003820748]
Event: 37889.489 Thread 0x0000000017fe2000 3492   !   4       java.util.jar.Attributes::read (380 bytes)

GC Heap History (10 events):
Event: 19988.557 GC heap before
{Heap before GC invocations=30 (full 0):
 garbage-first heap   total 160768K, used 136192K [0x00000000c0000000, 0x00000000c01004e8, 0x0000000100000000)
  region size 1024K, 43 young (44032K), 8 survivors (8192K)
 Metaspace       used 36454K, capacity 38242K, committed 38528K, reserved 1083392K
  class space    used 3752K, capacity 4422K, committed 4480K, reserved 1048576K
Event: 19988.575 GC heap after
Heap after GC invocations=31 (full 0):
 garbage-first heap   total 169984K, used 125440K [0x00000000c0000000, 0x00000000c0100530, 0x0000000100000000)
  region size 1024K, 6 young (6144K), 6 survivors (6144K)
 Metaspace       used 36454K, capacity 38242K, committed 38528K, reserved 1083392K
  class space    used 3752K, capacity 4422K, committed 4480K, reserved 1048576K
}
Event: 21259.340 GC heap before
{Heap before GC invocations=32 (full 0):
 garbage-first heap   total 169984K, used 70144K [0x00000000c0000000, 0x00000000c0100530, 0x0000000100000000)
  region size 1024K, 26 young (26624K), 6 survivors (6144K)
 Metaspace       used 36454K, capacity 38242K, committed 38528K, reserved 1083392K
  class space    used 3752K, capacity 4422K, committed 4480K, reserved 1048576K
Event: 21259.351 GC heap after
Heap after GC invocations=33 (full 0):
 garbage-first heap   total 169984K, used 62464K [0x00000000c0000000, 0x00000000c0100530, 0x0000000100000000)
  region size 1024K, 4 young (4096K), 4 survivors (4096K)
 Metaspace       used 36454K, capacity 38242K, committed 38528K, reserved 1083392K
  class space    used 3752K, capacity 4422K, committed 4480K, reserved 1048576K
}
Event: 26681.637 GC heap before
{Heap before GC invocations=33 (full 0):
 garbage-first heap   total 169984K, used 148480K [0x00000000c0000000, 0x00000000c0100530, 0x0000000100000000)
  region size 1024K, 88 young (90112K), 4 survivors (4096K)
 Metaspace       used 36456K, capacity 38242K, committed 38528K, reserved 1083392K
  class space    used 3752K, capacity 4422K, committed 4480K, reserved 1048576K
Event: 26681.688 GC heap after
Heap after GC invocations=34 (full 0):
 garbage-first heap   total 227328K, used 137216K [0x00000000c0000000, 0x00000000c01006f0, 0x0000000100000000)
  region size 1024K, 11 young (11264K), 11 survivors (11264K)
 Metaspace       used 36456K, capacity 38242K, committed 38528K, reserved 1083392K
  class space    used 3752K, capacity 4422K, committed 4480K, reserved 1048576K
}
Event: 30167.823 GC heap before
{Heap before GC invocations=34 (full 0):
 garbage-first heap   total 227328K, used 192512K [0x00000000c0000000, 0x00000000c01006f0, 0x0000000100000000)
  region size 1024K, 65 young (66560K), 11 survivors (11264K)
 Metaspace       used 36458K, capacity 38242K, committed 38528K, reserved 1083392K
  class space    used 3752K, capacity 4422K, committed 4480K, reserved 1048576K
Event: 30167.851 GC heap after
Heap after GC invocations=35 (full 0):
 garbage-first heap   total 243712K, used 176640K [0x00000000c0000000, 0x00000000c0100770, 0x0000000100000000)
  region size 1024K, 9 young (9216K), 9 survivors (9216K)
 Metaspace       used 36458K, capacity 38242K, committed 38528K, reserved 1083392K
  class space    used 3752K, capacity 4422K, committed 4480K, reserved 1048576K
}
Event: 32233.014 GC heap before
{Heap before GC invocations=36 (full 0):
 garbage-first heap   total 243712K, used 99840K [0x00000000c0000000, 0x00000000c0100770, 0x0000000100000000)
  region size 1024K, 41 young (41984K), 9 survivors (9216K)
 Metaspace       used 36459K, capacity 38242K, committed 38528K, reserved 1083392K
  class space    used 3752K, capacity 4422K, committed 4480K, reserved 1048576K
Event: 32233.028 GC heap after
Heap after GC invocations=37 (full 0):
 garbage-first heap   total 243712K, used 88576K [0x00000000c0000000, 0x00000000c0100770, 0x0000000100000000)
  region size 1024K, 6 young (6144K), 6 survivors (6144K)
 Metaspace       used 36459K, capacity 38242K, committed 38528K, reserved 1083392K
  class space    used 3752K, capacity 4422K, committed 4480K, reserved 1048576K
}

Deoptimization events (10 events):
Event: 360.964 Thread 0x0000000018ed9800 Uncommon trap: reason=bimorphic action=maybe_recompile pc=0x000000000379132c method=java.io.DataOutputStream.write([BII)V @ 7
Event: 360.964 Thread 0x0000000018ed9800 Uncommon trap: reason=bimorphic action=maybe_recompile pc=0x000000000379132c method=java.io.DataOutputStream.write([BII)V @ 7
Event: 360.986 Thread 0x0000000018ed9800 Uncommon trap: reason=bimorphic action=maybe_recompile pc=0x0000000003820b44 method=java.io.DataOutputStream.writeByte(I)V @ 5
Event: 360.987 Thread 0x0000000018ed9800 Uncommon trap: reason=bimorphic action=maybe_recompile pc=0x0000000003820b44 method=java.io.DataOutputStream.writeByte(I)V @ 5
Event: 360.987 Thread 0x0000000018ed9800 Uncommon trap: reason=bimorphic action=maybe_recompile pc=0x0000000003820b44 method=java.io.DataOutputStream.writeByte(I)V @ 5
Event: 360.987 Thread 0x0000000018ed9800 Uncommon trap: reason=bimorphic action=maybe_recompile pc=0x0000000003820b44 method=java.io.DataOutputStream.writeByte(I)V @ 5
Event: 361.005 Thread 0x0000000018ed9800 Uncommon trap: reason=bimorphic action=maybe_recompile pc=0x0000000003816a58 method=java.io.DataOutputStream.writeShort(I)V @ 12
Event: 2699.909 Thread 0x0000000017f6e000 Uncommon trap: reason=unstable_if action=reinterpret pc=0x00000000039c28bc method=java.lang.ref.Reference.tryHandlePending(Z)Z @ 104
Event: 37889.463 Thread 0x000000000312d800 Uncommon trap: reason=unstable_if action=reinterpret pc=0x000000000397586c method=org.eclipse.jdt.ls.core.internal.LanguageServer.parentProcessStillRunning()Z @ 93
Event: 37889.506 Thread 0x000000000312d800 Uncommon trap: reason=unstable_if action=reinterpret pc=0x0000000003985178 method=java.lang.ref.SoftReference.get()Ljava/lang/Object; @ 6

Internal exceptions (10 events):
Event: 62.781 Thread 0x0000000018dc0000 Exception <a 'java/lang/NullPointerException'> (0x00000000c30d3c10) thrown at [C:\cygwin64\tmp\ojdkbuild\lookaside\java-1.8.0-openjdk\hotspot\src\share\vm\interpreter\linkResolver.cpp, line 1197]
Event: 62.781 Thread 0x0000000018dc0000 Exception <a 'java/lang/NullPointerException'> (0x00000000c30d3e28) thrown at [C:\cygwin64\tmp\ojdkbuild\lookaside\java-1.8.0-openjdk\hotspot\src\share\vm\interpreter\linkResolver.cpp, line 1197]
Event: 62.801 Thread 0x0000000018dc0000 Exception <a 'java/lang/NullPointerException'> (0x00000000c2f470a8) thrown at [C:\cygwin64\tmp\ojdkbuild\lookaside\java-1.8.0-openjdk\hotspot\src\share\vm\interpreter\linkResolver.cpp, line 1197]
Event: 62.801 Thread 0x0000000018dc0000 Exception <a 'java/lang/NullPointerException'> (0x00000000c2f472c0) thrown at [C:\cygwin64\tmp\ojdkbuild\lookaside\java-1.8.0-openjdk\hotspot\src\share\vm\interpreter\linkResolver.cpp, line 1197]
Event: 62.801 Thread 0x0000000018dc0000 Exception <a 'java/lang/NullPointerException'> (0x00000000c2f474d8) thrown at [C:\cygwin64\tmp\ojdkbuild\lookaside\java-1.8.0-openjdk\hotspot\src\share\vm\interpreter\linkResolver.cpp, line 1197]
Event: 62.801 Thread 0x0000000018dc0000 Exception <a 'java/lang/NullPointerException'> (0x00000000c2f47d18) thrown at [C:\cygwin64\tmp\ojdkbuild\lookaside\java-1.8.0-openjdk\hotspot\src\share\vm\interpreter\linkResolver.cpp, line 1197]
Event: 62.801 Thread 0x0000000018dc0000 Exception <a 'java/lang/NullPointerException'> (0x00000000c2f47f30) thrown at [C:\cygwin64\tmp\ojdkbuild\lookaside\java-1.8.0-openjdk\hotspot\src\share\vm\interpreter\linkResolver.cpp, line 1197]
Event: 62.801 Thread 0x0000000018dc0000 Exception <a 'java/lang/NullPointerException'> (0x00000000c2f48148) thrown at [C:\cygwin64\tmp\ojdkbuild\lookaside\java-1.8.0-openjdk\hotspot\src\share\vm\interpreter\linkResolver.cpp, line 1197]
Event: 360.985 Thread 0x0000000018ed9800 Exception <a 'java/io/FileNotFoundException'> (0x00000000c2ad1800) thrown at [C:\cygwin64\tmp\ojdkbuild\lookaside\java-1.8.0-openjdk\hotspot\src\share\vm\prims\jni.cpp, line 709]
Event: 37889.506 Thread 0x000000000312d800 Implicit null exception at 0x0000000003984711 to 0x000000000398515d

Events (10 events):
Event: 37889.464 Executing VM operation: RevokeBias done
Event: 37889.464 Executing VM operation: RevokeBias
Event: 37889.464 Executing VM operation: RevokeBias done
Event: 37889.464 Executing VM operation: RevokeBias
Event: 37889.464 Executing VM operation: RevokeBias done
Event: 37889.465 loading class org/eclipse/osgi/internal/framework/EquinoxBundle$SystemBundle$EquinoxSystemModule$1
Event: 37889.465 loading class org/eclipse/osgi/internal/framework/EquinoxBundle$SystemBundle$EquinoxSystemModule$1 done
Event: 37889.506 Thread 0x000000000312d800 Uncommon trap: trap_request=0xffffff65 fr.pc=0x0000000003985178
Event: 37889.506 Thread 0x000000000312d800 DEOPT PACKING pc=0x0000000003985178 sp=0x000000000302c080
Event: 37889.506 Thread 0x000000000312d800 DEOPT UNPACKING pc=0x000000000327556a sp=0x000000000302bff8 mode 2


Dynamic libraries:
0x00007ff728d60000 - 0x00007ff728da3000 	C:\Program Files\RedHat\java-1.8.0-openjdk-1.8.0.141-2\bin\java.exe
0x00007ffa872e0000 - 0x00007ffa874b2000 	C:\Windows\SYSTEM32\ntdll.dll
0x00007ffa84a70000 - 0x00007ffa84b1c000 	C:\Windows\System32\KERNEL32.DLL
0x00007ffa84130000 - 0x00007ffa8434d000 	C:\Windows\System32\KERNELBASE.dll
0x00007ffa84b80000 - 0x00007ffa84c22000 	C:\Windows\System32\ADVAPI32.dll
0x00007ffa849d0000 - 0x00007ffa84a6e000 	C:\Windows\System32\msvcrt.dll
0x00007ffa87280000 - 0x00007ffa872d9000 	C:\Windows\System32\sechost.dll
0x00007ffa84cd0000 - 0x00007ffa84df1000 	C:\Windows\System32\RPCRT4.dll
0x00007ffa87110000 - 0x00007ffa87275000 	C:\Windows\System32\USER32.dll
0x00007ffa83f60000 - 0x00007ffa83f7e000 	C:\Windows\System32\win32u.dll
0x00007ffa86e40000 - 0x00007ffa86e74000 	C:\Windows\System32\GDI32.dll
0x00007ffa846f0000 - 0x00007ffa84870000 	C:\Windows\System32\gdi32full.dll
0x00007ffa7ad70000 - 0x00007ffa7afea000 	C:\Windows\WinSxS\amd64_microsoft.windows.common-controls_6595b64144ccf1df_6.0.14393.953_none_42151e83c686086b\COMCTL32.dll
0x00007ffa84f80000 - 0x00007ffa85248000 	C:\Windows\System32\combase.dll
0x00007ffa83f80000 - 0x00007ffa84075000 	C:\Windows\System32\ucrtbase.dll
0x00007ffa845d0000 - 0x00007ffa8463a000 	C:\Windows\System32\bcryptPrimitives.dll
0x00007ffa7b980000 - 0x00007ffa7b99a000 	C:\Program Files\RedHat\java-1.8.0-openjdk-1.8.0.141-2\bin\ojdkbuild_zlib.dll
0x00007ffa849a0000 - 0x00007ffa849ce000 	C:\Windows\System32\IMM32.DLL
0x0000000065220000 - 0x00000000652f2000 	C:\Program Files\RedHat\java-1.8.0-openjdk-1.8.0.141-2\jre\bin\msvcr100.dll
0x0000000064950000 - 0x00000000651b4000 	C:\Program Files\RedHat\java-1.8.0-openjdk-1.8.0.141-2\jre\bin\server\jvm.dll
0x00007ffa86b90000 - 0x00007ffa86b98000 	C:\Windows\System32\PSAPI.DLL
0x00007ffa75040000 - 0x00007ffa75049000 	C:\Windows\SYSTEM32\WSOCK32.dll
0x00007ffa81cf0000 - 0x00007ffa81d13000 	C:\Windows\SYSTEM32\WINMM.dll
0x00007ffa783e0000 - 0x00007ffa783ea000 	C:\Windows\SYSTEM32\VERSION.dll
0x00007ffa81c90000 - 0x00007ffa81cbb000 	C:\Windows\SYSTEM32\WINMMBASE.dll
0x00007ffa86e80000 - 0x00007ffa86eea000 	C:\Windows\System32\WS2_32.dll
0x00007ffa84640000 - 0x00007ffa84682000 	C:\Windows\System32\cfgmgr32.dll
0x00007ffa7d140000 - 0x00007ffa7d14f000 	C:\Program Files\RedHat\java-1.8.0-openjdk-1.8.0.141-2\jre\bin\verify.dll
0x00007ffa748e0000 - 0x00007ffa74909000 	C:\Program Files\RedHat\java-1.8.0-openjdk-1.8.0.141-2\jre\bin\java.dll
0x00007ffa76a70000 - 0x00007ffa76a7b000 	C:\Program Files\RedHat\java-1.8.0-openjdk-1.8.0.141-2\jre\bin\zip.dll
0x00007ffa85680000 - 0x00007ffa86b88000 	C:\Windows\System32\SHELL32.dll
0x00007ffa837e0000 - 0x00007ffa83eba000 	C:\Windows\System32\windows.storage.dll
0x00007ffa83770000 - 0x00007ffa837bc000 	C:\Windows\System32\powrprof.dll
0x00007ffa84940000 - 0x00007ffa84992000 	C:\Windows\System32\shlwapi.dll
0x00007ffa837d0000 - 0x00007ffa837df000 	C:\Windows\System32\kernel.appcore.dll
0x00007ffa84080000 - 0x00007ffa84129000 	C:\Windows\System32\shcore.dll
0x00007ffa83750000 - 0x00007ffa83764000 	C:\Windows\System32\profapi.dll
0x00007ffa831d0000 - 0x00007ffa831e7000 	C:\Windows\SYSTEM32\CRYPTSP.dll
0x00007ffa82c20000 - 0x00007ffa82c53000 	C:\Windows\system32\rsaenh.dll
0x00007ffa836a0000 - 0x00007ffa836cb000 	C:\Windows\SYSTEM32\bcrypt.dll
0x00007ffa82ea0000 - 0x00007ffa82ebf000 	C:\Windows\SYSTEM32\USERENV.dll
0x00007ffa831c0000 - 0x00007ffa831cb000 	C:\Windows\SYSTEM32\CRYPTBASE.dll
0x00007ffa74cc0000 - 0x00007ffa74cda000 	C:\Program Files\RedHat\java-1.8.0-openjdk-1.8.0.141-2\jre\bin\net.dll
0x00007ffa83020000 - 0x00007ffa8307c000 	C:\Windows\system32\mswsock.dll
0x00007ffa82da0000 - 0x00007ffa82dd8000 	C:\Windows\SYSTEM32\IPHLPAPI.DLL
0x00007ffa84f70000 - 0x00007ffa84f78000 	C:\Windows\System32\NSI.dll
0x00007ffa7c510000 - 0x00007ffa7c526000 	C:\Windows\SYSTEM32\dhcpcsvc6.DLL
0x00007ffa7c490000 - 0x00007ffa7c4aa000 	C:\Windows\SYSTEM32\dhcpcsvc.DLL
0x00007ffa748c0000 - 0x00007ffa748d1000 	C:\Program Files\RedHat\java-1.8.0-openjdk-1.8.0.141-2\jre\bin\nio.dll
0x0000000072000000 - 0x0000000072012000 	C:\Users\tadmin\.vscode\extensions\redhat.java-0.9.0\server\config_win\org.eclipse.equinox.launcher\org.eclipse.equinox.launcher.win32.win32.x86_64_1.1.500.v20170531-1133\eclipse_1624.dll

VM Arguments:
jvm_args: -Declipse.application=org.eclipse.jdt.ls.core.id1 -Dosgi.bundles.defaultStartLevel=4 -Declipse.product=org.eclipse.jdt.ls.core.product -Xverify:none -Xmx1G -XX:+UseG1GC -XX:+UseStringDeduplication 
java_command: C:\Users\tadmin\.vscode\extensions\redhat.java-0.9.0\server\plugins\org.eclipse.equinox.launcher_1.4.0.v20161219-1356.jar -configuration C:\Users\tadmin\.vscode\extensions\redhat.java-0.9.0\server\config_win -data C:\Users\tadmin\AppData\Roaming\Code\User\workspaceStorage\35e5571f355f09e513dd2eb365039e4d\redhat.java\jdt_ws
java_class_path (initial): C:\Users\tadmin\.vscode\extensions\redhat.java-0.9.0\server\plugins\org.eclipse.equinox.launcher_1.4.0.v20161219-1356.jar
Launcher Type: SUN_STANDARD

Environment Variables:
PATH=C:\ProgramData\Oracle\Java\javapath;C:\Program Files\Microsoft MPI\Bin\;C:\Windows\system32;C:\Windows;C:\Windows\System32\Wbem;C:\Windows\System32\WindowsPowerShell\v1.0\;C:\Program Files (x86)\Microsoft SQL Server\130\Tools\Binn\;C:\Program Files\Microsoft SQL Server\130\Tools\Binn\;C:\Program Files (x86)\Microsoft SQL Server\130\DTS\Binn\;C:\Program Files\Microsoft SQL Server\130\DTS\Binn\;C:\Program Files\Microsoft SQL Server\Client SDK\ODBC\130\Tools\Binn\;C:\Program Files (x86)\Microsoft SQL Server\Client SDK\ODBC\130\Tools\Binn\;C:\Program Files (x86)\Microsoft SQL Server\140\Tools\Binn\;C:\Program Files (x86)\Microsoft SQL Server\140\DTS\Binn\;C:\Program Files (x86)\Microsoft SQL Server\140\Tools\Binn\ManagementStudio\;C:\Program Files\RedHat\java-1.8.0-openjdk-1.8.0.141-2\bin;C:\Program Files\nodejs\;C:\java\bin;C:\Users\tadmin\AppData\Local\Microsoft\WindowsApps;C:\Program Files (x86)\Microsoft VS Code\bin;C:\Users\tadmin\AppData\Roaming\npm
USERNAME=tadmin
OS=Windows_NT
PROCESSOR_IDENTIFIER=Intel64 Family 6 Model 63 Stepping 2, GenuineIntel



---------------  S Y S T E M  ---------------

OS: Windows 10.0 , 64 bit Build 14393 (10.0.14393.1198)

CPU:total 1 (initial active 1) (1 cores per cpu, 1 threads per core) family 6 model 63 stepping 2, cmov, cx8, fxsr, mmx, sse, sse2, sse3, ssse3, sse4.1, sse4.2, popcnt, avx, avx2, aes, clmul, erms, lzcnt, tsc, bmi1, bmi2

Memory: 4k page, physical 3669556k(348436k free), swap 4586920k(4128k free)

vm_info: OpenJDK 64-Bit Server VM (25.141-b16) for windows-amd64 JRE (1.8.0_141-2-redhat-b16), built on Jul 25 2017 10:47:25 by "build" with MS VC++ 10.0 (VS2010)

time: Sun Sep 17 13:09:28 2017
elapsed time: 37889 seconds (0d 10h 31m 29s)

