#
# There is insufficient memory for the Java Runtime Environment to continue.
# Native memory allocation (malloc) failed to allocate 65552 bytes for Chunk::new
# Possible reasons:
#   The system is out of physical RAM or swap space
#   In 32 bit mode, the process size limit was hit
# Possible solutions:
#   Reduce memory load on the system
#   Increase physical memory or swap space
#   Check if swap backing store is full
#   Use 64 bit Java on a 64 bit OS
#   Decrease Java heap size (-Xmx/-Xms)
#   Decrease number of Java threads
#   Decrease Java thread stack sizes (-Xss)
#   Set larger code cache with -XX:ReservedCodeCacheSize=
# This output file may be truncated or incomplete.
#
#  Out of Memory Error (allocation.cpp:390), pid=72868, tid=0x0000000000010950
#
# JRE version: OpenJDK Runtime Environment (8.0_141-b16) (build 1.8.0_141-2-redhat-b16)
# Java VM: OpenJDK 64-Bit Server VM (25.141-b16 mixed mode windows-amd64 compressed oops)
# Failed to write core dump. 
#

---------------  T H R E A D  ---------------

Current thread (0x0000000017ec4000):  JavaThread "C2 CompilerThread0" daemon [_thread_in_native, id=67920, stack(0x00000000187d0000,0x00000000188d0000)]

Stack: [0x00000000187d0000,0x00000000188d0000]
[error occurred during error reporting (printing stack bounds), id 0xc0000005]

Native frames: (J=compiled Java code, j=interpreted, Vv=VM code, C=native code)


Current CompileTask:
C2:19897297 3570   !   4       java.util.jar.Attributes::read (380 bytes)


---------------  P R O C E S S  ---------------

Java Threads: ( => current thread )
  0x000000001b07a000 JavaThread "Framework stop" [_thread_new, id=42932, stack(0x0000000000000000,0x0000000000000000)]
  0x000000001aa5c800 JavaThread "Worker-2" [_thread_blocked, id=27936, stack(0x000000001dd90000,0x000000001de90000)]
  0x000000001a3e8000 JavaThread "pool-1-thread-1" [_thread_in_native, id=48252, stack(0x000000001c2c0000,0x000000001c3c0000)]
  0x000000001a322800 JavaThread "Java indexing" daemon [_thread_blocked, id=64192, stack(0x000000001bec0000,0x000000001bfc0000)]
  0x0000000019c47000 JavaThread "Worker-0" [_thread_blocked, id=24500, stack(0x000000001b9c0000,0x000000001bac0000)]
  0x0000000019c76800 JavaThread "Worker-JM" [_thread_blocked, id=77212, stack(0x000000001b4c0000,0x000000001b5c0000)]
  0x000000001a2bd000 JavaThread "Start Level: Equinox Container: 04fc2986-d066-4cdc-9544-2f4d762cc57f" daemon [_thread_blocked, id=68260, stack(0x000000001b1c0000,0x000000001b2c0000)]
  0x0000000019fec000 JavaThread "Framework Event Dispatcher: org.eclipse.osgi.internal.framework.EquinoxEventPublisher@5db45159" daemon [_thread_blocked, id=21300, stack(0x000000001b0c0000,0x000000001b1c0000)]
  0x000000001990d800 JavaThread "Active Thread: Equinox Container: 04fc2986-d066-4cdc-9544-2f4d762cc57f" [_thread_blocked, id=75052, stack(0x0000000019ff0000,0x000000001a0f0000)]
  0x0000000017ec6800 JavaThread "Service Thread" daemon [_thread_blocked, id=22384, stack(0x00000000189d0000,0x0000000018ad0000)]
  0x0000000017ec5800 JavaThread "C1 CompilerThread1" daemon [_thread_blocked, id=45088, stack(0x00000000188d0000,0x00000000189d0000)]
=>0x0000000017ec4000 JavaThread "C2 CompilerThread0" daemon [_thread_in_native, id=67920, stack(0x00000000187d0000,0x00000000188d0000)]
  0x0000000017ed5800 JavaThread "Attach Listener" daemon [_thread_blocked, id=54772, stack(0x00000000186d0000,0x00000000187d0000)]
  0x0000000017ed4800 JavaThread "Signal Dispatcher" daemon [_thread_blocked, id=59244, stack(0x00000000185d0000,0x00000000186d0000)]
  0x0000000017ed3000 JavaThread "Surrogate Locker Thread (Concurrent GC)" daemon [_thread_blocked, id=73332, stack(0x00000000184d0000,0x00000000185d0000)]
  0x0000000017e63800 JavaThread "Finalizer" daemon [_thread_blocked, id=17540, stack(0x00000000182e0000,0x00000000183e0000)]
  0x0000000017e5e800 JavaThread "Reference Handler" daemon [_thread_blocked, id=66276, stack(0x00000000181e0000,0x00000000182e0000)]
  0x000000000301d800 JavaThread "main" [_thread_blocked, id=43040, stack(0x0000000002e40000,0x0000000002f40000)]

Other Threads:
  0x0000000017e2f800 VMThread [stack: 0x0000000017f00000,0x0000000018000000] [id=33656]
  0x0000000017edb000 WatcherThread [stack: 0x0000000018ad0000,0x0000000018bd0000] [id=39864]

VM state:not at safepoint (normal execution)

VM Mutex/Monitor currently owned by a thread: None

Heap:
 garbage-first heap   total 155648K, used 115200K [0x00000000c0000000, 0x00000000c01004c0, 0x0000000100000000)
  region size 1024K, 57 young (58368K), 3 survivors (3072K)
 Metaspace       used 39653K, capacity 41456K, committed 41808K, reserved 1087488K
  class space    used 4048K, capacity 4681K, committed 4736K, reserved 1048576K

Heap Regions: (Y=young(eden), SU=young(survivor), HS=humongous(starts), HC=humongous(continues), CS=collection set, F=free, TS=gc time stamp, PTAMS=previous top-at-mark-start, NTAMS=next top-at-mark-start)
AC   0  O    TS     0 PTAMS 0x00000000c0100000 NTAMS 0x00000000c0100000 space 1024K, 100% used [0x00000000c0000000, 0x00000000c0100000)
AC   0  O    TS     1 PTAMS 0x00000000c0100000 NTAMS 0x00000000c0100000 space 1024K, 100% used [0x00000000c0100000, 0x00000000c0200000)
AC   0  O    TS     0 PTAMS 0x00000000c0300000 NTAMS 0x00000000c0300000 space 1024K, 100% used [0x00000000c0200000, 0x00000000c0300000)
AC   0  O    TS     1 PTAMS 0x00000000c0300000 NTAMS 0x00000000c0300000 space 1024K, 100% used [0x00000000c0300000, 0x00000000c0400000)
AC   0  O    TS     0 PTAMS 0x00000000c0500000 NTAMS 0x00000000c0500000 space 1024K, 100% used [0x00000000c0400000, 0x00000000c0500000)
AC   0  O    TS     1 PTAMS 0x00000000c0500000 NTAMS 0x00000000c0500000 space 1024K, 100% used [0x00000000c0500000, 0x00000000c0600000)
AC   0  O    TS     0 PTAMS 0x00000000c0700000 NTAMS 0x00000000c0700000 space 1024K, 100% used [0x00000000c0600000, 0x00000000c0700000)
AC   0  O    TS     0 PTAMS 0x00000000c0800000 NTAMS 0x00000000c0800000 space 1024K, 100% used [0x00000000c0700000, 0x00000000c0800000)
AC   0  O    TS     0 PTAMS 0x00000000c0900000 NTAMS 0x00000000c0900000 space 1024K, 100% used [0x00000000c0800000, 0x00000000c0900000)
AC   0  O    TS     1 PTAMS 0x00000000c0900000 NTAMS 0x00000000c0900000 space 1024K, 100% used [0x00000000c0900000, 0x00000000c0a00000)
AC   0  O    TS     1 PTAMS 0x00000000c0a00000 NTAMS 0x00000000c0a00000 space 1024K, 100% used [0x00000000c0a00000, 0x00000000c0b00000)
AC   0  O    TS     0 PTAMS 0x00000000c0c00000 NTAMS 0x00000000c0c00000 space 1024K, 100% used [0x00000000c0b00000, 0x00000000c0c00000)
AC   0  O    TS     0 PTAMS 0x00000000c0d00000 NTAMS 0x00000000c0d00000 space 1024K, 100% used [0x00000000c0c00000, 0x00000000c0d00000)
AC   0  O    TS     0 PTAMS 0x00000000c0e00000 NTAMS 0x00000000c0e00000 space 1024K, 100% used [0x00000000c0d00000, 0x00000000c0e00000)
AC   0  O    TS     0 PTAMS 0x00000000c0f00000 NTAMS 0x00000000c0f00000 space 1024K, 100% used [0x00000000c0e00000, 0x00000000c0f00000)
AC   0  O    TS     1 PTAMS 0x00000000c0f00000 NTAMS 0x00000000c0f00000 space 1024K, 100% used [0x00000000c0f00000, 0x00000000c1000000)
AC   0  O    TS     1 PTAMS 0x00000000c1000000 NTAMS 0x00000000c1000000 space 1024K, 100% used [0x00000000c1000000, 0x00000000c1100000)
AC   0  O    TS     1 PTAMS 0x00000000c1100000 NTAMS 0x00000000c1100000 space 1024K, 100% used [0x00000000c1100000, 0x00000000c1200000)
AC   0 HS    TS     0 PTAMS 0x00000000c1280010 NTAMS 0x00000000c1280010 space 1024K,  50% used [0x00000000c1200000, 0x00000000c1300000)
AC   0  O    TS     0 PTAMS 0x00000000c1400000 NTAMS 0x00000000c1400000 space 1024K, 100% used [0x00000000c1300000, 0x00000000c1400000)
AC   0  O    TS     0 PTAMS 0x00000000c1500000 NTAMS 0x00000000c1500000 space 1024K, 100% used [0x00000000c1400000, 0x00000000c1500000)
AC   0  O    TS     0 PTAMS 0x00000000c1600000 NTAMS 0x00000000c1600000 space 1024K, 100% used [0x00000000c1500000, 0x00000000c1600000)
AC   0  O    TS     1 PTAMS 0x00000000c1600000 NTAMS 0x00000000c1600000 space 1024K, 100% used [0x00000000c1600000, 0x00000000c1700000)
AC   0  O    TS     0 PTAMS 0x00000000c1800000 NTAMS 0x00000000c1800000 space 1024K, 100% used [0x00000000c1700000, 0x00000000c1800000)
AC   0  O    TS     0 PTAMS 0x00000000c1900000 NTAMS 0x00000000c1900000 space 1024K, 100% used [0x00000000c1800000, 0x00000000c1900000)
AC   0  O    TS     1 PTAMS 0x00000000c1900000 NTAMS 0x00000000c1900000 space 1024K, 100% used [0x00000000c1900000, 0x00000000c1a00000)
AC   0  O    TS     0 PTAMS 0x00000000c1b00000 NTAMS 0x00000000c1b00000 space 1024K, 100% used [0x00000000c1a00000, 0x00000000c1b00000)
AC   0  O    TS     0 PTAMS 0x00000000c1c00000 NTAMS 0x00000000c1c00000 space 1024K, 100% used [0x00000000c1b00000, 0x00000000c1c00000)
AC   0  O    TS     1 PTAMS 0x00000000c1c00000 NTAMS 0x00000000c1c00000 space 1024K, 100% used [0x00000000c1c00000, 0x00000000c1d00000)
AC   0  O    TS     1 PTAMS 0x00000000c1d00000 NTAMS 0x00000000c1d00000 space 1024K, 100% used [0x00000000c1d00000, 0x00000000c1e00000)
AC   0  O    TS     1 PTAMS 0x00000000c1e00000 NTAMS 0x00000000c1e00000 space 1024K, 100% used [0x00000000c1e00000, 0x00000000c1f00000)
AC   0  O    TS     1 PTAMS 0x00000000c1f00000 NTAMS 0x00000000c1f00000 space 1024K, 100% used [0x00000000c1f00000, 0x00000000c2000000)
AC   0  F    TS     0 PTAMS 0x00000000c2000000 NTAMS 0x00000000c2000000 space 1024K,   0% used [0x00000000c2000000, 0x00000000c2100000)
AC   0  F    TS     0 PTAMS 0x00000000c2100000 NTAMS 0x00000000c2100000 space 1024K,   0% used [0x00000000c2100000, 0x00000000c2200000)
AC   0  F    TS     0 PTAMS 0x00000000c2200000 NTAMS 0x00000000c2200000 space 1024K,   0% used [0x00000000c2200000, 0x00000000c2300000)
AC   0  F    TS     0 PTAMS 0x00000000c2300000 NTAMS 0x00000000c2300000 space 1024K,   0% used [0x00000000c2300000, 0x00000000c2400000)
AC   0  F    TS     0 PTAMS 0x00000000c2400000 NTAMS 0x00000000c2400000 space 1024K,   0% used [0x00000000c2400000, 0x00000000c2500000)
AC   0  F    TS     0 PTAMS 0x00000000c2500000 NTAMS 0x00000000c2500000 space 1024K,   0% used [0x00000000c2500000, 0x00000000c2600000)
AC   0  F    TS     0 PTAMS 0x00000000c2600000 NTAMS 0x00000000c2600000 space 1024K,   0% used [0x00000000c2600000, 0x00000000c2700000)
AC   0  F    TS     0 PTAMS 0x00000000c2700000 NTAMS 0x00000000c2700000 space 1024K,   0% used [0x00000000c2700000, 0x00000000c2800000)
AC   0  F    TS     0 PTAMS 0x00000000c2800000 NTAMS 0x00000000c2800000 space 1024K,   0% used [0x00000000c2800000, 0x00000000c2900000)
AC   0  F    TS     0 PTAMS 0x00000000c2900000 NTAMS 0x00000000c2900000 space 1024K,   0% used [0x00000000c2900000, 0x00000000c2a00000)
AC   0  F    TS     0 PTAMS 0x00000000c2a00000 NTAMS 0x00000000c2a00000 space 1024K,   0% used [0x00000000c2a00000, 0x00000000c2b00000)
AC   0  F    TS     0 PTAMS 0x00000000c2b00000 NTAMS 0x00000000c2b00000 space 1024K,   0% used [0x00000000c2b00000, 0x00000000c2c00000)
AC   0  F    TS     0 PTAMS 0x00000000c2c00000 NTAMS 0x00000000c2c00000 space 1024K,   0% used [0x00000000c2c00000, 0x00000000c2d00000)
AC   0  F    TS     0 PTAMS 0x00000000c2d00000 NTAMS 0x00000000c2d00000 space 1024K,   0% used [0x00000000c2d00000, 0x00000000c2e00000)
AC   0  F    TS     0 PTAMS 0x00000000c2e00000 NTAMS 0x00000000c2e00000 space 1024K,   0% used [0x00000000c2e00000, 0x00000000c2f00000)
AC   0  O    TS     0 PTAMS 0x00000000c3000000 NTAMS 0x00000000c3000000 space 1024K, 100% used [0x00000000c2f00000, 0x00000000c3000000)
AC   0  O    TS     0 PTAMS 0x00000000c3100000 NTAMS 0x00000000c3100000 space 1024K, 100% used [0x00000000c3000000, 0x00000000c3100000)
AC   0  O    TS     0 PTAMS 0x00000000c3200000 NTAMS 0x00000000c3200000 space 1024K, 100% used [0x00000000c3100000, 0x00000000c3200000)
AC   0  O    TS     0 PTAMS 0x00000000c3300000 NTAMS 0x00000000c3300000 space 1024K, 100% used [0x00000000c3200000, 0x00000000c3300000)
AC   0  F    TS     0 PTAMS 0x00000000c3300000 NTAMS 0x00000000c3300000 space 1024K,   0% used [0x00000000c3300000, 0x00000000c3400000)
AC   0  F    TS     0 PTAMS 0x00000000c3400000 NTAMS 0x00000000c3400000 space 1024K,   0% used [0x00000000c3400000, 0x00000000c3500000)
AC   0  F    TS     0 PTAMS 0x00000000c3500000 NTAMS 0x00000000c3500000 space 1024K,   0% used [0x00000000c3500000, 0x00000000c3600000)
AC   0  F    TS     0 PTAMS 0x00000000c3600000 NTAMS 0x00000000c3600000 space 1024K,   0% used [0x00000000c3600000, 0x00000000c3700000)
AC   0  F    TS     0 PTAMS 0x00000000c3700000 NTAMS 0x00000000c3700000 space 1024K,   0% used [0x00000000c3700000, 0x00000000c3800000)
AC   0  O    TS     0 PTAMS 0x00000000c3900000 NTAMS 0x00000000c3900000 space 1024K, 100% used [0x00000000c3800000, 0x00000000c3900000)
AC   0  O    TS     0 PTAMS 0x00000000c3a00000 NTAMS 0x00000000c3a00000 space 1024K, 100% used [0x00000000c3900000, 0x00000000c3a00000)
AC   0  O    TS     0 PTAMS 0x00000000c3b00000 NTAMS 0x00000000c3b00000 space 1024K, 100% used [0x00000000c3a00000, 0x00000000c3b00000)
AC   0  O    TS     0 PTAMS 0x00000000c3c00000 NTAMS 0x00000000c3c00000 space 1024K, 100% used [0x00000000c3b00000, 0x00000000c3c00000)
AC   0  O    TS     0 PTAMS 0x00000000c3d00000 NTAMS 0x00000000c3d00000 space 1024K, 100% used [0x00000000c3c00000, 0x00000000c3d00000)
AC   0  O    TS     0 PTAMS 0x00000000c3e00000 NTAMS 0x00000000c3e00000 space 1024K, 100% used [0x00000000c3d00000, 0x00000000c3e00000)
AC   0  O    TS     0 PTAMS 0x00000000c3f00000 NTAMS 0x00000000c3f00000 space 1024K, 100% used [0x00000000c3e00000, 0x00000000c3f00000)
AC   0  O    TS     0 PTAMS 0x00000000c4000000 NTAMS 0x00000000c4000000 space 1024K, 100% used [0x00000000c3f00000, 0x00000000c4000000)
AC   0  O    TS     0 PTAMS 0x00000000c4100000 NTAMS 0x00000000c4100000 space 1024K, 100% used [0x00000000c4000000, 0x00000000c4100000)
AC   0  O    TS     0 PTAMS 0x00000000c4200000 NTAMS 0x00000000c4200000 space 1024K, 100% used [0x00000000c4100000, 0x00000000c4200000)
AC   0  O    TS     0 PTAMS 0x00000000c4300000 NTAMS 0x00000000c4300000 space 1024K, 100% used [0x00000000c4200000, 0x00000000c4300000)
AC   0  O    TS     0 PTAMS 0x00000000c4400000 NTAMS 0x00000000c4400000 space 1024K, 100% used [0x00000000c4300000, 0x00000000c4400000)
AC   0  O    TS     0 PTAMS 0x00000000c4500000 NTAMS 0x00000000c4500000 space 1024K, 100% used [0x00000000c4400000, 0x00000000c4500000)
AC   0  F    TS     0 PTAMS 0x00000000c4500000 NTAMS 0x00000000c4500000 space 1024K,   0% used [0x00000000c4500000, 0x00000000c4600000)
AC   0  F    TS     0 PTAMS 0x00000000c4600000 NTAMS 0x00000000c4600000 space 1024K,   0% used [0x00000000c4600000, 0x00000000c4700000)
AC   0  F    TS     0 PTAMS 0x00000000c4700000 NTAMS 0x00000000c4700000 space 1024K,   0% used [0x00000000c4700000, 0x00000000c4800000)
AC   0  F    TS     0 PTAMS 0x00000000c4800000 NTAMS 0x00000000c4800000 space 1024K,   0% used [0x00000000c4800000, 0x00000000c4900000)
AC   0  F    TS     0 PTAMS 0x00000000c4900000 NTAMS 0x00000000c4900000 space 1024K,   0% used [0x00000000c4900000, 0x00000000c4a00000)
AC   0  F    TS     0 PTAMS 0x00000000c4a00000 NTAMS 0x00000000c4a00000 space 1024K,   0% used [0x00000000c4a00000, 0x00000000c4b00000)
AC   0  F    TS     0 PTAMS 0x00000000c4b00000 NTAMS 0x00000000c4b00000 space 1024K,   0% used [0x00000000c4b00000, 0x00000000c4c00000)
AC   0  F    TS     0 PTAMS 0x00000000c4c00000 NTAMS 0x00000000c4c00000 space 1024K,   0% used [0x00000000c4c00000, 0x00000000c4d00000)
AC   0  F    TS     0 PTAMS 0x00000000c4d00000 NTAMS 0x00000000c4d00000 space 1024K,   0% used [0x00000000c4d00000, 0x00000000c4e00000)
AC   0  F    TS     0 PTAMS 0x00000000c4e00000 NTAMS 0x00000000c4e00000 space 1024K,   0% used [0x00000000c4e00000, 0x00000000c4f00000)
AC   0  F    TS     0 PTAMS 0x00000000c4f00000 NTAMS 0x00000000c4f00000 space 1024K,   0% used [0x00000000c4f00000, 0x00000000c5000000)
AC   0  F    TS     0 PTAMS 0x00000000c5000000 NTAMS 0x00000000c5000000 space 1024K,   0% used [0x00000000c5000000, 0x00000000c5100000)
AC   0  F    TS     0 PTAMS 0x00000000c5100000 NTAMS 0x00000000c5100000 space 1024K,   0% used [0x00000000c5100000, 0x00000000c5200000)
AC   0  F    TS     0 PTAMS 0x00000000c5200000 NTAMS 0x00000000c5200000 space 1024K,   0% used [0x00000000c5200000, 0x00000000c5300000)
AC   0  F    TS     0 PTAMS 0x00000000c5300000 NTAMS 0x00000000c5300000 space 1024K,   0% used [0x00000000c5300000, 0x00000000c5400000)
AC   0  F    TS     0 PTAMS 0x00000000c5400000 NTAMS 0x00000000c5400000 space 1024K,   0% used [0x00000000c5400000, 0x00000000c5500000)
AC   0  F    TS     0 PTAMS 0x00000000c5500000 NTAMS 0x00000000c5500000 space 1024K,   0% used [0x00000000c5500000, 0x00000000c5600000)
AC   0  F    TS     0 PTAMS 0x00000000c5600000 NTAMS 0x00000000c5600000 space 1024K,   0% used [0x00000000c5600000, 0x00000000c5700000)
AC   0  E    TS     0 PTAMS 0x00000000c5700000 NTAMS 0x00000000c5700000 space 1024K, 100% used [0x00000000c5700000, 0x00000000c5800000)
AC   0  E CS TS     0 PTAMS 0x00000000c5800000 NTAMS 0x00000000c5800000 space 1024K, 100% used [0x00000000c5800000, 0x00000000c5900000)
AC   0  E CS TS     0 PTAMS 0x00000000c5900000 NTAMS 0x00000000c5900000 space 1024K, 100% used [0x00000000c5900000, 0x00000000c5a00000)
AC   0  E CS TS     0 PTAMS 0x00000000c5a00000 NTAMS 0x00000000c5a00000 space 1024K, 100% used [0x00000000c5a00000, 0x00000000c5b00000)
AC   0  E CS TS     0 PTAMS 0x00000000c5b00000 NTAMS 0x00000000c5b00000 space 1024K, 100% used [0x00000000c5b00000, 0x00000000c5c00000)
AC   0  E CS TS     0 PTAMS 0x00000000c5c00000 NTAMS 0x00000000c5c00000 space 1024K, 100% used [0x00000000c5c00000, 0x00000000c5d00000)
AC   0  E CS TS     0 PTAMS 0x00000000c5d00000 NTAMS 0x00000000c5d00000 space 1024K, 100% used [0x00000000c5d00000, 0x00000000c5e00000)
AC   0  E CS TS     0 PTAMS 0x00000000c5e00000 NTAMS 0x00000000c5e00000 space 1024K, 100% used [0x00000000c5e00000, 0x00000000c5f00000)
AC   0  E CS TS     0 PTAMS 0x00000000c5f00000 NTAMS 0x00000000c5f00000 space 1024K, 100% used [0x00000000c5f00000, 0x00000000c6000000)
AC   0  E CS TS     0 PTAMS 0x00000000c6000000 NTAMS 0x00000000c6000000 space 1024K, 100% used [0x00000000c6000000, 0x00000000c6100000)
AC   0  E CS TS     0 PTAMS 0x00000000c6100000 NTAMS 0x00000000c6100000 space 1024K, 100% used [0x00000000c6100000, 0x00000000c6200000)
AC   0  E CS TS     0 PTAMS 0x00000000c6200000 NTAMS 0x00000000c6200000 space 1024K, 100% used [0x00000000c6200000, 0x00000000c6300000)
AC   0  E CS TS     0 PTAMS 0x00000000c6300000 NTAMS 0x00000000c6300000 space 1024K, 100% used [0x00000000c6300000, 0x00000000c6400000)
AC   0  E CS TS     0 PTAMS 0x00000000c6400000 NTAMS 0x00000000c6400000 space 1024K, 100% used [0x00000000c6400000, 0x00000000c6500000)
AC   0  E CS TS     0 PTAMS 0x00000000c6500000 NTAMS 0x00000000c6500000 space 1024K, 100% used [0x00000000c6500000, 0x00000000c6600000)
AC   0  E CS TS     0 PTAMS 0x00000000c6600000 NTAMS 0x00000000c6600000 space 1024K, 100% used [0x00000000c6600000, 0x00000000c6700000)
AC   0  E CS TS     0 PTAMS 0x00000000c6700000 NTAMS 0x00000000c6700000 space 1024K, 100% used [0x00000000c6700000, 0x00000000c6800000)
AC   0  E CS TS     0 PTAMS 0x00000000c6800000 NTAMS 0x00000000c6800000 space 1024K, 100% used [0x00000000c6800000, 0x00000000c6900000)
AC   0  E CS TS     0 PTAMS 0x00000000c6900000 NTAMS 0x00000000c6900000 space 1024K, 100% used [0x00000000c6900000, 0x00000000c6a00000)
AC   0  E CS TS     0 PTAMS 0x00000000c6a00000 NTAMS 0x00000000c6a00000 space 1024K, 100% used [0x00000000c6a00000, 0x00000000c6b00000)
AC   0  E CS TS     0 PTAMS 0x00000000c6b00000 NTAMS 0x00000000c6b00000 space 1024K, 100% used [0x00000000c6b00000, 0x00000000c6c00000)
AC   0  E CS TS     0 PTAMS 0x00000000c6c00000 NTAMS 0x00000000c6c00000 space 1024K, 100% used [0x00000000c6c00000, 0x00000000c6d00000)
AC   0  E CS TS     0 PTAMS 0x00000000c6d00000 NTAMS 0x00000000c6d00000 space 1024K, 100% used [0x00000000c6d00000, 0x00000000c6e00000)
AC   0  E CS TS     0 PTAMS 0x00000000c6e00000 NTAMS 0x00000000c6e00000 space 1024K, 100% used [0x00000000c6e00000, 0x00000000c6f00000)
AC   0  E CS TS     0 PTAMS 0x00000000c6f00000 NTAMS 0x00000000c6f00000 space 1024K, 100% used [0x00000000c6f00000, 0x00000000c7000000)
AC   0  E CS TS     0 PTAMS 0x00000000c7000000 NTAMS 0x00000000c7000000 space 1024K, 100% used [0x00000000c7000000, 0x00000000c7100000)
AC   0  E CS TS     0 PTAMS 0x00000000c7100000 NTAMS 0x00000000c7100000 space 1024K, 100% used [0x00000000c7100000, 0x00000000c7200000)
AC   0  E CS TS     0 PTAMS 0x00000000c7200000 NTAMS 0x00000000c7200000 space 1024K, 100% used [0x00000000c7200000, 0x00000000c7300000)
AC   0  E CS TS     0 PTAMS 0x00000000c7300000 NTAMS 0x00000000c7300000 space 1024K, 100% used [0x00000000c7300000, 0x00000000c7400000)
AC   0  E CS TS     0 PTAMS 0x00000000c7400000 NTAMS 0x00000000c7400000 space 1024K, 100% used [0x00000000c7400000, 0x00000000c7500000)
AC   0  E CS TS     0 PTAMS 0x00000000c7500000 NTAMS 0x00000000c7500000 space 1024K, 100% used [0x00000000c7500000, 0x00000000c7600000)
AC   0  E CS TS     0 PTAMS 0x00000000c7600000 NTAMS 0x00000000c7600000 space 1024K, 100% used [0x00000000c7600000, 0x00000000c7700000)
AC   0  E CS TS     0 PTAMS 0x00000000c7700000 NTAMS 0x00000000c7700000 space 1024K, 100% used [0x00000000c7700000, 0x00000000c7800000)
AC   0  E CS TS     0 PTAMS 0x00000000c7800000 NTAMS 0x00000000c7800000 space 1024K, 100% used [0x00000000c7800000, 0x00000000c7900000)
AC   0  E CS TS     0 PTAMS 0x00000000c7900000 NTAMS 0x00000000c7900000 space 1024K, 100% used [0x00000000c7900000, 0x00000000c7a00000)
AC   0  E CS TS     0 PTAMS 0x00000000c7a00000 NTAMS 0x00000000c7a00000 space 1024K, 100% used [0x00000000c7a00000, 0x00000000c7b00000)
AC   0  E CS TS     0 PTAMS 0x00000000c7b00000 NTAMS 0x00000000c7b00000 space 1024K, 100% used [0x00000000c7b00000, 0x00000000c7c00000)
AC   0  E CS TS     0 PTAMS 0x00000000c7c00000 NTAMS 0x00000000c7c00000 space 1024K, 100% used [0x00000000c7c00000, 0x00000000c7d00000)
AC   0  E CS TS     0 PTAMS 0x00000000c7d00000 NTAMS 0x00000000c7d00000 space 1024K, 100% used [0x00000000c7d00000, 0x00000000c7e00000)
AC   0  E CS TS     0 PTAMS 0x00000000c7e00000 NTAMS 0x00000000c7e00000 space 1024K, 100% used [0x00000000c7e00000, 0x00000000c7f00000)
AC   0  E CS TS     0 PTAMS 0x00000000c7f00000 NTAMS 0x00000000c7f00000 space 1024K, 100% used [0x00000000c7f00000, 0x00000000c8000000)
AC   0  E CS TS     0 PTAMS 0x00000000c8000000 NTAMS 0x00000000c8000000 space 1024K, 100% used [0x00000000c8000000, 0x00000000c8100000)
AC   0  E CS TS     0 PTAMS 0x00000000c8100000 NTAMS 0x00000000c8100000 space 1024K, 100% used [0x00000000c8100000, 0x00000000c8200000)
AC   0  E CS TS     0 PTAMS 0x00000000c8200000 NTAMS 0x00000000c8200000 space 1024K, 100% used [0x00000000c8200000, 0x00000000c8300000)
AC   0  E CS TS     0 PTAMS 0x00000000c8300000 NTAMS 0x00000000c8300000 space 1024K, 100% used [0x00000000c8300000, 0x00000000c8400000)
AC   0  E CS TS     0 PTAMS 0x00000000c8400000 NTAMS 0x00000000c8400000 space 1024K, 100% used [0x00000000c8400000, 0x00000000c8500000)
AC   0  E CS TS     0 PTAMS 0x00000000c8500000 NTAMS 0x00000000c8500000 space 1024K, 100% used [0x00000000c8500000, 0x00000000c8600000)
AC   0  E CS TS     0 PTAMS 0x00000000c8600000 NTAMS 0x00000000c8600000 space 1024K, 100% used [0x00000000c8600000, 0x00000000c8700000)
AC   0  E CS TS     0 PTAMS 0x00000000c8700000 NTAMS 0x00000000c8700000 space 1024K, 100% used [0x00000000c8700000, 0x00000000c8800000)
AC   0  E CS TS     0 PTAMS 0x00000000c8800000 NTAMS 0x00000000c8800000 space 1024K, 100% used [0x00000000c8800000, 0x00000000c8900000)
AC   0  E CS TS     0 PTAMS 0x00000000c8900000 NTAMS 0x00000000c8900000 space 1024K, 100% used [0x00000000c8900000, 0x00000000c8a00000)
AC   0  E CS TS     0 PTAMS 0x00000000c8a00000 NTAMS 0x00000000c8a00000 space 1024K, 100% used [0x00000000c8a00000, 0x00000000c8b00000)
AC   0  E CS TS     0 PTAMS 0x00000000c8b00000 NTAMS 0x00000000c8b00000 space 1024K, 100% used [0x00000000c8b00000, 0x00000000c8c00000)
AC   0  E CS TS     0 PTAMS 0x00000000c8c00000 NTAMS 0x00000000c8c00000 space 1024K, 100% used [0x00000000c8c00000, 0x00000000c8d00000)
AC   0  S CS TS     1 PTAMS 0x00000000c8d00000 NTAMS 0x00000000c8d00000 space 1024K, 100% used [0x00000000c8d00000, 0x00000000c8e00000)
AC   0  S CS TS     1 PTAMS 0x00000000c8e00000 NTAMS 0x00000000c8e00000 space 1024K, 100% used [0x00000000c8e00000, 0x00000000c8f00000)
AC   0  S CS TS     1 PTAMS 0x00000000c8f00000 NTAMS 0x00000000c8f00000 space 1024K, 100% used [0x00000000c8f00000, 0x00000000c9000000)
AC   0  O    TS     0 PTAMS 0x00000000c9100000 NTAMS 0x00000000c9100000 space 1024K, 100% used [0x00000000c9000000, 0x00000000c9100000)
AC   0  O    TS     0 PTAMS 0x00000000c9200000 NTAMS 0x00000000c9200000 space 1024K, 100% used [0x00000000c9100000, 0x00000000c9200000)
AC   0  O    TS     0 PTAMS 0x00000000c9300000 NTAMS 0x00000000c9300000 space 1024K, 100% used [0x00000000c9200000, 0x00000000c9300000)
AC   0  O    TS     0 PTAMS 0x00000000c9400000 NTAMS 0x00000000c9400000 space 1024K, 100% used [0x00000000c9300000, 0x00000000c9400000)
AC   0  O    TS     0 PTAMS 0x00000000c9500000 NTAMS 0x00000000c9500000 space 1024K, 100% used [0x00000000c9400000, 0x00000000c9500000)
AC   0  O    TS     0 PTAMS 0x00000000c9600000 NTAMS 0x00000000c9600000 space 1024K, 100% used [0x00000000c9500000, 0x00000000c9600000)
AC   0  O    TS     0 PTAMS 0x00000000c9700000 NTAMS 0x00000000c9700000 space 1024K, 100% used [0x00000000c9600000, 0x00000000c9700000)
AC   0  O    TS     0 PTAMS 0x00000000c9800000 NTAMS 0x00000000c9800000 space 1024K, 100% used [0x00000000c9700000, 0x00000000c9800000)

Card table byte_map: [0x0000000012cf0000,0x0000000012ef0000] byte_map_base: 0x00000000126f0000

Marking Bits (Prev, Next): (CMBitMap*) 0x0000000003049d28, (CMBitMap*) 0x0000000003049d80
 Prev Bits: [0x00000000130f0000, 0x00000000140f0000)
 Next Bits: [0x00000000140f0000, 0x00000000150f0000)

Polling page: 0x0000000002bf0000

CodeCache: size=245760Kb used=10300Kb max_used=10638Kb free=235459Kb
 bounds [0x0000000003120000, 0x0000000003bd0000, 0x0000000012120000]
 total_blobs=3582 nmethods=3047 adapters=448
 compilation: enabled

Compilation events (10 events):
Event: 16513.009 Thread 0x0000000017ec5800 nmethod 3565 0x000000000363c6d0 code [0x000000000363c820, 0x000000000363c930]
Event: 17113.052 Thread 0x0000000017ec5800 3566       3       org.eclipse.core.internal.jobs.InternalJob::remove (48 bytes)
Event: 17113.052 Thread 0x0000000017ec5800 nmethod 3566 0x0000000003340590 code [0x0000000003340700, 0x0000000003340bb0]
Event: 18313.085 Thread 0x0000000017ec5800 3567       1       java.lang.Thread::getThreadGroup (5 bytes)
Event: 18313.085 Thread 0x0000000017ec5800 nmethod 3567 0x0000000003a19c10 code [0x0000000003a19d60, 0x0000000003a19e70]
Event: 18613.096 Thread 0x0000000017ec5800 3568       3       org.eclipse.core.runtime.Assert::isTrue (7 bytes)
Event: 18613.097 Thread 0x0000000017ec5800 nmethod 3568 0x000000000374ef10 code [0x000000000374f100, 0x000000000374fa70]
Event: 19513.142 Thread 0x0000000017ec5800 3569       3       org.eclipse.core.internal.resources.Resource::contains (118 bytes)
Event: 19513.143 Thread 0x0000000017ec5800 nmethod 3569 0x00000000032fc290 code [0x00000000032fc4c0, 0x00000000032fd450]
Event: 19897.267 Thread 0x0000000017ec4000 3570   !   4       java.util.jar.Attributes::read (380 bytes)

GC Heap History (10 events):
Event: 9111.794 GC heap before
{Heap before GC invocations=28 (full 0):
 garbage-first heap   total 108544K, used 91648K [0x00000000c0000000, 0x00000000c0100350, 0x0000000100000000)
  region size 1024K, 27 young (27648K), 5 survivors (5120K)
 Metaspace       used 39639K, capacity 41456K, committed 41808K, reserved 1087488K
  class space    used 4047K, capacity 4681K, committed 4736K, reserved 1048576K
Event: 9111.806 GC heap after
Heap after GC invocations=29 (full 0):
 garbage-first heap   total 113664K, used 84992K [0x00000000c0000000, 0x00000000c0100378, 0x0000000100000000)
  region size 1024K, 4 young (4096K), 4 survivors (4096K)
 Metaspace       used 39639K, capacity 41456K, committed 41808K, reserved 1087488K
  class space    used 4047K, capacity 4681K, committed 4736K, reserved 1048576K
}
Event: 9824.753 GC heap before
{Heap before GC invocations=30 (full 0):
 garbage-first heap   total 113664K, used 50176K [0x00000000c0000000, 0x00000000c0100378, 0x0000000100000000)
  region size 1024K, 15 young (15360K), 4 survivors (4096K)
 Metaspace       used 39639K, capacity 41456K, committed 41808K, reserved 1087488K
  class space    used 4047K, capacity 4681K, committed 4736K, reserved 1048576K
Event: 9824.761 GC heap after
Heap after GC invocations=31 (full 0):
 garbage-first heap   total 113664K, used 45568K [0x00000000c0000000, 0x00000000c0100378, 0x0000000100000000)
  region size 1024K, 2 young (2048K), 2 survivors (2048K)
 Metaspace       used 39639K, capacity 41456K, committed 41808K, reserved 1087488K
  class space    used 4047K, capacity 4681K, committed 4736K, reserved 1048576K
}
Event: 13203.139 GC heap before
{Heap before GC invocations=31 (full 0):
 garbage-first heap   total 113664K, used 98816K [0x00000000c0000000, 0x00000000c0100378, 0x0000000100000000)
  region size 1024K, 54 young (55296K), 2 survivors (2048K)
 Metaspace       used 39645K, capacity 41456K, committed 41808K, reserved 1087488K
  class space    used 4047K, capacity 4681K, committed 4736K, reserved 1048576K
Event: 13203.169 GC heap after
Heap after GC invocations=32 (full 0):
 garbage-first heap   total 148480K, used 92160K [0x00000000c0000000, 0x00000000c0100488, 0x0000000100000000)
  region size 1024K, 7 young (7168K), 7 survivors (7168K)
 Metaspace       used 39645K, capacity 41456K, committed 41808K, reserved 1087488K
  class space    used 4047K, capacity 4681K, committed 4736K, reserved 1048576K
}
Event: 15279.980 GC heap before
{Heap before GC invocations=32 (full 0):
 garbage-first heap   total 148480K, used 124928K [0x00000000c0000000, 0x00000000c0100488, 0x0000000100000000)
  region size 1024K, 39 young (39936K), 7 survivors (7168K)
 Metaspace       used 39646K, capacity 41456K, committed 41808K, reserved 1087488K
  class space    used 4047K, capacity 4681K, committed 4736K, reserved 1048576K
Event: 15279.997 GC heap after
Heap after GC invocations=33 (full 0):
 garbage-first heap   total 155648K, used 115200K [0x00000000c0000000, 0x00000000c01004c0, 0x0000000100000000)
  region size 1024K, 5 young (5120K), 5 survivors (5120K)
 Metaspace       used 39646K, capacity 41456K, committed 41808K, reserved 1087488K
  class space    used 4047K, capacity 4681K, committed 4736K, reserved 1048576K
}
Event: 16449.875 GC heap before
{Heap before GC invocations=34 (full 0):
 garbage-first heap   total 155648K, used 67072K [0x00000000c0000000, 0x00000000c01004c0, 0x0000000100000000)
  region size 1024K, 23 young (23552K), 5 survivors (5120K)
 Metaspace       used 39648K, capacity 41456K, committed 41808K, reserved 1087488K
  class space    used 4047K, capacity 4681K, committed 4736K, reserved 1048576K
Event: 16449.885 GC heap after
Heap after GC invocations=35 (full 0):
 garbage-first heap   total 155648K, used 60928K [0x00000000c0000000, 0x00000000c01004c0, 0x0000000100000000)
  region size 1024K, 3 young (3072K), 3 survivors (3072K)
 Metaspace       used 39648K, capacity 41456K, committed 41808K, reserved 1087488K
  class space    used 4047K, capacity 4681K, committed 4736K, reserved 1048576K
}

Deoptimization events (10 events):
Event: 307.499 Thread 0x000000001aa5c800 Uncommon trap: reason=bimorphic action=maybe_recompile pc=0x000000000375fe48 method=java.io.DataOutputStream.write([BII)V @ 7
Event: 307.520 Thread 0x000000001aa5c800 Uncommon trap: reason=bimorphic action=maybe_recompile pc=0x00000000038701c0 method=java.io.DataOutputStream.writeByte(I)V @ 5
Event: 307.521 Thread 0x000000001aa5c800 Uncommon trap: reason=bimorphic action=maybe_recompile pc=0x00000000038701c0 method=java.io.DataOutputStream.writeByte(I)V @ 5
Event: 307.521 Thread 0x000000001aa5c800 Uncommon trap: reason=bimorphic action=maybe_recompile pc=0x00000000038701c0 method=java.io.DataOutputStream.writeByte(I)V @ 5
Event: 307.521 Thread 0x000000001aa5c800 Uncommon trap: reason=bimorphic action=maybe_recompile pc=0x00000000038701c0 method=java.io.DataOutputStream.writeByte(I)V @ 5
Event: 307.531 Thread 0x000000001aa5c800 Uncommon trap: reason=bimorphic action=maybe_recompile pc=0x000000000379d598 method=java.io.DataOutputStream.writeShort(I)V @ 12
Event: 307.531 Thread 0x000000001aa5c800 Uncommon trap: reason=bimorphic action=maybe_recompile pc=0x000000000379d598 method=java.io.DataOutputStream.writeShort(I)V @ 12
Event: 307.531 Thread 0x000000001aa5c800 Uncommon trap: reason=bimorphic action=maybe_recompile pc=0x000000000379d598 method=java.io.DataOutputStream.writeShort(I)V @ 12
Event: 2040.140 Thread 0x0000000017e5e800 Uncommon trap: reason=unstable_if action=reinterpret pc=0x00000000034dd170 method=java.lang.ref.Reference.tryHandlePending(Z)Z @ 20
Event: 19897.264 Thread 0x000000000301d800 Uncommon trap: reason=unstable_if action=reinterpret pc=0x0000000003b9172c method=org.eclipse.jdt.ls.core.internal.LanguageServer.parentProcessStillRunning()Z @ 93

Internal exceptions (10 events):
Event: 9.790 Thread 0x000000001aa5c800 Exception <a 'java/lang/NullPointerException'> (0x00000000c254fd38) thrown at [C:\cygwin64\tmp\ojdkbuild\lookaside\java-1.8.0-openjdk\hotspot\src\share\vm\interpreter\linkResolver.cpp, line 1197]
Event: 9.790 Thread 0x000000001aa5c800 Exception <a 'java/lang/NullPointerException'> (0x00000000c254ff50) thrown at [C:\cygwin64\tmp\ojdkbuild\lookaside\java-1.8.0-openjdk\hotspot\src\share\vm\interpreter\linkResolver.cpp, line 1197]
Event: 9.807 Thread 0x000000001aa38000 Exception <a 'java/io/FileNotFoundException'> (0x00000000c256a7b8) thrown at [C:\cygwin64\tmp\ojdkbuild\lookaside\java-1.8.0-openjdk\hotspot\src\share\vm\prims\jni.cpp, line 709]
Event: 10.324 Thread 0x000000001b078800 Exception <a 'java/lang/ArrayIndexOutOfBoundsException': 841> (0x00000000c35ea1f0) thrown at [C:\cygwin64\tmp\ojdkbuild\lookaside\java-1.8.0-openjdk\hotspot\src\share\vm\interpreter\interpreterRuntime.cpp, line 369]
Event: 10.344 Thread 0x000000001b078800 Exception <a 'java/io/FileNotFoundException'> (0x00000000c34af6a8) thrown at [C:\cygwin64\tmp\ojdkbuild\lookaside\java-1.8.0-openjdk\hotspot\src\share\vm\prims\jni.cpp, line 709]
Event: 10.564 Thread 0x000000001a326800 Exception <a 'sun/nio/fs/WindowsException'> (0x00000000c2d086c8) thrown at [C:\cygwin64\tmp\ojdkbuild\lookaside\java-1.8.0-openjdk\hotspot\src\share\vm\prims\jni.cpp, line 709]
Event: 10.565 Thread 0x000000001a326800 Exception <a 'sun/nio/fs/WindowsException'> (0x00000000c2d0b3d8) thrown at [C:\cygwin64\tmp\ojdkbuild\lookaside\java-1.8.0-openjdk\hotspot\src\share\vm\prims\jni.cpp, line 709]
Event: 10.573 Thread 0x000000001a326800 Exception <a 'sun/nio/fs/WindowsException'> (0x00000000c2d19618) thrown at [C:\cygwin64\tmp\ojdkbuild\lookaside\java-1.8.0-openjdk\hotspot\src\share\vm\prims\jni.cpp, line 709]
Event: 10.574 Thread 0x000000001a326800 Exception <a 'sun/nio/fs/WindowsException'> (0x00000000c2d1b158) thrown at [C:\cygwin64\tmp\ojdkbuild\lookaside\java-1.8.0-openjdk\hotspot\src\share\vm\prims\jni.cpp, line 709]
Event: 307.519 Thread 0x000000001aa5c800 Exception <a 'java/io/FileNotFoundException'> (0x00000000c2682368) thrown at [C:\cygwin64\tmp\ojdkbuild\lookaside\java-1.8.0-openjdk\hotspot\src\share\vm\prims\jni.cpp, line 709]

Events (10 events):
Event: 16449.887 Executing VM operation: BulkRevokeBias
Event: 16449.887 Executing VM operation: BulkRevokeBias done
Event: 16513.009 Thread 0x0000000017ec5800 flushing nmethod 0x0000000003a19c10
Event: 17113.052 Thread 0x0000000017ec5800 flushing nmethod 0x0000000003ad41d0
Event: 17113.052 Thread 0x0000000017ec5800 flushing nmethod 0x0000000003ae0c10
Event: 19897.264 Thread 0x000000000301d800 Uncommon trap: trap_request=0xffffff65 fr.pc=0x0000000003b9172c
Event: 19897.264 Thread 0x000000000301d800 DEOPT PACKING pc=0x0000000003b9172c sp=0x0000000002f3e530
Event: 19897.264 Thread 0x000000000301d800 DEOPT UNPACKING pc=0x000000000316556a sp=0x0000000002f3e510 mode 2
Event: 19897.265 loading class org/eclipse/osgi/internal/framework/EquinoxBundle$SystemBundle$EquinoxSystemModule$1
Event: 19897.265 loading class org/eclipse/osgi/internal/framework/EquinoxBundle$SystemBundle$EquinoxSystemModule$1 done


Dynamic libraries:
0x00007ff7c0a60000 - 0x00007ff7c0aa3000 	C:\Program Files\RedHat\java-1.8.0-openjdk-1.8.0.141-2\bin\java.exe
0x00007ffc84940000 - 0x00007ffc84b12000 	C:\Windows\SYSTEM32\ntdll.dll
0x00007ffc84010000 - 0x00007ffc840bc000 	C:\Windows\System32\KERNEL32.DLL
0x00007ffc81cb0000 - 0x00007ffc81ecd000 	C:\Windows\System32\KERNELBASE.dll
0x00007ffc845b0000 - 0x00007ffc84652000 	C:\Windows\System32\ADVAPI32.dll
0x00007ffc83770000 - 0x00007ffc8380e000 	C:\Windows\System32\msvcrt.dll
0x00007ffc83e80000 - 0x00007ffc83ed9000 	C:\Windows\System32\sechost.dll
0x00007ffc83ee0000 - 0x00007ffc84001000 	C:\Windows\System32\RPCRT4.dll
0x00007ffc838c0000 - 0x00007ffc83a25000 	C:\Windows\System32\USER32.dll
0x00007ffc81970000 - 0x00007ffc8198e000 	C:\Windows\System32\win32u.dll
0x00007ffc83b90000 - 0x00007ffc83bc4000 	C:\Windows\System32\GDI32.dll
0x00007ffc81680000 - 0x00007ffc81800000 	C:\Windows\System32\gdi32full.dll
0x00007ffc781a0000 - 0x00007ffc7841a000 	C:\Windows\WinSxS\amd64_microsoft.windows.common-controls_6595b64144ccf1df_6.0.14393.953_none_42151e83c686086b\COMCTL32.dll
0x00007ffc84660000 - 0x00007ffc84928000 	C:\Windows\System32\combase.dll
0x00007ffc81520000 - 0x00007ffc81615000 	C:\Windows\System32\ucrtbase.dll
0x00007ffc81800000 - 0x00007ffc8186a000 	C:\Windows\System32\bcryptPrimitives.dll
0x00007ffc75eb0000 - 0x00007ffc75eca000 	C:\Program Files\RedHat\java-1.8.0-openjdk-1.8.0.141-2\bin\ojdkbuild_zlib.dll
0x00007ffc82070000 - 0x00007ffc8209e000 	C:\Windows\System32\IMM32.DLL
0x000000005db50000 - 0x000000005dc22000 	C:\Program Files\RedHat\java-1.8.0-openjdk-1.8.0.141-2\jre\bin\msvcr100.dll
0x000000005d2e0000 - 0x000000005db44000 	C:\Program Files\RedHat\java-1.8.0-openjdk-1.8.0.141-2\jre\bin\server\jvm.dll
0x00007ffc83830000 - 0x00007ffc83838000 	C:\Windows\System32\PSAPI.DLL
0x00007ffc78720000 - 0x00007ffc78729000 	C:\Windows\SYSTEM32\WSOCK32.dll
0x00007ffc83840000 - 0x00007ffc838aa000 	C:\Windows\System32\WS2_32.dll
0x00007ffc7f000000 - 0x00007ffc7f023000 	C:\Windows\SYSTEM32\WINMM.dll
0x00007ffc76370000 - 0x00007ffc7637a000 	C:\Windows\SYSTEM32\VERSION.dll
0x00007ffc7efa0000 - 0x00007ffc7efcb000 	C:\Windows\SYSTEM32\WINMMBASE.dll
0x00007ffc81920000 - 0x00007ffc81962000 	C:\Windows\System32\cfgmgr32.dll
0x00007ffc79180000 - 0x00007ffc7918f000 	C:\Program Files\RedHat\java-1.8.0-openjdk-1.8.0.141-2\jre\bin\verify.dll
0x00007ffc73d00000 - 0x00007ffc73d29000 	C:\Program Files\RedHat\java-1.8.0-openjdk-1.8.0.141-2\jre\bin\java.dll
0x00007ffc78cf0000 - 0x00007ffc78cfb000 	C:\Program Files\RedHat\java-1.8.0-openjdk-1.8.0.141-2\jre\bin\zip.dll
0x00007ffc82260000 - 0x00007ffc83768000 	C:\Windows\System32\SHELL32.dll
0x00007ffc80e40000 - 0x00007ffc8151a000 	C:\Windows\System32\windows.storage.dll
0x00007ffc80df0000 - 0x00007ffc80e3c000 	C:\Windows\System32\powrprof.dll
0x00007ffc84550000 - 0x00007ffc845a2000 	C:\Windows\System32\shlwapi.dll
0x00007ffc80dc0000 - 0x00007ffc80dcf000 	C:\Windows\System32\kernel.appcore.dll
0x00007ffc81870000 - 0x00007ffc81919000 	C:\Windows\System32\shcore.dll
0x00007ffc80dd0000 - 0x00007ffc80de4000 	C:\Windows\System32\profapi.dll
0x00007ffc80820000 - 0x00007ffc80837000 	C:\Windows\SYSTEM32\CRYPTSP.dll
0x00007ffc80280000 - 0x00007ffc802b3000 	C:\Windows\system32\rsaenh.dll
0x00007ffc80d00000 - 0x00007ffc80d2b000 	C:\Windows\SYSTEM32\bcrypt.dll
0x00007ffc80500000 - 0x00007ffc8051f000 	C:\Windows\SYSTEM32\USERENV.dll
0x00007ffc80ce0000 - 0x00007ffc80ceb000 	C:\Windows\SYSTEM32\CRYPTBASE.dll
0x00007ffc73ce0000 - 0x00007ffc73cfa000 	C:\Program Files\RedHat\java-1.8.0-openjdk-1.8.0.141-2\jre\bin\net.dll
0x00007ffc80680000 - 0x00007ffc806dc000 	C:\Windows\system32\mswsock.dll
0x00007ffc80400000 - 0x00007ffc80438000 	C:\Windows\SYSTEM32\IPHLPAPI.DLL
0x00007ffc838b0000 - 0x00007ffc838b8000 	C:\Windows\System32\NSI.dll
0x00007ffc79e60000 - 0x00007ffc79e76000 	C:\Windows\SYSTEM32\dhcpcsvc6.DLL
0x00007ffc79c00000 - 0x00007ffc79c1a000 	C:\Windows\SYSTEM32\dhcpcsvc.DLL
0x00007ffc73cc0000 - 0x00007ffc73cd1000 	C:\Program Files\RedHat\java-1.8.0-openjdk-1.8.0.141-2\jre\bin\nio.dll
0x0000000072000000 - 0x0000000072012000 	C:\Users\tadmin\.vscode\extensions\redhat.java-0.11.0\server\config_win\org.eclipse.equinox.launcher\org.eclipse.equinox.launcher.win32.win32.x86_64_1.1.500.v20170531-1133\eclipse_1624.dll

VM Arguments:
jvm_args: -Declipse.application=org.eclipse.jdt.ls.core.id1 -Dosgi.bundles.defaultStartLevel=4 -Declipse.product=org.eclipse.jdt.ls.core.product -Xverify:none -Xmx1G -XX:+UseG1GC -XX:+UseStringDeduplication 
java_command: C:\Users\tadmin\.vscode\extensions\redhat.java-0.11.0\server\plugins\org.eclipse.equinox.launcher_1.4.0.v20161219-1356.jar -configuration C:\Users\tadmin\.vscode\extensions\redhat.java-0.11.0\server\config_win -data C:\Users\tadmin\AppData\Roaming\Code\User\workspaceStorage\1a944f911d0ce48606f5f694230cb09f\redhat.java\jdt_ws
java_class_path (initial): C:\Users\tadmin\.vscode\extensions\redhat.java-0.11.0\server\plugins\org.eclipse.equinox.launcher_1.4.0.v20161219-1356.jar
Launcher Type: SUN_STANDARD

Environment Variables:
PATH=C:\ProgramData\Oracle\Java\javapath;C:\Program Files\Microsoft MPI\Bin\;C:\Windows\system32;C:\Windows;C:\Windows\System32\Wbem;C:\Windows\System32\WindowsPowerShell\v1.0\;C:\Program Files (x86)\Microsoft SQL Server\130\Tools\Binn\;C:\Program Files\Microsoft SQL Server\130\Tools\Binn\;C:\Program Files (x86)\Microsoft SQL Server\130\DTS\Binn\;C:\Program Files\Microsoft SQL Server\130\DTS\Binn\;C:\Program Files\Microsoft SQL Server\Client SDK\ODBC\130\Tools\Binn\;C:\Program Files (x86)\Microsoft SQL Server\Client SDK\ODBC\130\Tools\Binn\;C:\Program Files (x86)\Microsoft SQL Server\140\Tools\Binn\;C:\Program Files (x86)\Microsoft SQL Server\140\DTS\Binn\;C:\Program Files (x86)\Microsoft SQL Server\140\Tools\Binn\ManagementStudio\;C:\Program Files\RedHat\java-1.8.0-openjdk-1.8.0.141-2\bin;C:\Program Files\nodejs\;C:\java\bin;C:\Users\tadmin\AppData\Local\Microsoft\WindowsApps;C:\Program Files (x86)\Microsoft VS Code\bin;C:\Users\tadmin\AppData\Roaming\npm
USERNAME=tadmin
OS=Windows_NT
PROCESSOR_IDENTIFIER=Intel64 Family 6 Model 63 Stepping 2, GenuineIntel



---------------  S Y S T E M  ---------------

OS: Windows 10.0 , 64 bit Build 14393 (10.0.14393.1198)

CPU:total 1 (initial active 1) (1 cores per cpu, 1 threads per core) family 6 model 63 stepping 2, cmov, cx8, fxsr, mmx, sse, sse2, sse3, ssse3, sse4.1, sse4.2, popcnt, avx, avx2, aes, clmul, erms, lzcnt, tsc, bmi1, bmi2

Memory: 4k page, physical 3669556k(334528k free), swap 4586920k(5144k free)

vm_info: OpenJDK 64-Bit Server VM (25.141-b16) for windows-amd64 JRE (1.8.0_141-2-redhat-b16), built on Jul 25 2017 10:47:25 by "build" with MS VC++ 10.0 (VS2010)

time: Tue Oct 10 08:12:06 2017
elapsed time: 19897 seconds (0d 5h 31m 37s)

