#
# There is insufficient memory for the Java Runtime Environment to continue.
# Native memory allocation (mmap) failed to map 1048576 bytes for Failed to commit area from 0x00000000d6800000 to 0x00000000d6900000 of length 1048576.
# Possible reasons:
#   The system is out of physical RAM or swap space
#   In 32 bit mode, the process size limit was hit
# Possible solutions:
#   Reduce memory load on the system
#   Increase physical memory or swap space
#   Check if swap backing store is full
#   Use 64 bit Java on a 64 bit OS
#   Decrease Java heap size (-Xmx/-Xms)
#   Decrease number of Java threads
#   Decrease Java thread stack sizes (-Xss)
#   Set larger code cache with -XX:ReservedCodeCacheSize=
# This output file may be truncated or incomplete.
#
#  Out of Memory Error (os_windows.cpp:3331), pid=9180, tid=0x0000000000005b2c
#
# JRE version: OpenJDK Runtime Environment (8.0_141-b16) (build 1.8.0_141-2-redhat-b16)
# Java VM: OpenJDK 64-Bit Server VM (25.141-b16 mixed mode windows-amd64 compressed oops)
# Core dump written. Default location: c:\xampp\htdocs\Music\hs_err_pid9180.mdmp
#

---------------  T H R E A D  ---------------

Current thread (0x0000000017a80800):  VMThread [stack: 0x0000000017b50000,0x0000000017c50000] [id=23340]

Stack: [0x0000000017b50000,0x0000000017c50000]
[error occurred during error reporting (printing stack bounds), id 0xc0000005]

Native frames: (J=compiled Java code, j=interpreted, Vv=VM code, C=native code)

VM_Operation (0x0000000002c6d370): G1IncCollectionPause, mode: safepoint, requested by thread 0x0000000002b6d800


---------------  P R O C E S S  ---------------

Java Threads: ( => current thread )
  0x0000000018b74800 JavaThread "Worker-2" [_thread_blocked, id=50324, stack(0x000000001e0d0000,0x000000001e1d0000)]
  0x0000000018cbd000 JavaThread "pool-1-thread-1" [_thread_in_native, id=26876, stack(0x000000001bf00000,0x000000001c000000)]
  0x0000000018c17800 JavaThread "Java indexing" daemon [_thread_blocked, id=51244, stack(0x000000001bc00000,0x000000001bd00000)]
  0x00000000195b2000 JavaThread "Worker-1" [_thread_blocked, id=67008, stack(0x000000001b700000,0x000000001b800000)]
  0x00000000195df000 JavaThread "Worker-JM" [_thread_blocked, id=41320, stack(0x000000001b100000,0x000000001b200000)]
  0x00000000194f4800 JavaThread "Start Level: Equinox Container: bfa0b56e-6e3d-4048-9bb5-3f707db874d6" daemon [_thread_blocked, id=17720, stack(0x000000001ae00000,0x000000001af00000)]
  0x00000000194f3800 JavaThread "Framework Event Dispatcher: org.eclipse.osgi.internal.framework.EquinoxEventPublisher@5db45159" daemon [_thread_blocked, id=51272, stack(0x000000001ad00000,0x000000001ae00000)]
  0x0000000019a5d800 JavaThread "Active Thread: Equinox Container: bfa0b56e-6e3d-4048-9bb5-3f707db874d6" [_thread_blocked, id=26612, stack(0x0000000019c30000,0x0000000019d30000)]
  0x0000000017b28000 JavaThread "Service Thread" daemon [_thread_blocked, id=75812, stack(0x0000000018610000,0x0000000018710000)]
  0x0000000017b24800 JavaThread "C1 CompilerThread1" daemon [_thread_blocked, id=19328, stack(0x0000000018510000,0x0000000018610000)]
  0x0000000017b23000 JavaThread "C2 CompilerThread0" daemon [_thread_blocked, id=64252, stack(0x0000000018410000,0x0000000018510000)]
  0x0000000017b16000 JavaThread "Attach Listener" daemon [_thread_blocked, id=34196, stack(0x0000000018310000,0x0000000018410000)]
  0x0000000017b14800 JavaThread "Signal Dispatcher" daemon [_thread_blocked, id=32388, stack(0x0000000018210000,0x0000000018310000)]
  0x0000000017b13800 JavaThread "Surrogate Locker Thread (Concurrent GC)" daemon [_thread_blocked, id=5104, stack(0x0000000018110000,0x0000000018210000)]
  0x0000000017ab3800 JavaThread "Finalizer" daemon [_thread_blocked, id=47776, stack(0x0000000017f20000,0x0000000018020000)]
  0x0000000017aae000 JavaThread "Reference Handler" daemon [_thread_blocked, id=39472, stack(0x0000000017e20000,0x0000000017f20000)]
  0x0000000002b6d800 JavaThread "main" [_thread_blocked, id=56316, stack(0x0000000002b70000,0x0000000002c70000)]

Other Threads:
=>0x0000000017a80800 VMThread [stack: 0x0000000017b50000,0x0000000017c50000] [id=23340]
  0x0000000017b2a800 WatcherThread [stack: 0x0000000018710000,0x0000000018810000] [id=59384]

VM state:at safepoint (normal execution)

VM Mutex/Monitor currently owned by a thread:  ([mutex/lock_event])
[0x0000000002b6c2e0] FreeList_lock - owner thread: 0x0000000017a80800
[0x0000000002c71550] Threads_lock - owner thread: 0x0000000017a80800
[0x0000000002c716d0] Heap_lock - owner thread: 0x0000000002b6d800

Heap:
 garbage-first heap   total 369664K, used 276480K [0x00000000c0000000, 0x00000000c0100b48, 0x0000000100000000)
  region size 1024K, 166 young (169984K), 7 survivors (7168K)
 Metaspace       used 39705K, capacity 41456K, committed 41852K, reserved 1087488K
  class space    used 4059K, capacity 4681K, committed 4732K, reserved 1048576K

Heap Regions: (Y=young(eden), SU=young(survivor), HS=humongous(starts), HC=humongous(continues), CS=collection set, F=free, TS=gc time stamp, PTAMS=previous top-at-mark-start, NTAMS=next top-at-mark-start)
AC   0  O    TS     0 PTAMS 0x00000000c0100000 NTAMS 0x00000000c0100000 space 1024K, 100% used [0x00000000c0000000, 0x00000000c0100000)
AC   0  O    TS     1 PTAMS 0x00000000c0100000 NTAMS 0x00000000c0100000 space 1024K, 100% used [0x00000000c0100000, 0x00000000c0200000)
AC   0 HS    TS     0 PTAMS 0x00000000c0280010 NTAMS 0x00000000c0280010 space 1024K,  50% used [0x00000000c0200000, 0x00000000c0300000)
AC   0  O    TS     1 PTAMS 0x00000000c0300000 NTAMS 0x00000000c0300000 space 1024K, 100% used [0x00000000c0300000, 0x00000000c0400000)
AC   0  O    TS     1 PTAMS 0x00000000c0400000 NTAMS 0x00000000c0400000 space 1024K, 100% used [0x00000000c0400000, 0x00000000c0500000)
AC   0  O    TS     1 PTAMS 0x00000000c0500000 NTAMS 0x00000000c0500000 space 1024K, 100% used [0x00000000c0500000, 0x00000000c0600000)
AC   0  O    TS     0 PTAMS 0x00000000c0700000 NTAMS 0x00000000c0700000 space 1024K, 100% used [0x00000000c0600000, 0x00000000c0700000)
AC   0  O    TS     1 PTAMS 0x00000000c0700000 NTAMS 0x00000000c0700000 space 1024K, 100% used [0x00000000c0700000, 0x00000000c0800000)
AC   0  O    TS     0 PTAMS 0x00000000c0900000 NTAMS 0x00000000c0900000 space 1024K, 100% used [0x00000000c0800000, 0x00000000c0900000)
AC   0  O    TS     1 PTAMS 0x00000000c0900000 NTAMS 0x00000000c0900000 space 1024K, 100% used [0x00000000c0900000, 0x00000000c0a00000)
AC   0  O    TS     0 PTAMS 0x00000000c0b00000 NTAMS 0x00000000c0b00000 space 1024K, 100% used [0x00000000c0a00000, 0x00000000c0b00000)
AC   0  O    TS     1 PTAMS 0x00000000c0b00000 NTAMS 0x00000000c0b00000 space 1024K, 100% used [0x00000000c0b00000, 0x00000000c0c00000)
AC   0  O    TS     0 PTAMS 0x00000000c0d00000 NTAMS 0x00000000c0d00000 space 1024K, 100% used [0x00000000c0c00000, 0x00000000c0d00000)
AC   0  O    TS     0 PTAMS 0x00000000c0e00000 NTAMS 0x00000000c0e00000 space 1024K, 100% used [0x00000000c0d00000, 0x00000000c0e00000)
AC   0  O    TS     1 PTAMS 0x00000000c0e00000 NTAMS 0x00000000c0e00000 space 1024K, 100% used [0x00000000c0e00000, 0x00000000c0f00000)
AC   0  O    TS     0 PTAMS 0x00000000c1000000 NTAMS 0x00000000c1000000 space 1024K, 100% used [0x00000000c0f00000, 0x00000000c1000000)
AC   0  O    TS     0 PTAMS 0x00000000c1100000 NTAMS 0x00000000c1100000 space 1024K, 100% used [0x00000000c1000000, 0x00000000c1100000)
AC   0  O    TS     1 PTAMS 0x00000000c1100000 NTAMS 0x00000000c1100000 space 1024K, 100% used [0x00000000c1100000, 0x00000000c1200000)
AC   0  O    TS     0 PTAMS 0x00000000c1300000 NTAMS 0x00000000c1300000 space 1024K, 100% used [0x00000000c1200000, 0x00000000c1300000)
AC   0  O    TS     0 PTAMS 0x00000000c1400000 NTAMS 0x00000000c1400000 space 1024K, 100% used [0x00000000c1300000, 0x00000000c1400000)
AC   0  O    TS     0 PTAMS 0x00000000c1500000 NTAMS 0x00000000c1500000 space 1024K, 100% used [0x00000000c1400000, 0x00000000c1500000)
AC   0  O    TS     0 PTAMS 0x00000000c1600000 NTAMS 0x00000000c1600000 space 1024K, 100% used [0x00000000c1500000, 0x00000000c1600000)
AC   0  O    TS     0 PTAMS 0x00000000c1700000 NTAMS 0x00000000c1700000 space 1024K, 100% used [0x00000000c1600000, 0x00000000c1700000)
AC   0  O    TS     0 PTAMS 0x00000000c1800000 NTAMS 0x00000000c1800000 space 1024K, 100% used [0x00000000c1700000, 0x00000000c1800000)
AC   0  O    TS     1 PTAMS 0x00000000c1800000 NTAMS 0x00000000c1800000 space 1024K, 100% used [0x00000000c1800000, 0x00000000c1900000)
AC   0  O    TS     1 PTAMS 0x00000000c1900000 NTAMS 0x00000000c1900000 space 1024K, 100% used [0x00000000c1900000, 0x00000000c1a00000)
AC   0  O    TS     0 PTAMS 0x00000000c1b00000 NTAMS 0x00000000c1b00000 space 1024K, 100% used [0x00000000c1a00000, 0x00000000c1b00000)
AC   0  O    TS     1 PTAMS 0x00000000c1b00000 NTAMS 0x00000000c1b00000 space 1024K, 100% used [0x00000000c1b00000, 0x00000000c1c00000)
AC   0  O    TS     1 PTAMS 0x00000000c1c00000 NTAMS 0x00000000c1c00000 space 1024K, 100% used [0x00000000c1c00000, 0x00000000c1d00000)
AC   0  O    TS     1 PTAMS 0x00000000c1d00000 NTAMS 0x00000000c1d00000 space 1024K, 100% used [0x00000000c1d00000, 0x00000000c1e00000)
AC   0  O    TS     1 PTAMS 0x00000000c1e00000 NTAMS 0x00000000c1e00000 space 1024K, 100% used [0x00000000c1e00000, 0x00000000c1f00000)
AC   0  O    TS     1 PTAMS 0x00000000c1f00000 NTAMS 0x00000000c1f00000 space 1024K, 100% used [0x00000000c1f00000, 0x00000000c2000000)
AC   0  O    TS     1 PTAMS 0x00000000c2000000 NTAMS 0x00000000c2000000 space 1024K, 100% used [0x00000000c2000000, 0x00000000c2100000)
AC   0  O    TS     1 PTAMS 0x00000000c2100000 NTAMS 0x00000000c2100000 space 1024K, 100% used [0x00000000c2100000, 0x00000000c2200000)
AC   0  O    TS     1 PTAMS 0x00000000c2200000 NTAMS 0x00000000c2200000 space 1024K, 100% used [0x00000000c2200000, 0x00000000c2300000)
AC   0  O    TS     1 PTAMS 0x00000000c2300000 NTAMS 0x00000000c2300000 space 1024K, 100% used [0x00000000c2300000, 0x00000000c2400000)
AC   0  O    TS     0 PTAMS 0x00000000c2500000 NTAMS 0x00000000c2500000 space 1024K, 100% used [0x00000000c2400000, 0x00000000c2500000)
AC   0  O    TS     1 PTAMS 0x00000000c2500000 NTAMS 0x00000000c2500000 space 1024K, 100% used [0x00000000c2500000, 0x00000000c2600000)
AC   0  O    TS     1 PTAMS 0x00000000c2600000 NTAMS 0x00000000c2600000 space 1024K, 100% used [0x00000000c2600000, 0x00000000c2700000)
AC   0  O    TS     1 PTAMS 0x00000000c2700000 NTAMS 0x00000000c2700000 space 1024K, 100% used [0x00000000c2700000, 0x00000000c2800000)
AC   0  O    TS     1 PTAMS 0x00000000c2800000 NTAMS 0x00000000c2800000 space 1024K, 100% used [0x00000000c2800000, 0x00000000c2900000)
AC   0  O    TS     1 PTAMS 0x00000000c2900000 NTAMS 0x00000000c2900000 space 1024K, 100% used [0x00000000c2900000, 0x00000000c2a00000)
AC   0  O    TS     1 PTAMS 0x00000000c2a00000 NTAMS 0x00000000c2a00000 space 1024K, 100% used [0x00000000c2a00000, 0x00000000c2b00000)
AC   0  O    TS     1 PTAMS 0x00000000c2b00000 NTAMS 0x00000000c2b00000 space 1024K, 100% used [0x00000000c2b00000, 0x00000000c2c00000)
AC   0  O    TS     1 PTAMS 0x00000000c2c00000 NTAMS 0x00000000c2c00000 space 1024K, 100% used [0x00000000c2c00000, 0x00000000c2d00000)
AC   0  O    TS     1 PTAMS 0x00000000c2d00000 NTAMS 0x00000000c2d00000 space 1024K, 100% used [0x00000000c2d00000, 0x00000000c2e00000)
AC   0  O    TS     1 PTAMS 0x00000000c2e00000 NTAMS 0x00000000c2e00000 space 1024K, 100% used [0x00000000c2e00000, 0x00000000c2f00000)
AC   0  O    TS     1 PTAMS 0x00000000c2f00000 NTAMS 0x00000000c2f00000 space 1024K, 100% used [0x00000000c2f00000, 0x00000000c3000000)
AC   0  O    TS     1 PTAMS 0x00000000c3000000 NTAMS 0x00000000c3000000 space 1024K, 100% used [0x00000000c3000000, 0x00000000c3100000)
AC   0  O    TS     3 PTAMS 0x00000000c3100000 NTAMS 0x00000000c3100000 space 1024K, 100% used [0x00000000c3100000, 0x00000000c3200000)
AC   0  O    TS     3 PTAMS 0x00000000c3200000 NTAMS 0x00000000c3200000 space 1024K, 100% used [0x00000000c3200000, 0x00000000c3300000)
AC   0  O    TS     3 PTAMS 0x00000000c3300000 NTAMS 0x00000000c3300000 space 1024K, 100% used [0x00000000c3300000, 0x00000000c3400000)
AC   0  O    TS     3 PTAMS 0x00000000c3400000 NTAMS 0x00000000c3400000 space 1024K, 100% used [0x00000000c3400000, 0x00000000c3500000)
AC   0  O    TS     3 PTAMS 0x00000000c3500000 NTAMS 0x00000000c3500000 space 1024K, 100% used [0x00000000c3500000, 0x00000000c3600000)
AC   0  O    TS     3 PTAMS 0x00000000c3600000 NTAMS 0x00000000c3600000 space 1024K, 100% used [0x00000000c3600000, 0x00000000c3700000)
AC   0  O    TS     3 PTAMS 0x00000000c3700000 NTAMS 0x00000000c3700000 space 1024K, 100% used [0x00000000c3700000, 0x00000000c3800000)
AC   0  O    TS     0 PTAMS 0x00000000c3900000 NTAMS 0x00000000c3900000 space 1024K, 100% used [0x00000000c3800000, 0x00000000c3900000)
AC   0  O    TS     3 PTAMS 0x00000000c3900000 NTAMS 0x00000000c3900000 space 1024K, 100% used [0x00000000c3900000, 0x00000000c3a00000)
AC   0  O    TS     3 PTAMS 0x00000000c3a00000 NTAMS 0x00000000c3a00000 space 1024K, 100% used [0x00000000c3a00000, 0x00000000c3b00000)
AC   0  O    TS     3 PTAMS 0x00000000c3b00000 NTAMS 0x00000000c3b00000 space 1024K, 100% used [0x00000000c3b00000, 0x00000000c3c00000)
AC   0  O    TS     3 PTAMS 0x00000000c3c00000 NTAMS 0x00000000c3c00000 space 1024K, 100% used [0x00000000c3c00000, 0x00000000c3d00000)
AC   0  O    TS     3 PTAMS 0x00000000c3d00000 NTAMS 0x00000000c3d00000 space 1024K, 100% used [0x00000000c3d00000, 0x00000000c3e00000)
AC   0  O    TS     3 PTAMS 0x00000000c3e00000 NTAMS 0x00000000c3e00000 space 1024K, 100% used [0x00000000c3e00000, 0x00000000c3f00000)
AC   0  O    TS     3 PTAMS 0x00000000c3f00000 NTAMS 0x00000000c3f00000 space 1024K, 100% used [0x00000000c3f00000, 0x00000000c4000000)
AC   0  O    TS     3 PTAMS 0x00000000c4000000 NTAMS 0x00000000c4000000 space 1024K, 100% used [0x00000000c4000000, 0x00000000c4100000)
AC   0  O    TS     3 PTAMS 0x00000000c4100000 NTAMS 0x00000000c4100000 space 1024K, 100% used [0x00000000c4100000, 0x00000000c4200000)
AC   0  O    TS     3 PTAMS 0x00000000c4200000 NTAMS 0x00000000c4200000 space 1024K, 100% used [0x00000000c4200000, 0x00000000c4300000)
AC   0  O    TS     3 PTAMS 0x00000000c4300000 NTAMS 0x00000000c4300000 space 1024K, 100% used [0x00000000c4300000, 0x00000000c4400000)
AC   0  S    TS     3 PTAMS 0x00000000c4400000 NTAMS 0x00000000c4400000 space 1024K, 100% used [0x00000000c4400000, 0x00000000c4500000)
AC   0  S    TS     3 PTAMS 0x00000000c4500000 NTAMS 0x00000000c4500000 space 1024K, 100% used [0x00000000c4500000, 0x00000000c4600000)
AC   0  S    TS     3 PTAMS 0x00000000c4600000 NTAMS 0x00000000c4600000 space 1024K, 100% used [0x00000000c4600000, 0x00000000c4700000)
AC   0  O    TS     0 PTAMS 0x00000000c4800000 NTAMS 0x00000000c4800000 space 1024K, 100% used [0x00000000c4700000, 0x00000000c4800000)
AC   0  S    TS     3 PTAMS 0x00000000c4800000 NTAMS 0x00000000c4800000 space 1024K, 100% used [0x00000000c4800000, 0x00000000c4900000)
AC   0  S    TS     3 PTAMS 0x00000000c4900000 NTAMS 0x00000000c4900000 space 1024K, 100% used [0x00000000c4900000, 0x00000000c4a00000)
AC   0  S    TS     3 PTAMS 0x00000000c4a00000 NTAMS 0x00000000c4a00000 space 1024K, 100% used [0x00000000c4a00000, 0x00000000c4b00000)
AC   0  S    TS     3 PTAMS 0x00000000c4b00000 NTAMS 0x00000000c4b00000 space 1024K, 100% used [0x00000000c4b00000, 0x00000000c4c00000)
AC   0  S    TS     3 PTAMS 0x00000000c4c00000 NTAMS 0x00000000c4c00000 space 1024K, 100% used [0x00000000c4c00000, 0x00000000c4d00000)
AC   0  S    TS     3 PTAMS 0x00000000c4d00000 NTAMS 0x00000000c4d00000 space 1024K, 100% used [0x00000000c4d00000, 0x00000000c4e00000)
AC   0  S    TS     3 PTAMS 0x00000000c4e00000 NTAMS 0x00000000c4e00000 space 1024K, 100% used [0x00000000c4e00000, 0x00000000c4f00000)
AC   0  S    TS     3 PTAMS 0x00000000c4f00000 NTAMS 0x00000000c4f00000 space 1024K, 100% used [0x00000000c4f00000, 0x00000000c5000000)
AC   0  S    TS     3 PTAMS 0x00000000c5000000 NTAMS 0x00000000c5000000 space 1024K, 100% used [0x00000000c5000000, 0x00000000c5100000)
AC   0  S    TS     3 PTAMS 0x00000000c5100000 NTAMS 0x00000000c5100000 space 1024K, 100% used [0x00000000c5100000, 0x00000000c5200000)
AC   0  S    TS     3 PTAMS 0x00000000c5200000 NTAMS 0x00000000c5200000 space 1024K, 100% used [0x00000000c5200000, 0x00000000c5300000)
AC   0  S    TS     3 PTAMS 0x00000000c5300000 NTAMS 0x00000000c5300000 space 1024K, 100% used [0x00000000c5300000, 0x00000000c5400000)
AC   0  S    TS     3 PTAMS 0x00000000c5400000 NTAMS 0x00000000c5400000 space 1024K, 100% used [0x00000000c5400000, 0x00000000c5500000)
AC   0  S    TS     3 PTAMS 0x00000000c5500000 NTAMS 0x00000000c5500000 space 1024K, 100% used [0x00000000c5500000, 0x00000000c5600000)
AC   0  S    TS     3 PTAMS 0x00000000c5600000 NTAMS 0x00000000c5600000 space 1024K, 100% used [0x00000000c5600000, 0x00000000c5700000)
AC   0  S    TS     3 PTAMS 0x00000000c5700000 NTAMS 0x00000000c5700000 space 1024K, 100% used [0x00000000c5700000, 0x00000000c5800000)
AC   0  S    TS     3 PTAMS 0x00000000c5800000 NTAMS 0x00000000c5800000 space 1024K, 100% used [0x00000000c5800000, 0x00000000c5900000)
AC   0  O    TS     0 PTAMS 0x00000000c5a00000 NTAMS 0x00000000c5a00000 space 1024K, 100% used [0x00000000c5900000, 0x00000000c5a00000)
AC   0  O    TS     0 PTAMS 0x00000000c5b00000 NTAMS 0x00000000c5b00000 space 1024K, 100% used [0x00000000c5a00000, 0x00000000c5b00000)
AC   0  O    TS     0 PTAMS 0x00000000c5c00000 NTAMS 0x00000000c5c00000 space 1024K, 100% used [0x00000000c5b00000, 0x00000000c5c00000)
AC   0  O    TS     0 PTAMS 0x00000000c5d00000 NTAMS 0x00000000c5d00000 space 1024K, 100% used [0x00000000c5c00000, 0x00000000c5d00000)
AC   0  O    TS     0 PTAMS 0x00000000c5e00000 NTAMS 0x00000000c5e00000 space 1024K, 100% used [0x00000000c5d00000, 0x00000000c5e00000)
AC   0  O    TS     0 PTAMS 0x00000000c5f00000 NTAMS 0x00000000c5f00000 space 1024K, 100% used [0x00000000c5e00000, 0x00000000c5f00000)
AC   0  O    TS     0 PTAMS 0x00000000c6000000 NTAMS 0x00000000c6000000 space 1024K, 100% used [0x00000000c5f00000, 0x00000000c6000000)
AC   0  O    TS     0 PTAMS 0x00000000c6100000 NTAMS 0x00000000c6100000 space 1024K, 100% used [0x00000000c6000000, 0x00000000c6100000)
AC   0  O    TS     0 PTAMS 0x00000000c6200000 NTAMS 0x00000000c6200000 space 1024K, 100% used [0x00000000c6100000, 0x00000000c6200000)
AC   0  O    TS     0 PTAMS 0x00000000c6300000 NTAMS 0x00000000c6300000 space 1024K, 100% used [0x00000000c6200000, 0x00000000c6300000)
AC   0  O    TS     0 PTAMS 0x00000000c6400000 NTAMS 0x00000000c6400000 space 1024K, 100% used [0x00000000c6300000, 0x00000000c6400000)
AC   0  O    TS     0 PTAMS 0x00000000c6500000 NTAMS 0x00000000c6500000 space 1024K, 100% used [0x00000000c6400000, 0x00000000c6500000)
AC   0  O    TS     0 PTAMS 0x00000000c6600000 NTAMS 0x00000000c6600000 space 1024K, 100% used [0x00000000c6500000, 0x00000000c6600000)
AC   0  O    TS     0 PTAMS 0x00000000c6700000 NTAMS 0x00000000c6700000 space 1024K, 100% used [0x00000000c6600000, 0x00000000c6700000)
AC   0  O    TS     0 PTAMS 0x00000000c6800000 NTAMS 0x00000000c6800000 space 1024K, 100% used [0x00000000c6700000, 0x00000000c6800000)
AC   0  O    TS     0 PTAMS 0x00000000c6900000 NTAMS 0x00000000c6900000 space 1024K, 100% used [0x00000000c6800000, 0x00000000c6900000)
AC   0  O    TS     0 PTAMS 0x00000000c6a00000 NTAMS 0x00000000c6a00000 space 1024K, 100% used [0x00000000c6900000, 0x00000000c6a00000)
AC   0  O    TS     0 PTAMS 0x00000000c6b00000 NTAMS 0x00000000c6b00000 space 1024K, 100% used [0x00000000c6a00000, 0x00000000c6b00000)
AC   0  O    TS     0 PTAMS 0x00000000c6c00000 NTAMS 0x00000000c6c00000 space 1024K, 100% used [0x00000000c6b00000, 0x00000000c6c00000)
AC   0  O    TS     0 PTAMS 0x00000000c6d00000 NTAMS 0x00000000c6d00000 space 1024K, 100% used [0x00000000c6c00000, 0x00000000c6d00000)
AC   0  O    TS     0 PTAMS 0x00000000c6e00000 NTAMS 0x00000000c6e00000 space 1024K, 100% used [0x00000000c6d00000, 0x00000000c6e00000)
AC   0  O    TS     0 PTAMS 0x00000000c6f00000 NTAMS 0x00000000c6f00000 space 1024K, 100% used [0x00000000c6e00000, 0x00000000c6f00000)
AC   0  O    TS     0 PTAMS 0x00000000c7000000 NTAMS 0x00000000c7000000 space 1024K, 100% used [0x00000000c6f00000, 0x00000000c7000000)
AC   0  O    TS     0 PTAMS 0x00000000c7100000 NTAMS 0x00000000c7100000 space 1024K, 100% used [0x00000000c7000000, 0x00000000c7100000)
AC   0  O    TS     0 PTAMS 0x00000000c7200000 NTAMS 0x00000000c7200000 space 1024K, 100% used [0x00000000c7100000, 0x00000000c7200000)
AC   0  O    TS     0 PTAMS 0x00000000c7300000 NTAMS 0x00000000c7300000 space 1024K, 100% used [0x00000000c7200000, 0x00000000c7300000)
AC   0  O    TS     0 PTAMS 0x00000000c7400000 NTAMS 0x00000000c7400000 space 1024K, 100% used [0x00000000c7300000, 0x00000000c7400000)
AC   0  O    TS     0 PTAMS 0x00000000c7500000 NTAMS 0x00000000c7500000 space 1024K, 100% used [0x00000000c7400000, 0x00000000c7500000)
AC   0  O    TS     0 PTAMS 0x00000000c7600000 NTAMS 0x00000000c7600000 space 1024K, 100% used [0x00000000c7500000, 0x00000000c7600000)
AC   0  O    TS     0 PTAMS 0x00000000c7700000 NTAMS 0x00000000c7700000 space 1024K, 100% used [0x00000000c7600000, 0x00000000c7700000)
AC   0  O    TS     0 PTAMS 0x00000000c7800000 NTAMS 0x00000000c7800000 space 1024K, 100% used [0x00000000c7700000, 0x00000000c7800000)
AC   0  O    TS     0 PTAMS 0x00000000c7900000 NTAMS 0x00000000c7900000 space 1024K, 100% used [0x00000000c7800000, 0x00000000c7900000)
AC   0  S    TS     3 PTAMS 0x00000000c7900000 NTAMS 0x00000000c7900000 space 1024K, 100% used [0x00000000c7900000, 0x00000000c7a00000)
AC   0  E CS TS     0 PTAMS 0x00000000c7a00000 NTAMS 0x00000000c7a00000 space 1024K, 100% used [0x00000000c7a00000, 0x00000000c7b00000)
AC   0  E CS TS     0 PTAMS 0x00000000c7b00000 NTAMS 0x00000000c7b00000 space 1024K, 100% used [0x00000000c7b00000, 0x00000000c7c00000)
AC   0  E CS TS     0 PTAMS 0x00000000c7c00000 NTAMS 0x00000000c7c00000 space 1024K, 100% used [0x00000000c7c00000, 0x00000000c7d00000)
AC   0  E CS TS     0 PTAMS 0x00000000c7d00000 NTAMS 0x00000000c7d00000 space 1024K, 100% used [0x00000000c7d00000, 0x00000000c7e00000)
AC   0  E CS TS     0 PTAMS 0x00000000c7e00000 NTAMS 0x00000000c7e00000 space 1024K, 100% used [0x00000000c7e00000, 0x00000000c7f00000)
AC   0  E CS TS     0 PTAMS 0x00000000c7f00000 NTAMS 0x00000000c7f00000 space 1024K, 100% used [0x00000000c7f00000, 0x00000000c8000000)
AC   0  E CS TS     0 PTAMS 0x00000000c8000000 NTAMS 0x00000000c8000000 space 1024K, 100% used [0x00000000c8000000, 0x00000000c8100000)
AC   0  E CS TS     0 PTAMS 0x00000000c8100000 NTAMS 0x00000000c8100000 space 1024K, 100% used [0x00000000c8100000, 0x00000000c8200000)
AC   0  E CS TS     0 PTAMS 0x00000000c8200000 NTAMS 0x00000000c8200000 space 1024K, 100% used [0x00000000c8200000, 0x00000000c8300000)
AC   0  E CS TS     0 PTAMS 0x00000000c8300000 NTAMS 0x00000000c8300000 space 1024K, 100% used [0x00000000c8300000, 0x00000000c8400000)
AC   0  E CS TS     0 PTAMS 0x00000000c8400000 NTAMS 0x00000000c8400000 space 1024K, 100% used [0x00000000c8400000, 0x00000000c8500000)
AC   0  E CS TS     0 PTAMS 0x00000000c8500000 NTAMS 0x00000000c8500000 space 1024K, 100% used [0x00000000c8500000, 0x00000000c8600000)
AC   0  E CS TS     0 PTAMS 0x00000000c8600000 NTAMS 0x00000000c8600000 space 1024K, 100% used [0x00000000c8600000, 0x00000000c8700000)
AC   0  E CS TS     0 PTAMS 0x00000000c8700000 NTAMS 0x00000000c8700000 space 1024K, 100% used [0x00000000c8700000, 0x00000000c8800000)
AC   0  E CS TS     0 PTAMS 0x00000000c8800000 NTAMS 0x00000000c8800000 space 1024K, 100% used [0x00000000c8800000, 0x00000000c8900000)
AC   0  E CS TS     0 PTAMS 0x00000000c8900000 NTAMS 0x00000000c8900000 space 1024K, 100% used [0x00000000c8900000, 0x00000000c8a00000)
AC   0  E CS TS     0 PTAMS 0x00000000c8a00000 NTAMS 0x00000000c8a00000 space 1024K, 100% used [0x00000000c8a00000, 0x00000000c8b00000)
AC   0  E CS TS     0 PTAMS 0x00000000c8b00000 NTAMS 0x00000000c8b00000 space 1024K, 100% used [0x00000000c8b00000, 0x00000000c8c00000)
AC   0  E CS TS     0 PTAMS 0x00000000c8c00000 NTAMS 0x00000000c8c00000 space 1024K, 100% used [0x00000000c8c00000, 0x00000000c8d00000)
AC   0  E CS TS     0 PTAMS 0x00000000c8d00000 NTAMS 0x00000000c8d00000 space 1024K, 100% used [0x00000000c8d00000, 0x00000000c8e00000)
AC   0  E CS TS     0 PTAMS 0x00000000c8e00000 NTAMS 0x00000000c8e00000 space 1024K, 100% used [0x00000000c8e00000, 0x00000000c8f00000)
AC   0  E CS TS     0 PTAMS 0x00000000c8f00000 NTAMS 0x00000000c8f00000 space 1024K, 100% used [0x00000000c8f00000, 0x00000000c9000000)
AC   0  E CS TS     0 PTAMS 0x00000000c9000000 NTAMS 0x00000000c9000000 space 1024K, 100% used [0x00000000c9000000, 0x00000000c9100000)
AC   0  E CS TS     0 PTAMS 0x00000000c9100000 NTAMS 0x00000000c9100000 space 1024K, 100% used [0x00000000c9100000, 0x00000000c9200000)
AC   0  E CS TS     0 PTAMS 0x00000000c9200000 NTAMS 0x00000000c9200000 space 1024K, 100% used [0x00000000c9200000, 0x00000000c9300000)
AC   0  E CS TS     0 PTAMS 0x00000000c9300000 NTAMS 0x00000000c9300000 space 1024K, 100% used [0x00000000c9300000, 0x00000000c9400000)
AC   0  E CS TS     0 PTAMS 0x00000000c9400000 NTAMS 0x00000000c9400000 space 1024K, 100% used [0x00000000c9400000, 0x00000000c9500000)
AC   0  E CS TS     0 PTAMS 0x00000000c9500000 NTAMS 0x00000000c9500000 space 1024K, 100% used [0x00000000c9500000, 0x00000000c9600000)
AC   0  E CS TS     0 PTAMS 0x00000000c9600000 NTAMS 0x00000000c9600000 space 1024K, 100% used [0x00000000c9600000, 0x00000000c9700000)
AC   0  E CS TS     0 PTAMS 0x00000000c9700000 NTAMS 0x00000000c9700000 space 1024K, 100% used [0x00000000c9700000, 0x00000000c9800000)
AC   0  E CS TS     0 PTAMS 0x00000000c9800000 NTAMS 0x00000000c9800000 space 1024K, 100% used [0x00000000c9800000, 0x00000000c9900000)
AC   0  E CS TS     0 PTAMS 0x00000000c9900000 NTAMS 0x00000000c9900000 space 1024K, 100% used [0x00000000c9900000, 0x00000000c9a00000)
AC   0  E CS TS     0 PTAMS 0x00000000c9a00000 NTAMS 0x00000000c9a00000 space 1024K, 100% used [0x00000000c9a00000, 0x00000000c9b00000)
AC   0  E CS TS     0 PTAMS 0x00000000c9b00000 NTAMS 0x00000000c9b00000 space 1024K, 100% used [0x00000000c9b00000, 0x00000000c9c00000)
AC   0  E CS TS     0 PTAMS 0x00000000c9c00000 NTAMS 0x00000000c9c00000 space 1024K, 100% used [0x00000000c9c00000, 0x00000000c9d00000)
AC   0  E CS TS     0 PTAMS 0x00000000c9d00000 NTAMS 0x00000000c9d00000 space 1024K, 100% used [0x00000000c9d00000, 0x00000000c9e00000)
AC   0  E CS TS     0 PTAMS 0x00000000c9e00000 NTAMS 0x00000000c9e00000 space 1024K, 100% used [0x00000000c9e00000, 0x00000000c9f00000)
AC   0  E CS TS     0 PTAMS 0x00000000c9f00000 NTAMS 0x00000000c9f00000 space 1024K, 100% used [0x00000000c9f00000, 0x00000000ca000000)
AC   0  E CS TS     0 PTAMS 0x00000000ca000000 NTAMS 0x00000000ca000000 space 1024K, 100% used [0x00000000ca000000, 0x00000000ca100000)
AC   0  E CS TS     0 PTAMS 0x00000000ca100000 NTAMS 0x00000000ca100000 space 1024K, 100% used [0x00000000ca100000, 0x00000000ca200000)
AC   0  E CS TS     0 PTAMS 0x00000000ca200000 NTAMS 0x00000000ca200000 space 1024K, 100% used [0x00000000ca200000, 0x00000000ca300000)
AC   0  E CS TS     0 PTAMS 0x00000000ca300000 NTAMS 0x00000000ca300000 space 1024K, 100% used [0x00000000ca300000, 0x00000000ca400000)
AC   0  E CS TS     0 PTAMS 0x00000000ca400000 NTAMS 0x00000000ca400000 space 1024K, 100% used [0x00000000ca400000, 0x00000000ca500000)
AC   0  E CS TS     0 PTAMS 0x00000000ca500000 NTAMS 0x00000000ca500000 space 1024K, 100% used [0x00000000ca500000, 0x00000000ca600000)
AC   0  E CS TS     0 PTAMS 0x00000000ca600000 NTAMS 0x00000000ca600000 space 1024K, 100% used [0x00000000ca600000, 0x00000000ca700000)
AC   0  E CS TS     0 PTAMS 0x00000000ca700000 NTAMS 0x00000000ca700000 space 1024K, 100% used [0x00000000ca700000, 0x00000000ca800000)
AC   0  E CS TS     0 PTAMS 0x00000000ca800000 NTAMS 0x00000000ca800000 space 1024K, 100% used [0x00000000ca800000, 0x00000000ca900000)
AC   0  E CS TS     0 PTAMS 0x00000000ca900000 NTAMS 0x00000000ca900000 space 1024K, 100% used [0x00000000ca900000, 0x00000000caa00000)
AC   0  E CS TS     0 PTAMS 0x00000000caa00000 NTAMS 0x00000000caa00000 space 1024K, 100% used [0x00000000caa00000, 0x00000000cab00000)
AC   0  E CS TS     0 PTAMS 0x00000000cab00000 NTAMS 0x00000000cab00000 space 1024K, 100% used [0x00000000cab00000, 0x00000000cac00000)
AC   0  E CS TS     0 PTAMS 0x00000000cac00000 NTAMS 0x00000000cac00000 space 1024K, 100% used [0x00000000cac00000, 0x00000000cad00000)
AC   0  E CS TS     0 PTAMS 0x00000000cad00000 NTAMS 0x00000000cad00000 space 1024K, 100% used [0x00000000cad00000, 0x00000000cae00000)
AC   0  E CS TS     0 PTAMS 0x00000000cae00000 NTAMS 0x00000000cae00000 space 1024K, 100% used [0x00000000cae00000, 0x00000000caf00000)
AC   0  E CS TS     0 PTAMS 0x00000000caf00000 NTAMS 0x00000000caf00000 space 1024K, 100% used [0x00000000caf00000, 0x00000000cb000000)
AC   0  E CS TS     0 PTAMS 0x00000000cb000000 NTAMS 0x00000000cb000000 space 1024K, 100% used [0x00000000cb000000, 0x00000000cb100000)
AC   0  E CS TS     0 PTAMS 0x00000000cb100000 NTAMS 0x00000000cb100000 space 1024K, 100% used [0x00000000cb100000, 0x00000000cb200000)
AC   0  E CS TS     0 PTAMS 0x00000000cb200000 NTAMS 0x00000000cb200000 space 1024K, 100% used [0x00000000cb200000, 0x00000000cb300000)
AC   0  E CS TS     0 PTAMS 0x00000000cb300000 NTAMS 0x00000000cb300000 space 1024K, 100% used [0x00000000cb300000, 0x00000000cb400000)
AC   0  E CS TS     0 PTAMS 0x00000000cb400000 NTAMS 0x00000000cb400000 space 1024K, 100% used [0x00000000cb400000, 0x00000000cb500000)
AC   0  E CS TS     0 PTAMS 0x00000000cb500000 NTAMS 0x00000000cb500000 space 1024K, 100% used [0x00000000cb500000, 0x00000000cb600000)
AC   0  E CS TS     0 PTAMS 0x00000000cb600000 NTAMS 0x00000000cb600000 space 1024K, 100% used [0x00000000cb600000, 0x00000000cb700000)
AC   0  E CS TS     0 PTAMS 0x00000000cb700000 NTAMS 0x00000000cb700000 space 1024K, 100% used [0x00000000cb700000, 0x00000000cb800000)
AC   0  E CS TS     0 PTAMS 0x00000000cb800000 NTAMS 0x00000000cb800000 space 1024K, 100% used [0x00000000cb800000, 0x00000000cb900000)
AC   0  E CS TS     0 PTAMS 0x00000000cb900000 NTAMS 0x00000000cb900000 space 1024K, 100% used [0x00000000cb900000, 0x00000000cba00000)
AC   0  E CS TS     0 PTAMS 0x00000000cba00000 NTAMS 0x00000000cba00000 space 1024K, 100% used [0x00000000cba00000, 0x00000000cbb00000)
AC   0  E CS TS     0 PTAMS 0x00000000cbb00000 NTAMS 0x00000000cbb00000 space 1024K, 100% used [0x00000000cbb00000, 0x00000000cbc00000)
AC   0  E CS TS     0 PTAMS 0x00000000cbc00000 NTAMS 0x00000000cbc00000 space 1024K, 100% used [0x00000000cbc00000, 0x00000000cbd00000)
AC   0  E CS TS     0 PTAMS 0x00000000cbd00000 NTAMS 0x00000000cbd00000 space 1024K, 100% used [0x00000000cbd00000, 0x00000000cbe00000)
AC   0  E CS TS     0 PTAMS 0x00000000cbe00000 NTAMS 0x00000000cbe00000 space 1024K, 100% used [0x00000000cbe00000, 0x00000000cbf00000)
AC   0  E CS TS     0 PTAMS 0x00000000cbf00000 NTAMS 0x00000000cbf00000 space 1024K, 100% used [0x00000000cbf00000, 0x00000000cc000000)
AC   0  E CS TS     0 PTAMS 0x00000000cc000000 NTAMS 0x00000000cc000000 space 1024K, 100% used [0x00000000cc000000, 0x00000000cc100000)
AC   0  E CS TS     0 PTAMS 0x00000000cc100000 NTAMS 0x00000000cc100000 space 1024K, 100% used [0x00000000cc100000, 0x00000000cc200000)
AC   0  E CS TS     0 PTAMS 0x00000000cc200000 NTAMS 0x00000000cc200000 space 1024K, 100% used [0x00000000cc200000, 0x00000000cc300000)
AC   0  E CS TS     0 PTAMS 0x00000000cc300000 NTAMS 0x00000000cc300000 space 1024K, 100% used [0x00000000cc300000, 0x00000000cc400000)
AC   0  E CS TS     0 PTAMS 0x00000000cc400000 NTAMS 0x00000000cc400000 space 1024K, 100% used [0x00000000cc400000, 0x00000000cc500000)
AC   0  E CS TS     0 PTAMS 0x00000000cc500000 NTAMS 0x00000000cc500000 space 1024K, 100% used [0x00000000cc500000, 0x00000000cc600000)
AC   0  E CS TS     0 PTAMS 0x00000000cc600000 NTAMS 0x00000000cc600000 space 1024K, 100% used [0x00000000cc600000, 0x00000000cc700000)
AC   0  E CS TS     0 PTAMS 0x00000000cc700000 NTAMS 0x00000000cc700000 space 1024K, 100% used [0x00000000cc700000, 0x00000000cc800000)
AC   0  E CS TS     0 PTAMS 0x00000000cc800000 NTAMS 0x00000000cc800000 space 1024K, 100% used [0x00000000cc800000, 0x00000000cc900000)
AC   0  E CS TS     0 PTAMS 0x00000000cc900000 NTAMS 0x00000000cc900000 space 1024K, 100% used [0x00000000cc900000, 0x00000000cca00000)
AC   0  E CS TS     0 PTAMS 0x00000000cca00000 NTAMS 0x00000000cca00000 space 1024K, 100% used [0x00000000cca00000, 0x00000000ccb00000)
AC   0  E CS TS     0 PTAMS 0x00000000ccb00000 NTAMS 0x00000000ccb00000 space 1024K, 100% used [0x00000000ccb00000, 0x00000000ccc00000)
AC   0  E CS TS     0 PTAMS 0x00000000ccc00000 NTAMS 0x00000000ccc00000 space 1024K, 100% used [0x00000000ccc00000, 0x00000000ccd00000)
AC   0  E CS TS     0 PTAMS 0x00000000ccd00000 NTAMS 0x00000000ccd00000 space 1024K, 100% used [0x00000000ccd00000, 0x00000000cce00000)
AC   0  E CS TS     0 PTAMS 0x00000000cce00000 NTAMS 0x00000000cce00000 space 1024K, 100% used [0x00000000cce00000, 0x00000000ccf00000)
AC   0  E CS TS     0 PTAMS 0x00000000ccf00000 NTAMS 0x00000000ccf00000 space 1024K, 100% used [0x00000000ccf00000, 0x00000000cd000000)
AC   0  E CS TS     0 PTAMS 0x00000000cd000000 NTAMS 0x00000000cd000000 space 1024K, 100% used [0x00000000cd000000, 0x00000000cd100000)
AC   0  E CS TS     0 PTAMS 0x00000000cd100000 NTAMS 0x00000000cd100000 space 1024K, 100% used [0x00000000cd100000, 0x00000000cd200000)
AC   0  E CS TS     0 PTAMS 0x00000000cd200000 NTAMS 0x00000000cd200000 space 1024K, 100% used [0x00000000cd200000, 0x00000000cd300000)
AC   0  E CS TS     0 PTAMS 0x00000000cd300000 NTAMS 0x00000000cd300000 space 1024K, 100% used [0x00000000cd300000, 0x00000000cd400000)
AC   0  E CS TS     0 PTAMS 0x00000000cd400000 NTAMS 0x00000000cd400000 space 1024K, 100% used [0x00000000cd400000, 0x00000000cd500000)
AC   0  E CS TS     0 PTAMS 0x00000000cd500000 NTAMS 0x00000000cd500000 space 1024K, 100% used [0x00000000cd500000, 0x00000000cd600000)
AC   0  E CS TS     0 PTAMS 0x00000000cd600000 NTAMS 0x00000000cd600000 space 1024K, 100% used [0x00000000cd600000, 0x00000000cd700000)
AC   0  E CS TS     0 PTAMS 0x00000000cd700000 NTAMS 0x00000000cd700000 space 1024K, 100% used [0x00000000cd700000, 0x00000000cd800000)
AC   0  E CS TS     0 PTAMS 0x00000000cd800000 NTAMS 0x00000000cd800000 space 1024K, 100% used [0x00000000cd800000, 0x00000000cd900000)
AC   0  E CS TS     0 PTAMS 0x00000000cd900000 NTAMS 0x00000000cd900000 space 1024K, 100% used [0x00000000cd900000, 0x00000000cda00000)
AC   0  E CS TS     0 PTAMS 0x00000000cda00000 NTAMS 0x00000000cda00000 space 1024K, 100% used [0x00000000cda00000, 0x00000000cdb00000)
AC   0  E CS TS     0 PTAMS 0x00000000cdb00000 NTAMS 0x00000000cdb00000 space 1024K, 100% used [0x00000000cdb00000, 0x00000000cdc00000)
AC   0  E CS TS     0 PTAMS 0x00000000cdc00000 NTAMS 0x00000000cdc00000 space 1024K, 100% used [0x00000000cdc00000, 0x00000000cdd00000)
AC   0  E CS TS     0 PTAMS 0x00000000cdd00000 NTAMS 0x00000000cdd00000 space 1024K, 100% used [0x00000000cdd00000, 0x00000000cde00000)
AC   0  E CS TS     0 PTAMS 0x00000000cde00000 NTAMS 0x00000000cde00000 space 1024K, 100% used [0x00000000cde00000, 0x00000000cdf00000)
AC   0  E CS TS     0 PTAMS 0x00000000cdf00000 NTAMS 0x00000000cdf00000 space 1024K, 100% used [0x00000000cdf00000, 0x00000000ce000000)
AC   0  E CS TS     0 PTAMS 0x00000000ce000000 NTAMS 0x00000000ce000000 space 1024K, 100% used [0x00000000ce000000, 0x00000000ce100000)
AC   0  E CS TS     0 PTAMS 0x00000000ce100000 NTAMS 0x00000000ce100000 space 1024K, 100% used [0x00000000ce100000, 0x00000000ce200000)
AC   0  E CS TS     0 PTAMS 0x00000000ce200000 NTAMS 0x00000000ce200000 space 1024K, 100% used [0x00000000ce200000, 0x00000000ce300000)
AC   0  E CS TS     0 PTAMS 0x00000000ce300000 NTAMS 0x00000000ce300000 space 1024K, 100% used [0x00000000ce300000, 0x00000000ce400000)
AC   0  E CS TS     0 PTAMS 0x00000000ce400000 NTAMS 0x00000000ce400000 space 1024K, 100% used [0x00000000ce400000, 0x00000000ce500000)
AC   0  E CS TS     0 PTAMS 0x00000000ce500000 NTAMS 0x00000000ce500000 space 1024K, 100% used [0x00000000ce500000, 0x00000000ce600000)
AC   0  E CS TS     0 PTAMS 0x00000000ce600000 NTAMS 0x00000000ce600000 space 1024K, 100% used [0x00000000ce600000, 0x00000000ce700000)
AC   0  E CS TS     0 PTAMS 0x00000000ce700000 NTAMS 0x00000000ce700000 space 1024K, 100% used [0x00000000ce700000, 0x00000000ce800000)
AC   0  E CS TS     0 PTAMS 0x00000000ce800000 NTAMS 0x00000000ce800000 space 1024K, 100% used [0x00000000ce800000, 0x00000000ce900000)
AC   0  E CS TS     0 PTAMS 0x00000000ce900000 NTAMS 0x00000000ce900000 space 1024K, 100% used [0x00000000ce900000, 0x00000000cea00000)
AC   0  E CS TS     0 PTAMS 0x00000000cea00000 NTAMS 0x00000000cea00000 space 1024K, 100% used [0x00000000cea00000, 0x00000000ceb00000)
AC   0  E CS TS     0 PTAMS 0x00000000ceb00000 NTAMS 0x00000000ceb00000 space 1024K, 100% used [0x00000000ceb00000, 0x00000000cec00000)
AC   0  E CS TS     0 PTAMS 0x00000000cec00000 NTAMS 0x00000000cec00000 space 1024K, 100% used [0x00000000cec00000, 0x00000000ced00000)
AC   0  E CS TS     0 PTAMS 0x00000000ced00000 NTAMS 0x00000000ced00000 space 1024K, 100% used [0x00000000ced00000, 0x00000000cee00000)
AC   0  E CS TS     0 PTAMS 0x00000000cee00000 NTAMS 0x00000000cee00000 space 1024K, 100% used [0x00000000cee00000, 0x00000000cef00000)
AC   0  E CS TS     0 PTAMS 0x00000000cef00000 NTAMS 0x00000000cef00000 space 1024K, 100% used [0x00000000cef00000, 0x00000000cf000000)
AC   0  E CS TS     0 PTAMS 0x00000000cf000000 NTAMS 0x00000000cf000000 space 1024K, 100% used [0x00000000cf000000, 0x00000000cf100000)
AC   0  E CS TS     0 PTAMS 0x00000000cf100000 NTAMS 0x00000000cf100000 space 1024K, 100% used [0x00000000cf100000, 0x00000000cf200000)
AC   0  E CS TS     0 PTAMS 0x00000000cf200000 NTAMS 0x00000000cf200000 space 1024K, 100% used [0x00000000cf200000, 0x00000000cf300000)
AC   0  E CS TS     0 PTAMS 0x00000000cf300000 NTAMS 0x00000000cf300000 space 1024K, 100% used [0x00000000cf300000, 0x00000000cf400000)
AC   0  E CS TS     0 PTAMS 0x00000000cf400000 NTAMS 0x00000000cf400000 space 1024K, 100% used [0x00000000cf400000, 0x00000000cf500000)
AC   0  E CS TS     0 PTAMS 0x00000000cf500000 NTAMS 0x00000000cf500000 space 1024K, 100% used [0x00000000cf500000, 0x00000000cf600000)
AC   0  E CS TS     0 PTAMS 0x00000000cf600000 NTAMS 0x00000000cf600000 space 1024K, 100% used [0x00000000cf600000, 0x00000000cf700000)
AC   0  E CS TS     0 PTAMS 0x00000000cf700000 NTAMS 0x00000000cf700000 space 1024K, 100% used [0x00000000cf700000, 0x00000000cf800000)
AC   0  E CS TS     0 PTAMS 0x00000000cf800000 NTAMS 0x00000000cf800000 space 1024K, 100% used [0x00000000cf800000, 0x00000000cf900000)
AC   0  E CS TS     0 PTAMS 0x00000000cf900000 NTAMS 0x00000000cf900000 space 1024K, 100% used [0x00000000cf900000, 0x00000000cfa00000)
AC   0  E CS TS     0 PTAMS 0x00000000cfa00000 NTAMS 0x00000000cfa00000 space 1024K, 100% used [0x00000000cfa00000, 0x00000000cfb00000)
AC   0  E CS TS     0 PTAMS 0x00000000cfb00000 NTAMS 0x00000000cfb00000 space 1024K, 100% used [0x00000000cfb00000, 0x00000000cfc00000)
AC   0  E CS TS     0 PTAMS 0x00000000cfc00000 NTAMS 0x00000000cfc00000 space 1024K, 100% used [0x00000000cfc00000, 0x00000000cfd00000)
AC   0  E CS TS     0 PTAMS 0x00000000cfd00000 NTAMS 0x00000000cfd00000 space 1024K, 100% used [0x00000000cfd00000, 0x00000000cfe00000)
AC   0  E CS TS     0 PTAMS 0x00000000cfe00000 NTAMS 0x00000000cfe00000 space 1024K, 100% used [0x00000000cfe00000, 0x00000000cff00000)
AC   0  E CS TS     0 PTAMS 0x00000000cff00000 NTAMS 0x00000000cff00000 space 1024K, 100% used [0x00000000cff00000, 0x00000000d0000000)
AC   0  E CS TS     0 PTAMS 0x00000000d0000000 NTAMS 0x00000000d0000000 space 1024K, 100% used [0x00000000d0000000, 0x00000000d0100000)
AC   0  E CS TS     0 PTAMS 0x00000000d0100000 NTAMS 0x00000000d0100000 space 1024K, 100% used [0x00000000d0100000, 0x00000000d0200000)
AC   0  E CS TS     0 PTAMS 0x00000000d0200000 NTAMS 0x00000000d0200000 space 1024K, 100% used [0x00000000d0200000, 0x00000000d0300000)
AC   0  E CS TS     0 PTAMS 0x00000000d0300000 NTAMS 0x00000000d0300000 space 1024K, 100% used [0x00000000d0300000, 0x00000000d0400000)
AC   0  E CS TS     0 PTAMS 0x00000000d0400000 NTAMS 0x00000000d0400000 space 1024K, 100% used [0x00000000d0400000, 0x00000000d0500000)
AC   0  E CS TS     0 PTAMS 0x00000000d0500000 NTAMS 0x00000000d0500000 space 1024K, 100% used [0x00000000d0500000, 0x00000000d0600000)
AC   0  E CS TS     0 PTAMS 0x00000000d0600000 NTAMS 0x00000000d0600000 space 1024K, 100% used [0x00000000d0600000, 0x00000000d0700000)
AC   0  E CS TS     0 PTAMS 0x00000000d0700000 NTAMS 0x00000000d0700000 space 1024K, 100% used [0x00000000d0700000, 0x00000000d0800000)
AC   0  E CS TS     0 PTAMS 0x00000000d0800000 NTAMS 0x00000000d0800000 space 1024K, 100% used [0x00000000d0800000, 0x00000000d0900000)
AC   0  E CS TS     0 PTAMS 0x00000000d0900000 NTAMS 0x00000000d0900000 space 1024K, 100% used [0x00000000d0900000, 0x00000000d0a00000)
AC   0  E CS TS     0 PTAMS 0x00000000d0a00000 NTAMS 0x00000000d0a00000 space 1024K, 100% used [0x00000000d0a00000, 0x00000000d0b00000)
AC   0  E CS TS     0 PTAMS 0x00000000d0b00000 NTAMS 0x00000000d0b00000 space 1024K, 100% used [0x00000000d0b00000, 0x00000000d0c00000)
AC   0  E CS TS     0 PTAMS 0x00000000d0c00000 NTAMS 0x00000000d0c00000 space 1024K, 100% used [0x00000000d0c00000, 0x00000000d0d00000)
AC   0  E CS TS     0 PTAMS 0x00000000d0d00000 NTAMS 0x00000000d0d00000 space 1024K, 100% used [0x00000000d0d00000, 0x00000000d0e00000)
AC   0  E CS TS     0 PTAMS 0x00000000d0e00000 NTAMS 0x00000000d0e00000 space 1024K, 100% used [0x00000000d0e00000, 0x00000000d0f00000)
AC   0  E CS TS     0 PTAMS 0x00000000d0f00000 NTAMS 0x00000000d0f00000 space 1024K, 100% used [0x00000000d0f00000, 0x00000000d1000000)
AC   0  E CS TS     0 PTAMS 0x00000000d1000000 NTAMS 0x00000000d1000000 space 1024K, 100% used [0x00000000d1000000, 0x00000000d1100000)
AC   0  E CS TS     0 PTAMS 0x00000000d1100000 NTAMS 0x00000000d1100000 space 1024K, 100% used [0x00000000d1100000, 0x00000000d1200000)
AC   0  E CS TS     0 PTAMS 0x00000000d1200000 NTAMS 0x00000000d1200000 space 1024K, 100% used [0x00000000d1200000, 0x00000000d1300000)
AC   0  E CS TS     0 PTAMS 0x00000000d1300000 NTAMS 0x00000000d1300000 space 1024K, 100% used [0x00000000d1300000, 0x00000000d1400000)
AC   0  E CS TS     0 PTAMS 0x00000000d1400000 NTAMS 0x00000000d1400000 space 1024K, 100% used [0x00000000d1400000, 0x00000000d1500000)
AC   0  E CS TS     0 PTAMS 0x00000000d1500000 NTAMS 0x00000000d1500000 space 1024K, 100% used [0x00000000d1500000, 0x00000000d1600000)
AC   0  E CS TS     0 PTAMS 0x00000000d1600000 NTAMS 0x00000000d1600000 space 1024K, 100% used [0x00000000d1600000, 0x00000000d1700000)
AC   0  E CS TS     0 PTAMS 0x00000000d1700000 NTAMS 0x00000000d1700000 space 1024K, 100% used [0x00000000d1700000, 0x00000000d1800000)
AC   0  E CS TS     0 PTAMS 0x00000000d1800000 NTAMS 0x00000000d1800000 space 1024K, 100% used [0x00000000d1800000, 0x00000000d1900000)
AC   0  E CS TS     1 PTAMS 0x00000000d1900000 NTAMS 0x00000000d1900000 space 1024K, 100% used [0x00000000d1900000, 0x00000000d1a00000)
AC   0  E CS TS     1 PTAMS 0x00000000d1a00000 NTAMS 0x00000000d1a00000 space 1024K, 100% used [0x00000000d1a00000, 0x00000000d1b00000)
AC   0  E CS TS     1 PTAMS 0x00000000d1b00000 NTAMS 0x00000000d1b00000 space 1024K, 100% used [0x00000000d1b00000, 0x00000000d1c00000)
AC   0  E CS TS     1 PTAMS 0x00000000d1c00000 NTAMS 0x00000000d1c00000 space 1024K, 100% used [0x00000000d1c00000, 0x00000000d1d00000)
AC   0  E CS TS     1 PTAMS 0x00000000d1d00000 NTAMS 0x00000000d1d00000 space 1024K, 100% used [0x00000000d1d00000, 0x00000000d1e00000)
AC   0  E CS TS     1 PTAMS 0x00000000d1e00000 NTAMS 0x00000000d1e00000 space 1024K, 100% used [0x00000000d1e00000, 0x00000000d1f00000)
AC   0  E CS TS     1 PTAMS 0x00000000d1f00000 NTAMS 0x00000000d1f00000 space 1024K, 100% used [0x00000000d1f00000, 0x00000000d2000000)
AC   0  O    TS     0 PTAMS 0x00000000d2100000 NTAMS 0x00000000d2100000 space 1024K, 100% used [0x00000000d2000000, 0x00000000d2100000)
AC   0  O    TS     0 PTAMS 0x00000000d2200000 NTAMS 0x00000000d2200000 space 1024K, 100% used [0x00000000d2100000, 0x00000000d2200000)
AC   0  O    TS     0 PTAMS 0x00000000d2300000 NTAMS 0x00000000d2300000 space 1024K, 100% used [0x00000000d2200000, 0x00000000d2300000)
AC   0  O    TS     0 PTAMS 0x00000000d2400000 NTAMS 0x00000000d2400000 space 1024K, 100% used [0x00000000d2300000, 0x00000000d2400000)
AC   0  O    TS     0 PTAMS 0x00000000d2500000 NTAMS 0x00000000d2500000 space 1024K, 100% used [0x00000000d2400000, 0x00000000d2500000)
AC   0  O    TS     0 PTAMS 0x00000000d2600000 NTAMS 0x00000000d2600000 space 1024K, 100% used [0x00000000d2500000, 0x00000000d2600000)
AC   0  O    TS     0 PTAMS 0x00000000d2700000 NTAMS 0x00000000d2700000 space 1024K, 100% used [0x00000000d2600000, 0x00000000d2700000)
AC   0  O    TS     0 PTAMS 0x00000000d2800000 NTAMS 0x00000000d2800000 space 1024K, 100% used [0x00000000d2700000, 0x00000000d2800000)
AC   0  O    TS     0 PTAMS 0x00000000d2900000 NTAMS 0x00000000d2900000 space 1024K, 100% used [0x00000000d2800000, 0x00000000d2900000)
AC   0  O    TS     0 PTAMS 0x00000000d2a00000 NTAMS 0x00000000d2a00000 space 1024K, 100% used [0x00000000d2900000, 0x00000000d2a00000)
AC   0  O    TS     0 PTAMS 0x00000000d2b00000 NTAMS 0x00000000d2b00000 space 1024K, 100% used [0x00000000d2a00000, 0x00000000d2b00000)
AC   0  O    TS     0 PTAMS 0x00000000d2c00000 NTAMS 0x00000000d2c00000 space 1024K, 100% used [0x00000000d2b00000, 0x00000000d2c00000)
AC   0  O    TS     0 PTAMS 0x00000000d2d00000 NTAMS 0x00000000d2d00000 space 1024K, 100% used [0x00000000d2c00000, 0x00000000d2d00000)
AC   0  O    TS     0 PTAMS 0x00000000d2e00000 NTAMS 0x00000000d2e00000 space 1024K, 100% used [0x00000000d2d00000, 0x00000000d2e00000)
AC   0  O    TS     0 PTAMS 0x00000000d2f00000 NTAMS 0x00000000d2f00000 space 1024K, 100% used [0x00000000d2e00000, 0x00000000d2f00000)
AC   0  O    TS     0 PTAMS 0x00000000d3000000 NTAMS 0x00000000d3000000 space 1024K, 100% used [0x00000000d2f00000, 0x00000000d3000000)
AC   0  O    TS     0 PTAMS 0x00000000d3100000 NTAMS 0x00000000d3100000 space 1024K, 100% used [0x00000000d3000000, 0x00000000d3100000)
AC   0  O    TS     0 PTAMS 0x00000000d3200000 NTAMS 0x00000000d3200000 space 1024K, 100% used [0x00000000d3100000, 0x00000000d3200000)
AC   0  O    TS     0 PTAMS 0x00000000d3300000 NTAMS 0x00000000d3300000 space 1024K, 100% used [0x00000000d3200000, 0x00000000d3300000)
AC   0  O    TS     0 PTAMS 0x00000000d3400000 NTAMS 0x00000000d3400000 space 1024K, 100% used [0x00000000d3300000, 0x00000000d3400000)
AC   0  O    TS     0 PTAMS 0x00000000d3500000 NTAMS 0x00000000d3500000 space 1024K, 100% used [0x00000000d3400000, 0x00000000d3500000)
AC   0  O    TS     3 PTAMS 0x00000000d3500000 NTAMS 0x00000000d3500000 space 1024K, 100% used [0x00000000d3500000, 0x00000000d3600000)
AC   0  O    TS     3 PTAMS 0x00000000d3600000 NTAMS 0x00000000d3600000 space 1024K, 100% used [0x00000000d3600000, 0x00000000d3700000)
AC   0  O    TS     3 PTAMS 0x00000000d3700000 NTAMS 0x00000000d3700000 space 1024K, 100% used [0x00000000d3700000, 0x00000000d3800000)
AC   0  O    TS     3 PTAMS 0x00000000d3800000 NTAMS 0x00000000d3800000 space 1024K, 100% used [0x00000000d3800000, 0x00000000d3900000)
AC   0  O    TS     3 PTAMS 0x00000000d3900000 NTAMS 0x00000000d3900000 space 1024K, 100% used [0x00000000d3900000, 0x00000000d3a00000)
AC   0  O    TS     3 PTAMS 0x00000000d3a00000 NTAMS 0x00000000d3a00000 space 1024K, 100% used [0x00000000d3a00000, 0x00000000d3b00000)
AC   0  O    TS     3 PTAMS 0x00000000d3b00000 NTAMS 0x00000000d3b00000 space 1024K, 100% used [0x00000000d3b00000, 0x00000000d3c00000)
AC   0  O    TS     3 PTAMS 0x00000000d3c00000 NTAMS 0x00000000d3c00000 space 1024K, 100% used [0x00000000d3c00000, 0x00000000d3d00000)
AC   0  O    TS     3 PTAMS 0x00000000d3d00000 NTAMS 0x00000000d3d00000 space 1024K, 100% used [0x00000000d3d00000, 0x00000000d3e00000)
AC   0  O    TS     3 PTAMS 0x00000000d3e00000 NTAMS 0x00000000d3e00000 space 1024K, 100% used [0x00000000d3e00000, 0x00000000d3f00000)
AC   0  O    TS     3 PTAMS 0x00000000d3f00000 NTAMS 0x00000000d3f00000 space 1024K, 100% used [0x00000000d3f00000, 0x00000000d4000000)
AC   0  O    TS     3 PTAMS 0x00000000d4000000 NTAMS 0x00000000d4000000 space 1024K, 100% used [0x00000000d4000000, 0x00000000d4100000)
AC   0  O    TS     3 PTAMS 0x00000000d4100000 NTAMS 0x00000000d4100000 space 1024K, 100% used [0x00000000d4100000, 0x00000000d4200000)
AC   0  O    TS     3 PTAMS 0x00000000d4200000 NTAMS 0x00000000d4200000 space 1024K, 100% used [0x00000000d4200000, 0x00000000d4300000)
AC   0  O    TS     3 PTAMS 0x00000000d4300000 NTAMS 0x00000000d4300000 space 1024K, 100% used [0x00000000d4300000, 0x00000000d4400000)
AC   0  O    TS     3 PTAMS 0x00000000d4400000 NTAMS 0x00000000d4400000 space 1024K, 100% used [0x00000000d4400000, 0x00000000d4500000)
AC   0  O    TS     3 PTAMS 0x00000000d4500000 NTAMS 0x00000000d4500000 space 1024K, 100% used [0x00000000d4500000, 0x00000000d4600000)
AC   0  O    TS     3 PTAMS 0x00000000d4600000 NTAMS 0x00000000d4600000 space 1024K, 100% used [0x00000000d4600000, 0x00000000d4700000)
AC   0  O    TS     3 PTAMS 0x00000000d4700000 NTAMS 0x00000000d4700000 space 1024K, 100% used [0x00000000d4700000, 0x00000000d4800000)
AC   0  O    TS     3 PTAMS 0x00000000d4800000 NTAMS 0x00000000d4800000 space 1024K, 100% used [0x00000000d4800000, 0x00000000d4900000)
AC   0  O    TS     3 PTAMS 0x00000000d4900000 NTAMS 0x00000000d4900000 space 1024K, 100% used [0x00000000d4900000, 0x00000000d4a00000)
AC   0  O    TS     3 PTAMS 0x00000000d4a00000 NTAMS 0x00000000d4a00000 space 1024K, 100% used [0x00000000d4a00000, 0x00000000d4b00000)
AC   0  O    TS     3 PTAMS 0x00000000d4b00000 NTAMS 0x00000000d4b00000 space 1024K, 100% used [0x00000000d4b00000, 0x00000000d4c00000)
AC   0  O    TS     3 PTAMS 0x00000000d4c00000 NTAMS 0x00000000d4c00000 space 1024K, 100% used [0x00000000d4c00000, 0x00000000d4d00000)
AC   0  O    TS     3 PTAMS 0x00000000d4d00000 NTAMS 0x00000000d4d00000 space 1024K, 100% used [0x00000000d4d00000, 0x00000000d4e00000)
AC   0  O    TS     3 PTAMS 0x00000000d4e00000 NTAMS 0x00000000d4e00000 space 1024K, 100% used [0x00000000d4e00000, 0x00000000d4f00000)
AC   0  O    TS     3 PTAMS 0x00000000d4f00000 NTAMS 0x00000000d4f00000 space 1024K, 100% used [0x00000000d4f00000, 0x00000000d5000000)
AC   0  O    TS     3 PTAMS 0x00000000d5000000 NTAMS 0x00000000d5000000 space 1024K, 100% used [0x00000000d5000000, 0x00000000d5100000)
AC   0  O    TS     3 PTAMS 0x00000000d5100000 NTAMS 0x00000000d5100000 space 1024K, 100% used [0x00000000d5100000, 0x00000000d5200000)
AC   0  O    TS     3 PTAMS 0x00000000d5200000 NTAMS 0x00000000d5200000 space 1024K, 100% used [0x00000000d5200000, 0x00000000d5300000)
AC   0  O    TS     3 PTAMS 0x00000000d5300000 NTAMS 0x00000000d5300000 space 1024K, 100% used [0x00000000d5300000, 0x00000000d5400000)
AC   0  O    TS     3 PTAMS 0x00000000d5400000 NTAMS 0x00000000d5400000 space 1024K, 100% used [0x00000000d5400000, 0x00000000d5500000)
AC   0  O    TS     3 PTAMS 0x00000000d5500000 NTAMS 0x00000000d5500000 space 1024K, 100% used [0x00000000d5500000, 0x00000000d5600000)
AC   0  O    TS     3 PTAMS 0x00000000d5600000 NTAMS 0x00000000d5600000 space 1024K, 100% used [0x00000000d5600000, 0x00000000d5700000)
AC   0  O    TS     3 PTAMS 0x00000000d5700000 NTAMS 0x00000000d5700000 space 1024K, 100% used [0x00000000d5700000, 0x00000000d5800000)
AC   0  O    TS     3 PTAMS 0x00000000d5800000 NTAMS 0x00000000d5800000 space 1024K, 100% used [0x00000000d5800000, 0x00000000d5900000)
AC   0  O    TS     3 PTAMS 0x00000000d5900000 NTAMS 0x00000000d5900000 space 1024K, 100% used [0x00000000d5900000, 0x00000000d5a00000)
AC   0  O    TS     3 PTAMS 0x00000000d5a00000 NTAMS 0x00000000d5a00000 space 1024K, 100% used [0x00000000d5a00000, 0x00000000d5b00000)
AC   0  O    TS     3 PTAMS 0x00000000d5b00000 NTAMS 0x00000000d5b00000 space 1024K, 100% used [0x00000000d5b00000, 0x00000000d5c00000)
AC   0  O    TS     3 PTAMS 0x00000000d5c00000 NTAMS 0x00000000d5c00000 space 1024K, 100% used [0x00000000d5c00000, 0x00000000d5d00000)
AC   0  O    TS     3 PTAMS 0x00000000d5d00000 NTAMS 0x00000000d5d00000 space 1024K, 100% used [0x00000000d5d00000, 0x00000000d5e00000)
AC   0  O    TS     3 PTAMS 0x00000000d5e00000 NTAMS 0x00000000d5e00000 space 1024K, 100% used [0x00000000d5e00000, 0x00000000d5f00000)
AC   0  O    TS     3 PTAMS 0x00000000d5f00000 NTAMS 0x00000000d5f00000 space 1024K, 100% used [0x00000000d5f00000, 0x00000000d6000000)
AC   0  O    TS     3 PTAMS 0x00000000d6000000 NTAMS 0x00000000d6000000 space 1024K, 100% used [0x00000000d6000000, 0x00000000d6100000)
AC   0  O    TS     3 PTAMS 0x00000000d6100000 NTAMS 0x00000000d6100000 space 1024K, 100% used [0x00000000d6100000, 0x00000000d6200000)
AC   0  O    TS     3 PTAMS 0x00000000d6200000 NTAMS 0x00000000d6200000 space 1024K, 100% used [0x00000000d6200000, 0x00000000d6300000)
AC   0  O    TS     3 PTAMS 0x00000000d6300000 NTAMS 0x00000000d6300000 space 1024K, 100% used [0x00000000d6300000, 0x00000000d6400000)
AC   0  O    TS     3 PTAMS 0x00000000d6400000 NTAMS 0x00000000d6400000 space 1024K, 100% used [0x00000000d6400000, 0x00000000d6500000)
AC   0  O    TS     3 PTAMS 0x00000000d6500000 NTAMS 0x00000000d6500000 space 1024K, 100% used [0x00000000d6500000, 0x00000000d6600000)
AC   0  O    TS     3 PTAMS 0x00000000d6600000 NTAMS 0x00000000d6600000 space 1024K, 100% used [0x00000000d6600000, 0x00000000d6700000)
AC   0  O    TS     3 PTAMS 0x00000000d6700000 NTAMS 0x00000000d6700000 space 1024K, 100% used [0x00000000d6700000, 0x00000000d6800000)

Card table byte_map: [0x0000000012940000,0x0000000012b40000] byte_map_base: 0x0000000012340000

Marking Bits (Prev, Next): (CMBitMap*) 0x0000000002c99d28, (CMBitMap*) 0x0000000002c99d80
 Prev Bits: [0x0000000012d40000, 0x0000000013d40000)
 Next Bits: [0x0000000013d40000, 0x0000000014d40000)

Polling page: 0x0000000000f00000

CodeCache: size=245760Kb used=10174Kb max_used=10174Kb free=235585Kb
 bounds [0x0000000002d70000, 0x0000000003780000, 0x0000000011d70000]
 total_blobs=3590 nmethods=3055 adapters=448
 compilation: enabled

Compilation events (10 events):
Event: 38144.790 Thread 0x0000000017b24800 3601       1       org.eclipse.core.internal.utils.StringPool::getSavedStringCount (5 bytes)
Event: 38144.790 Thread 0x0000000017b24800 nmethod 3601 0x0000000002f62690 code [0x0000000002f627e0, 0x0000000002f628f0]
Event: 38367.009 Thread 0x0000000017b24800 3602       1       java.util.concurrent.ThreadPoolExecutor::beforeExecute (1 bytes)
Event: 38367.010 Thread 0x0000000017b24800 nmethod 3602 0x0000000002f623d0 code [0x0000000002f62520, 0x0000000002f62630]
Event: 38397.019 Thread 0x0000000017b24800 3603       1       java.util.concurrent.ThreadPoolExecutor::afterExecute (1 bytes)
Event: 38397.019 Thread 0x0000000017b24800 nmethod 3603 0x0000000002f62110 code [0x0000000002f62260, 0x0000000002f62370]
Event: 43544.128 Thread 0x0000000017b24800 3604   !   3       org.eclipse.core.internal.jobs.JobManager::endJob (187 bytes)
Event: 43544.130 Thread 0x0000000017b24800 nmethod 3604 0x000000000376d950 code [0x000000000376dc60, 0x000000000376f7d0]
Event: 45344.179 Thread 0x0000000017b24800 3605       3       org.eclipse.core.internal.jobs.JobQueue::canOvertake (69 bytes)
Event: 45344.179 Thread 0x0000000017b24800 nmethod 3605 0x0000000003425310 code [0x00000000034254c0, 0x0000000003425ca0]

GC Heap History (10 events):
Event: 24890.176 GC heap after
Heap after GC invocations=37 (full 0):
 garbage-first heap   total 221184K, used 160768K [0x00000000c0000000, 0x00000000c01006c0, 0x0000000100000000)
  region size 1024K, 8 young (8192K), 8 survivors (8192K)
 Metaspace       used 39695K, capacity 41456K, committed 41852K, reserved 1087488K
  class space    used 4059K, capacity 4681K, committed 4732K, reserved 1048576K
}
Event: 26676.206 GC heap before
{Heap before GC invocations=38 (full 0):
 garbage-first heap   total 221184K, used 91136K [0x00000000c0000000, 0x00000000c01006c0, 0x0000000100000000)
  region size 1024K, 36 young (36864K), 8 survivors (8192K)
 Metaspace       used 39698K, capacity 41456K, committed 41852K, reserved 1087488K
  class space    used 4059K, capacity 4681K, committed 4732K, reserved 1048576K
Event: 26676.220 GC heap after
Heap after GC invocations=39 (full 0):
 garbage-first heap   total 221184K, used 80896K [0x00000000c0000000, 0x00000000c01006c0, 0x0000000100000000)
  region size 1024K, 5 young (5120K), 5 survivors (5120K)
 Metaspace       used 39698K, capacity 41456K, committed 41852K, reserved 1087488K
  class space    used 4059K, capacity 4681K, committed 4732K, reserved 1048576K
}
Event: 33644.527 GC heap before
{Heap before GC invocations=39 (full 0):
 garbage-first heap   total 221184K, used 192512K [0x00000000c0000000, 0x00000000c01006c0, 0x0000000100000000)
  region size 1024K, 114 young (116736K), 5 survivors (5120K)
 Metaspace       used 39700K, capacity 41456K, committed 41852K, reserved 1087488K
  class space    used 4059K, capacity 4681K, committed 4732K, reserved 1048576K
Event: 33644.592 GC heap after
Heap after GC invocations=40 (full 0):
 garbage-first heap   total 295936K, used 178176K [0x00000000c0000000, 0x00000000c0100908, 0x0000000100000000)
  region size 1024K, 15 young (15360K), 15 survivors (15360K)
 Metaspace       used 39700K, capacity 41456K, committed 41852K, reserved 1087488K
  class space    used 4059K, capacity 4681K, committed 4732K, reserved 1048576K
}
Event: 38128.832 GC heap before
{Heap before GC invocations=40 (full 0):
 garbage-first heap   total 295936K, used 249856K [0x00000000c0000000, 0x00000000c0100908, 0x0000000100000000)
  region size 1024K, 85 young (87040K), 15 survivors (15360K)
 Metaspace       used 39704K, capacity 41456K, committed 41852K, reserved 1087488K
  class space    used 4059K, capacity 4681K, committed 4732K, reserved 1048576K
Event: 38128.870 GC heap after
Heap after GC invocations=41 (full 0):
 garbage-first heap   total 316416K, used 228864K [0x00000000c0000000, 0x00000000c01009a8, 0x0000000100000000)
  region size 1024K, 11 young (11264K), 11 survivors (11264K)
 Metaspace       used 39704K, capacity 41456K, committed 41852K, reserved 1087488K
  class space    used 4059K, capacity 4681K, committed 4732K, reserved 1048576K
}
Event: 40884.369 GC heap before
{Heap before GC invocations=42 (full 0):
 garbage-first heap   total 316416K, used 128512K [0x00000000c0000000, 0x00000000c01009a8, 0x0000000100000000)
  region size 1024K, 54 young (55296K), 11 survivors (11264K)
 Metaspace       used 39704K, capacity 41456K, committed 41852K, reserved 1087488K
  class space    used 4059K, capacity 4681K, committed 4732K, reserved 1048576K
Event: 40884.390 GC heap after
Heap after GC invocations=43 (full 0):
 garbage-first heap   total 316416K, used 113664K [0x00000000c0000000, 0x00000000c01009a8, 0x0000000100000000)
  region size 1024K, 7 young (7168K), 7 survivors (7168K)
 Metaspace       used 39704K, capacity 41456K, committed 41852K, reserved 1087488K
  class space    used 4059K, capacity 4681K, committed 4732K, reserved 1048576K
}
Event: 51125.544 GC heap before
{Heap before GC invocations=43 (full 0):
 garbage-first heap   total 316416K, used 276480K [0x00000000c0000000, 0x00000000c01009a8, 0x0000000100000000)
  region size 1024K, 166 young (169984K), 7 survivors (7168K)
 Metaspace       used 39705K, capacity 41456K, committed 41852K, reserved 1087488K
  class space    used 4059K, capacity 4681K, committed 4732K, reserved 1048576K

Deoptimization events (10 events):
Event: 370.438 Thread 0x00000000195b2000 Uncommon trap: reason=bimorphic action=maybe_recompile pc=0x00000000032ac96c method=java.io.DataOutputStream.write([BII)V @ 7
Event: 370.438 Thread 0x00000000195b2000 Uncommon trap: reason=bimorphic action=maybe_recompile pc=0x00000000032ac96c method=java.io.DataOutputStream.write([BII)V @ 7
Event: 370.461 Thread 0x00000000195b2000 Uncommon trap: reason=bimorphic action=maybe_recompile pc=0x0000000003214644 method=java.io.DataOutputStream.writeByte(I)V @ 5
Event: 370.461 Thread 0x00000000195b2000 Uncommon trap: reason=bimorphic action=maybe_recompile pc=0x0000000003214644 method=java.io.DataOutputStream.writeByte(I)V @ 5
Event: 370.461 Thread 0x00000000195b2000 Uncommon trap: reason=bimorphic action=maybe_recompile pc=0x0000000003214644 method=java.io.DataOutputStream.writeByte(I)V @ 5
Event: 370.462 Thread 0x00000000195b2000 Uncommon trap: reason=bimorphic action=maybe_recompile pc=0x0000000003214644 method=java.io.DataOutputStream.writeByte(I)V @ 5
Event: 370.475 Thread 0x00000000195b2000 Uncommon trap: reason=bimorphic action=maybe_recompile pc=0x000000000336a0e8 method=java.io.DataOutputStream.writeShort(I)V @ 12
Event: 370.475 Thread 0x00000000195b2000 Uncommon trap: reason=bimorphic action=maybe_recompile pc=0x000000000336a0e8 method=java.io.DataOutputStream.writeShort(I)V @ 12
Event: 370.475 Thread 0x00000000195b2000 Uncommon trap: reason=bimorphic action=maybe_recompile pc=0x000000000336a0e8 method=java.io.DataOutputStream.writeShort(I)V @ 12
Event: 2628.843 Thread 0x0000000017aae000 Uncommon trap: reason=unstable_if action=reinterpret pc=0x00000000031e4bf4 method=java.lang.ref.Reference.tryHandlePending(Z)Z @ 20

Internal exceptions (10 events):
Event: 70.683 Thread 0x00000000195b2000 Exception <a 'java/lang/NullPointerException'> (0x00000000c3191368) thrown at [C:\cygwin64\tmp\ojdkbuild\lookaside\java-1.8.0-openjdk\hotspot\src\share\vm\interpreter\linkResolver.cpp, line 1197]
Event: 70.683 Thread 0x00000000195b2000 Exception <a 'java/lang/NullPointerException'> (0x00000000c3191580) thrown at [C:\cygwin64\tmp\ojdkbuild\lookaside\java-1.8.0-openjdk\hotspot\src\share\vm\interpreter\linkResolver.cpp, line 1197]
Event: 71.123 Thread 0x000000001acfd800 Exception <a 'java/lang/ArrayIndexOutOfBoundsException': 841> (0x00000000c3010110) thrown at [C:\cygwin64\tmp\ojdkbuild\lookaside\java-1.8.0-openjdk\hotspot\src\share\vm\interpreter\interpreterRuntime.cpp, line 369]
Event: 71.584 Thread 0x000000001acfd800 Exception <a 'java/io/FileNotFoundException'> (0x00000000c2ef39b8) thrown at [C:\cygwin64\tmp\ojdkbuild\lookaside\java-1.8.0-openjdk\hotspot\src\share\vm\prims\jni.cpp, line 709]
Event: 71.585 Thread 0x000000001acfd800 Implicit null exception at 0x00000000033218d3 to 0x000000000332196e
Event: 72.189 Thread 0x0000000018b5e800 Exception <a 'sun/nio/fs/WindowsException'> (0x00000000c2ec61d8) thrown at [C:\cygwin64\tmp\ojdkbuild\lookaside\java-1.8.0-openjdk\hotspot\src\share\vm\prims\jni.cpp, line 709]
Event: 72.190 Thread 0x0000000018b5e800 Exception <a 'sun/nio/fs/WindowsException'> (0x00000000c2ec8f18) thrown at [C:\cygwin64\tmp\ojdkbuild\lookaside\java-1.8.0-openjdk\hotspot\src\share\vm\prims\jni.cpp, line 709]
Event: 72.727 Thread 0x0000000018b5e800 Exception <a 'sun/nio/fs/WindowsException'> (0x00000000c2ed6fc8) thrown at [C:\cygwin64\tmp\ojdkbuild\lookaside\java-1.8.0-openjdk\hotspot\src\share\vm\prims\jni.cpp, line 709]
Event: 72.727 Thread 0x0000000018b5e800 Exception <a 'sun/nio/fs/WindowsException'> (0x00000000c2ed8b08) thrown at [C:\cygwin64\tmp\ojdkbuild\lookaside\java-1.8.0-openjdk\hotspot\src\share\vm\prims\jni.cpp, line 709]
Event: 370.459 Thread 0x00000000195b2000 Exception <a 'java/io/FileNotFoundException'> (0x00000000c3591818) thrown at [C:\cygwin64\tmp\ojdkbuild\lookaside\java-1.8.0-openjdk\hotspot\src\share\vm\prims\jni.cpp, line 709]

Events (10 events):
Event: 40884.392 Executing VM operation: RevokeBias done
Event: 40884.392 Executing VM operation: RevokeBias
Event: 40884.392 Executing VM operation: RevokeBias done
Event: 40884.392 Executing VM operation: RevokeBias
Event: 40884.392 Executing VM operation: RevokeBias done
Event: 40884.392 Executing VM operation: RevokeBias
Event: 40884.392 Executing VM operation: RevokeBias done
Event: 40884.392 Executing VM operation: BulkRevokeBias
Event: 40884.392 Executing VM operation: BulkRevokeBias done
Event: 51125.544 Executing VM operation: G1IncCollectionPause


Dynamic libraries:
0x00007ff7c0a60000 - 0x00007ff7c0aa3000 	C:\Program Files\RedHat\java-1.8.0-openjdk-1.8.0.141-2\bin\java.exe
0x00007ffc84940000 - 0x00007ffc84b12000 	C:\Windows\SYSTEM32\ntdll.dll
0x00007ffc84010000 - 0x00007ffc840bc000 	C:\Windows\System32\KERNEL32.DLL
0x00007ffc81cb0000 - 0x00007ffc81ecd000 	C:\Windows\System32\KERNELBASE.dll
0x00007ffc845b0000 - 0x00007ffc84652000 	C:\Windows\System32\ADVAPI32.dll
0x00007ffc83770000 - 0x00007ffc8380e000 	C:\Windows\System32\msvcrt.dll
0x00007ffc83e80000 - 0x00007ffc83ed9000 	C:\Windows\System32\sechost.dll
0x00007ffc83ee0000 - 0x00007ffc84001000 	C:\Windows\System32\RPCRT4.dll
0x00007ffc838c0000 - 0x00007ffc83a25000 	C:\Windows\System32\USER32.dll
0x00007ffc81970000 - 0x00007ffc8198e000 	C:\Windows\System32\win32u.dll
0x00007ffc83b90000 - 0x00007ffc83bc4000 	C:\Windows\System32\GDI32.dll
0x00007ffc81680000 - 0x00007ffc81800000 	C:\Windows\System32\gdi32full.dll
0x00007ffc781a0000 - 0x00007ffc7841a000 	C:\Windows\WinSxS\amd64_microsoft.windows.common-controls_6595b64144ccf1df_6.0.14393.953_none_42151e83c686086b\COMCTL32.dll
0x00007ffc84660000 - 0x00007ffc84928000 	C:\Windows\System32\combase.dll
0x00007ffc81520000 - 0x00007ffc81615000 	C:\Windows\System32\ucrtbase.dll
0x00007ffc81800000 - 0x00007ffc8186a000 	C:\Windows\System32\bcryptPrimitives.dll
0x00007ffc75eb0000 - 0x00007ffc75eca000 	C:\Program Files\RedHat\java-1.8.0-openjdk-1.8.0.141-2\bin\ojdkbuild_zlib.dll
0x00007ffc82070000 - 0x00007ffc8209e000 	C:\Windows\System32\IMM32.DLL
0x000000005db50000 - 0x000000005dc22000 	C:\Program Files\RedHat\java-1.8.0-openjdk-1.8.0.141-2\jre\bin\msvcr100.dll
0x000000005d2e0000 - 0x000000005db44000 	C:\Program Files\RedHat\java-1.8.0-openjdk-1.8.0.141-2\jre\bin\server\jvm.dll
0x00007ffc83830000 - 0x00007ffc83838000 	C:\Windows\System32\PSAPI.DLL
0x00007ffc78720000 - 0x00007ffc78729000 	C:\Windows\SYSTEM32\WSOCK32.dll
0x00007ffc83840000 - 0x00007ffc838aa000 	C:\Windows\System32\WS2_32.dll
0x00007ffc7f000000 - 0x00007ffc7f023000 	C:\Windows\SYSTEM32\WINMM.dll
0x00007ffc76370000 - 0x00007ffc7637a000 	C:\Windows\SYSTEM32\VERSION.dll
0x00007ffc7efa0000 - 0x00007ffc7efcb000 	C:\Windows\SYSTEM32\WINMMBASE.dll
0x00007ffc81920000 - 0x00007ffc81962000 	C:\Windows\System32\cfgmgr32.dll
0x00007ffc78cf0000 - 0x00007ffc78cff000 	C:\Program Files\RedHat\java-1.8.0-openjdk-1.8.0.141-2\jre\bin\verify.dll
0x00007ffc73aa0000 - 0x00007ffc73ac9000 	C:\Program Files\RedHat\java-1.8.0-openjdk-1.8.0.141-2\jre\bin\java.dll
0x00007ffc74170000 - 0x00007ffc7417b000 	C:\Program Files\RedHat\java-1.8.0-openjdk-1.8.0.141-2\jre\bin\zip.dll
0x00007ffc82260000 - 0x00007ffc83768000 	C:\Windows\System32\SHELL32.dll
0x00007ffc80e40000 - 0x00007ffc8151a000 	C:\Windows\System32\windows.storage.dll
0x00007ffc80df0000 - 0x00007ffc80e3c000 	C:\Windows\System32\powrprof.dll
0x00007ffc84550000 - 0x00007ffc845a2000 	C:\Windows\System32\shlwapi.dll
0x00007ffc80dc0000 - 0x00007ffc80dcf000 	C:\Windows\System32\kernel.appcore.dll
0x00007ffc81870000 - 0x00007ffc81919000 	C:\Windows\System32\shcore.dll
0x00007ffc80dd0000 - 0x00007ffc80de4000 	C:\Windows\System32\profapi.dll
0x00007ffc80820000 - 0x00007ffc80837000 	C:\Windows\SYSTEM32\CRYPTSP.dll
0x00007ffc80280000 - 0x00007ffc802b3000 	C:\Windows\system32\rsaenh.dll
0x00007ffc80d00000 - 0x00007ffc80d2b000 	C:\Windows\SYSTEM32\bcrypt.dll
0x00007ffc80500000 - 0x00007ffc8051f000 	C:\Windows\SYSTEM32\USERENV.dll
0x00007ffc80ce0000 - 0x00007ffc80ceb000 	C:\Windows\SYSTEM32\CRYPTBASE.dll
0x00007ffc68970000 - 0x00007ffc6898a000 	C:\Program Files\RedHat\java-1.8.0-openjdk-1.8.0.141-2\jre\bin\net.dll
0x00007ffc80680000 - 0x00007ffc806dc000 	C:\Windows\system32\mswsock.dll
0x00007ffc80400000 - 0x00007ffc80438000 	C:\Windows\SYSTEM32\IPHLPAPI.DLL
0x00007ffc838b0000 - 0x00007ffc838b8000 	C:\Windows\System32\NSI.dll
0x00007ffc79e60000 - 0x00007ffc79e76000 	C:\Windows\SYSTEM32\dhcpcsvc6.DLL
0x00007ffc79c00000 - 0x00007ffc79c1a000 	C:\Windows\SYSTEM32\dhcpcsvc.DLL
0x00007ffc683a0000 - 0x00007ffc683b1000 	C:\Program Files\RedHat\java-1.8.0-openjdk-1.8.0.141-2\jre\bin\nio.dll
0x0000000072000000 - 0x0000000072012000 	C:\Users\tadmin\.vscode\extensions\redhat.java-0.11.0\server\config_win\org.eclipse.equinox.launcher\org.eclipse.equinox.launcher.win32.win32.x86_64_1.1.500.v20170531-1133\eclipse_1624.dll
0x00007ffc75b50000 - 0x00007ffc75ce2000 	C:\Windows\system32\DBGHELP.DLL
0x00007ffc74ea0000 - 0x00007ffc74ec9000 	C:\Windows\SYSTEM32\dbgcore.DLL

VM Arguments:
jvm_args: -Declipse.application=org.eclipse.jdt.ls.core.id1 -Dosgi.bundles.defaultStartLevel=4 -Declipse.product=org.eclipse.jdt.ls.core.product -Xverify:none -Xmx1G -XX:+UseG1GC -XX:+UseStringDeduplication 
java_command: C:\Users\tadmin\.vscode\extensions\redhat.java-0.11.0\server\plugins\org.eclipse.equinox.launcher_1.4.0.v20161219-1356.jar -configuration C:\Users\tadmin\.vscode\extensions\redhat.java-0.11.0\server\config_win -data C:\Users\tadmin\AppData\Roaming\Code\User\workspaceStorage\1a944f911d0ce48606f5f694230cb09f\redhat.java\jdt_ws
java_class_path (initial): C:\Users\tadmin\.vscode\extensions\redhat.java-0.11.0\server\plugins\org.eclipse.equinox.launcher_1.4.0.v20161219-1356.jar
Launcher Type: SUN_STANDARD

Environment Variables:
PATH=C:\ProgramData\Oracle\Java\javapath;C:\Program Files\Microsoft MPI\Bin\;C:\Windows\system32;C:\Windows;C:\Windows\System32\Wbem;C:\Windows\System32\WindowsPowerShell\v1.0\;C:\Program Files (x86)\Microsoft SQL Server\130\Tools\Binn\;C:\Program Files\Microsoft SQL Server\130\Tools\Binn\;C:\Program Files (x86)\Microsoft SQL Server\130\DTS\Binn\;C:\Program Files\Microsoft SQL Server\130\DTS\Binn\;C:\Program Files\Microsoft SQL Server\Client SDK\ODBC\130\Tools\Binn\;C:\Program Files (x86)\Microsoft SQL Server\Client SDK\ODBC\130\Tools\Binn\;C:\Program Files (x86)\Microsoft SQL Server\140\Tools\Binn\;C:\Program Files (x86)\Microsoft SQL Server\140\DTS\Binn\;C:\Program Files (x86)\Microsoft SQL Server\140\Tools\Binn\ManagementStudio\;C:\Program Files\RedHat\java-1.8.0-openjdk-1.8.0.141-2\bin;C:\Program Files\nodejs\;C:\java\bin;C:\Users\tadmin\AppData\Local\Microsoft\WindowsApps;C:\Program Files (x86)\Microsoft VS Code\bin;C:\Users\tadmin\AppData\Roaming\npm
USERNAME=tadmin
OS=Windows_NT
PROCESSOR_IDENTIFIER=Intel64 Family 6 Model 63 Stepping 2, GenuineIntel



---------------  S Y S T E M  ---------------

OS: Windows 10.0 , 64 bit Build 14393 (10.0.14393.1198)

CPU:total 1 (initial active 1) (1 cores per cpu, 1 threads per core) family 6 model 63 stepping 2, cmov, cx8, fxsr, mmx, sse, sse2, sse3, ssse3, sse4.1, sse4.2, popcnt, avx, avx2, aes, clmul, erms, lzcnt, tsc, bmi1, bmi2

Memory: 4k page, physical 3669556k(407260k free), swap 4586920k(152128k free)

vm_info: OpenJDK 64-Bit Server VM (25.141-b16) for windows-amd64 JRE (1.8.0_141-2-redhat-b16), built on Jul 25 2017 10:47:25 by "build" with MS VC++ 10.0 (VS2010)

time: Mon Oct 09 03:40:08 2017
elapsed time: 51157 seconds (0d 14h 12m 37s)

